============================= test session starts ==============================
platform linux -- Python 3.8.0, pytest-6.2.2, py-1.10.0, pluggy-0.13.1
rootdir: /dc-app-performance-toolkit/app
plugins: apiritif-0.9.6
collected 14 items

selenium_ui/jira_ui.py first driver inits
1612745717862,493,selenium_login:open_login_page,Success,True
1612745720196,2334,selenium_login:login_and_view_dashboard,Success,True
1612745720197,2828,selenium_login,Success,True
.test_0_selenium_a_login,Total:1 Passed:1 Failed:0
1612745720733,526,selenium_browse_projects_list,Success,True
.test_1_selenium_browse_projects_list,Total:2 Passed:2 Failed:0
1612745723962,3227,selenium_browse_boards_list,Success,True
.test_1_selenium_browse_boards_list,Total:3 Passed:3 Failed:0
1612745725040,1069,selenium_create_issue:open_quick_create,Success,True
1612745726812,1118,selenium_create_issue:fill_and_submit_issue_form:submit_issue_form,Success,True
1612745726812,1771,selenium_create_issue:fill_and_submit_issue_form,Success,True
1612745726812,2841,selenium_create_issue,Success,True
.test_1_selenium_create_issue,Total:4 Passed:4 Failed:0
1612745728008,1187,selenium_edit_issue:open_edit_issue_form,Success,True
1612745729136,607,selenium_edit_issue:save_edit_issue_form,Success,True
1612745729136,2316,selenium_edit_issue,Success,True
.test_1_selenium_edit_issue,Total:5 Passed:5 Failed:0
1612745729513,375,selenium_save_comment:open_comment_form,Success,True
1612745731345,1682,selenium_save_comment:submit_form,Success,True
1612745731345,2207,selenium_save_comment,Success,True
.test_1_selenium_save_comment,Total:6 Passed:6 Failed:0
1612745734025,2679,selenium_search_jql,Success,True
.test_1_selenium_search_jql,Total:7 Passed:7 Failed:0
1612745737224,3197,selenium_view_scrum_board_backlog,Success,True
.test_1_selenium_view_backlog_for_scrum_board,Total:8 Passed:8 Failed:0
1612745739687,2461,selenium_view_scrum_board,Success,True
.test_1_selenium_view_scrum_board,Total:9 Passed:9 Failed:0
1612745740465,777,selenium_view_kanban_board,Success,True
.test_1_selenium_view_kanban_board,Total:10 Passed:10 Failed:0
1612745740969,501,selenium_view_dashboard,Success,True
.test_1_selenium_view_dashboard,Total:11 Passed:11 Failed:0
1612745741597,627,selenium_view_issue,Success,True
.test_1_selenium_view_issue,Total:12 Passed:12 Failed:0
1612745743289,1690,selenium_project_summary,Success,True
.test_1_selenium_view_project_summary,Total:13 Passed:13 Failed:0
1612745743665,374,selenium_log_out,Success,True
.test_2_selenium_z_log_out,Total:14 Passed:14 Failed:0


=============================== warnings summary ===============================
../../usr/local/lib/python3.8/dist-packages/_pytest/config/__init__.py:1114
  /usr/local/lib/python3.8/dist-packages/_pytest/config/__init__.py:1114: PytestAssertRewriteWarning: Module already imported so cannot be rewritten: apiritif
    self._mark_plugins_for_rewrite(hook)

../../usr/local/lib/python3.8/dist-packages/urllib3/connectionpool.py:1013
  /usr/local/lib/python3.8/dist-packages/urllib3/connectionpool.py:1013: InsecureRequestWarning: Unverified HTTPS request is being made to host 'smarthandler-datacenter-certification-test.test.forty8fiftylabs.ninja'. Adding certificate verification is strongly advised. See: https://urllib3.readthedocs.io/en/latest/advanced-usage.html#ssl-warnings
    warnings.warn(

-- Docs: https://docs.pytest.org/en/stable/warnings.html
======================= 14 passed, 2 warnings in 27.58s ========================
============================= test session starts ==============================
platform linux -- Python 3.8.0, pytest-6.2.2, py-1.10.0, pluggy-0.13.1
rootdir: /dc-app-performance-toolkit/app
plugins: apiritif-0.9.6
collected 14 items

selenium_ui/jira_ui.py get driver from global
1612745743822,105,selenium_login:open_login_page,Success,True
1612745744277,454,selenium_login:login_and_view_dashboard,Success,True
1612745744277,560,selenium_login,Success,True
.test_0_selenium_a_login,Total:15 Passed:15 Failed:0
1612745744572,281,selenium_browse_projects_list,Success,True
.test_1_selenium_browse_projects_list,Total:16 Passed:16 Failed:0
1612745744880,306,selenium_browse_boards_list,Success,True
.test_1_selenium_browse_boards_list,Total:17 Passed:17 Failed:0
1612745745600,712,selenium_create_issue:open_quick_create,Success,True
1612745746706,600,selenium_create_issue:fill_and_submit_issue_form:submit_issue_form,Success,True
1612745746707,1105,selenium_create_issue:fill_and_submit_issue_form,Success,True
1612745746707,1818,selenium_create_issue,Success,True
.test_1_selenium_create_issue,Total:18 Passed:18 Failed:0
1612745747185,471,selenium_edit_issue:open_edit_issue_form,Success,True
1612745748126,493,selenium_edit_issue:save_edit_issue_form,Success,True
1612745748126,1411,selenium_edit_issue,Success,True
.test_1_selenium_edit_issue,Total:19 Passed:19 Failed:0
1612745748483,355,selenium_save_comment:open_comment_form,Success,True
1612745749364,726,selenium_save_comment:submit_form,Success,True
1612745749365,1237,selenium_save_comment,Success,True
.test_1_selenium_save_comment,Total:20 Passed:20 Failed:0
1612745750537,1171,selenium_search_jql,Success,True
.test_1_selenium_search_jql,Total:21 Passed:21 Failed:0
1612745751914,1376,selenium_view_scrum_board_backlog,Success,True
.test_1_selenium_view_backlog_for_scrum_board,Total:22 Passed:22 Failed:0
1612745752688,771,selenium_view_scrum_board,Success,True
.test_1_selenium_view_scrum_board,Total:23 Passed:23 Failed:0
1612745753427,738,selenium_view_kanban_board,Success,True
.test_1_selenium_view_kanban_board,Total:24 Passed:24 Failed:0
1612745753845,416,selenium_view_dashboard,Success,True
.test_1_selenium_view_dashboard,Total:25 Passed:25 Failed:0
1612745754478,631,selenium_view_issue,Success,True
.test_1_selenium_view_issue,Total:26 Passed:26 Failed:0
1612745754868,388,selenium_project_summary,Success,True
.test_1_selenium_view_project_summary,Total:27 Passed:27 Failed:0
1612745755159,289,selenium_log_out,Success,True
.test_2_selenium_z_log_out,Total:28 Passed:28 Failed:0


=============================== warnings summary ===============================
../../usr/local/lib/python3.8/dist-packages/_pytest/config/__init__.py:1114
  /usr/local/lib/python3.8/dist-packages/_pytest/config/__init__.py:1114: PytestAssertRewriteWarning: Module already imported so cannot be rewritten: apiritif
    self._mark_plugins_for_rewrite(hook)

-- Docs: https://docs.pytest.org/en/stable/warnings.html
======================== 14 passed, 1 warning in 11.45s ========================
============================= test session starts ==============================
platform linux -- Python 3.8.0, pytest-6.2.2, py-1.10.0, pluggy-0.13.1
rootdir: /dc-app-performance-toolkit/app
plugins: apiritif-0.9.6
collected 14 items

selenium_ui/jira_ui.py get driver from global
1612745755305,96,selenium_login:open_login_page,Success,True
1612745755766,461,selenium_login:login_and_view_dashboard,Success,True
1612745755766,557,selenium_login,Success,True
.test_0_selenium_a_login,Total:29 Passed:29 Failed:0
1612745756026,248,selenium_browse_projects_list,Success,True
.test_1_selenium_browse_projects_list,Total:30 Passed:30 Failed:0
1612745756282,254,selenium_browse_boards_list,Success,True
.test_1_selenium_browse_boards_list,Total:31 Passed:31 Failed:0
1612745757063,771,selenium_create_issue:open_quick_create,Success,True
1612745758239,607,selenium_create_issue:fill_and_submit_issue_form:submit_issue_form,Success,True
1612745758239,1175,selenium_create_issue:fill_and_submit_issue_form,Success,True
1612745758239,1947,selenium_create_issue,Success,True
.test_1_selenium_create_issue,Total:32 Passed:32 Failed:0
1612745758852,603,selenium_edit_issue:open_edit_issue_form,Success,True
1612745759698,505,selenium_edit_issue:save_edit_issue_form,Success,True
1612745759698,1449,selenium_edit_issue,Success,True
.test_1_selenium_edit_issue,Total:33 Passed:33 Failed:0
1612745760073,374,selenium_save_comment:open_comment_form,Success,True
1612745760869,645,selenium_save_comment:submit_form,Success,True
1612745760869,1170,selenium_save_comment,Success,True
.test_1_selenium_save_comment,Total:34 Passed:34 Failed:0
1612745762101,1230,selenium_search_jql,Success,True
.test_1_selenium_search_jql,Total:35 Passed:35 Failed:0
1612745762877,774,selenium_view_scrum_board_backlog,Success,True
.test_1_selenium_view_backlog_for_scrum_board,Total:36 Passed:36 Failed:0
1612745763648,769,selenium_view_scrum_board,Success,True
.test_1_selenium_view_scrum_board,Total:37 Passed:37 Failed:0
1612745764771,1121,selenium_view_kanban_board,Success,True
.test_1_selenium_view_kanban_board,Total:38 Passed:38 Failed:0
1612745764986,214,selenium_view_dashboard,Success,True
.test_1_selenium_view_dashboard,Total:39 Passed:39 Failed:0
1612745765679,690,selenium_view_issue,Success,True
.test_1_selenium_view_issue,Total:40 Passed:40 Failed:0
1612745766134,453,selenium_project_summary,Success,True
.test_1_selenium_view_project_summary,Total:41 Passed:41 Failed:0
1612745766459,324,selenium_log_out,Success,True
.test_2_selenium_z_log_out,Total:42 Passed:42 Failed:0


=============================== warnings summary ===============================
../../usr/local/lib/python3.8/dist-packages/_pytest/config/__init__.py:1114
  /usr/local/lib/python3.8/dist-packages/_pytest/config/__init__.py:1114: PytestAssertRewriteWarning: Module already imported so cannot be rewritten: apiritif
    self._mark_plugins_for_rewrite(hook)

-- Docs: https://docs.pytest.org/en/stable/warnings.html
======================== 14 passed, 1 warning in 11.26s ========================
============================= test session starts ==============================
platform linux -- Python 3.8.0, pytest-6.2.2, py-1.10.0, pluggy-0.13.1
rootdir: /dc-app-performance-toolkit/app
plugins: apiritif-0.9.6
collected 14 items

selenium_ui/jira_ui.py get driver from global
1612745766604,94,selenium_login:open_login_page,Success,True
1612745767115,510,selenium_login:login_and_view_dashboard,Success,True
1612745767115,605,selenium_login,Success,True
.test_0_selenium_a_login,Total:43 Passed:43 Failed:0
1612745767376,250,selenium_browse_projects_list,Success,True
.test_1_selenium_browse_projects_list,Total:44 Passed:44 Failed:0
1612745767633,255,selenium_browse_boards_list,Success,True
.test_1_selenium_browse_boards_list,Total:45 Passed:45 Failed:0
1612745768355,713,selenium_create_issue:open_quick_create,Success,True
1612745769510,610,selenium_create_issue:fill_and_submit_issue_form:submit_issue_form,Success,True
1612745769510,1154,selenium_create_issue:fill_and_submit_issue_form,Success,True
1612745769510,1868,selenium_create_issue,Success,True
.test_1_selenium_create_issue,Total:46 Passed:46 Failed:0
1612745770009,491,selenium_edit_issue:open_edit_issue_form,Success,True
1612745771012,521,selenium_edit_issue:save_edit_issue_form,Success,True
1612745771012,1493,selenium_edit_issue,Success,True
.test_1_selenium_edit_issue,Total:47 Passed:47 Failed:0
1612745771378,365,selenium_save_comment:open_comment_form,Success,True
1612745772221,690,selenium_save_comment:submit_form,Success,True
1612745772221,1208,selenium_save_comment,Success,True
.test_1_selenium_save_comment,Total:48 Passed:48 Failed:0
1612745773385,1162,selenium_search_jql,Success,True
.test_1_selenium_search_jql,Total:49 Passed:49 Failed:0
1612745774342,955,selenium_view_scrum_board_backlog,Success,True
.test_1_selenium_view_backlog_for_scrum_board,Total:50 Passed:50 Failed:0
1612745775216,872,selenium_view_scrum_board,Success,True
.test_1_selenium_view_scrum_board,Total:51 Passed:51 Failed:0
1612745776232,1015,selenium_view_kanban_board,Success,True
.test_1_selenium_view_kanban_board,Total:52 Passed:52 Failed:0
1612745776874,639,selenium_view_dashboard,Success,True
.test_1_selenium_view_dashboard,Total:53 Passed:53 Failed:0
1612745777464,588,selenium_view_issue,Success,True
.test_1_selenium_view_issue,Total:54 Passed:54 Failed:0
1612745777805,339,selenium_project_summary,Success,True
.test_1_selenium_view_project_summary,Total:55 Passed:55 Failed:0
1612745778133,326,selenium_log_out,Success,True
.test_2_selenium_z_log_out,Total:56 Passed:56 Failed:0


=============================== warnings summary ===============================
../../usr/local/lib/python3.8/dist-packages/_pytest/config/__init__.py:1114
  /usr/local/lib/python3.8/dist-packages/_pytest/config/__init__.py:1114: PytestAssertRewriteWarning: Module already imported so cannot be rewritten: apiritif
    self._mark_plugins_for_rewrite(hook)

-- Docs: https://docs.pytest.org/en/stable/warnings.html
======================== 14 passed, 1 warning in 11.63s ========================
============================= test session starts ==============================
platform linux -- Python 3.8.0, pytest-6.2.2, py-1.10.0, pluggy-0.13.1
rootdir: /dc-app-performance-toolkit/app
plugins: apiritif-0.9.6
collected 14 items

selenium_ui/jira_ui.py get driver from global
1612745778279,96,selenium_login:open_login_page,Success,True
1612745778731,451,selenium_login:login_and_view_dashboard,Success,True
1612745778731,548,selenium_login,Success,True
.test_0_selenium_a_login,Total:57 Passed:57 Failed:0
1612745779005,263,selenium_browse_projects_list,Success,True
.test_1_selenium_browse_projects_list,Total:58 Passed:58 Failed:0
1612745779275,268,selenium_browse_boards_list,Success,True
.test_1_selenium_browse_boards_list,Total:59 Passed:59 Failed:0
1612745779937,653,selenium_create_issue:open_quick_create,Success,True
1612745781047,610,selenium_create_issue:fill_and_submit_issue_form:submit_issue_form,Success,True
1612745781047,1110,selenium_create_issue:fill_and_submit_issue_form,Success,True
1612745781047,1764,selenium_create_issue,Success,True
.test_1_selenium_create_issue,Total:60 Passed:60 Failed:0
1612745781616,560,selenium_edit_issue:open_edit_issue_form,Success,True
1612745782465,503,selenium_edit_issue:save_edit_issue_form,Success,True
1612745782465,1409,selenium_edit_issue,Success,True
.test_1_selenium_edit_issue,Total:61 Passed:61 Failed:0
1612745782869,403,selenium_save_comment:open_comment_form,Success,True
1612745783745,701,selenium_save_comment:submit_form,Success,True
1612745783745,1278,selenium_save_comment,Success,True
.test_1_selenium_save_comment,Total:62 Passed:62 Failed:0
1612745784893,1146,selenium_search_jql,Success,True
.test_1_selenium_search_jql,Total:63 Passed:63 Failed:0
1612745785849,954,selenium_view_scrum_board_backlog,Success,True
.test_1_selenium_view_backlog_for_scrum_board,Total:64 Passed:64 Failed:0
1612745786618,767,selenium_view_scrum_board,Success,True
.test_1_selenium_view_scrum_board,Total:65 Passed:65 Failed:0
1612745787500,881,selenium_view_kanban_board,Success,True
.test_1_selenium_view_kanban_board,Total:66 Passed:66 Failed:0
1612745788157,654,selenium_view_dashboard,Success,True
.test_1_selenium_view_dashboard,Total:67 Passed:67 Failed:0
1612745788740,581,selenium_view_issue,Success,True
.test_1_selenium_view_issue,Total:68 Passed:68 Failed:0
1612745789193,451,selenium_project_summary,Success,True
.test_1_selenium_view_project_summary,Total:69 Passed:69 Failed:0
1612745789492,298,selenium_log_out,Success,True
.test_2_selenium_z_log_out,Total:70 Passed:70 Failed:0


=============================== warnings summary ===============================
../../usr/local/lib/python3.8/dist-packages/_pytest/config/__init__.py:1114
  /usr/local/lib/python3.8/dist-packages/_pytest/config/__init__.py:1114: PytestAssertRewriteWarning: Module already imported so cannot be rewritten: apiritif
    self._mark_plugins_for_rewrite(hook)

-- Docs: https://docs.pytest.org/en/stable/warnings.html
======================== 14 passed, 1 warning in 11.32s ========================
============================= test session starts ==============================
platform linux -- Python 3.8.0, pytest-6.2.2, py-1.10.0, pluggy-0.13.1
rootdir: /dc-app-performance-toolkit/app
plugins: apiritif-0.9.6
collected 14 items

selenium_ui/jira_ui.py get driver from global
1612745789643,96,selenium_login:open_login_page,Success,True
1612745790079,435,selenium_login:login_and_view_dashboard,Success,True
1612745790079,532,selenium_login,Success,True
.test_0_selenium_a_login,Total:71 Passed:71 Failed:0
1612745790420,328,selenium_browse_projects_list,Success,True
.test_1_selenium_browse_projects_list,Total:72 Passed:72 Failed:0
1612745790670,248,selenium_browse_boards_list,Success,True
.test_1_selenium_browse_boards_list,Total:73 Passed:73 Failed:0
1612745791344,666,selenium_create_issue:open_quick_create,Success,True
1612745792505,600,selenium_create_issue:fill_and_submit_issue_form:submit_issue_form,Success,True
1612745792505,1161,selenium_create_issue:fill_and_submit_issue_form,Success,True
1612745792505,1827,selenium_create_issue,Success,True
.test_1_selenium_create_issue,Total:74 Passed:74 Failed:0
1612745793111,597,selenium_edit_issue:open_edit_issue_form,Success,True
1612745794239,790,selenium_edit_issue:save_edit_issue_form,Success,True
1612745794239,1725,selenium_edit_issue,Success,True
.test_1_selenium_edit_issue,Total:75 Passed:75 Failed:0
1612745794578,338,selenium_save_comment:open_comment_form,Success,True
1612745795419,689,selenium_save_comment:submit_form,Success,True
1612745795419,1178,selenium_save_comment,Success,True
.test_1_selenium_save_comment,Total:76 Passed:76 Failed:0
1612745796635,1215,selenium_search_jql,Success,True
.test_1_selenium_search_jql,Total:77 Passed:77 Failed:0
1612745797572,935,selenium_view_scrum_board_backlog,Success,True
.test_1_selenium_view_backlog_for_scrum_board,Total:78 Passed:78 Failed:0
1612745798433,860,selenium_view_scrum_board,Success,True
.test_1_selenium_view_scrum_board,Total:79 Passed:79 Failed:0
1612745798903,468,selenium_view_kanban_board,Success,True
.test_1_selenium_view_kanban_board,Total:80 Passed:80 Failed:0
1612745799328,422,selenium_view_dashboard,Success,True
.test_1_selenium_view_dashboard,Total:81 Passed:81 Failed:0
1612745799931,602,selenium_view_issue,Success,True
.test_1_selenium_view_issue,Total:82 Passed:82 Failed:0
1612745800357,424,selenium_project_summary,Success,True
.test_1_selenium_view_project_summary,Total:83 Passed:83 Failed:0
1612745800664,305,selenium_log_out,Success,True
.test_2_selenium_z_log_out,Total:84 Passed:84 Failed:0


=============================== warnings summary ===============================
../../usr/local/lib/python3.8/dist-packages/_pytest/config/__init__.py:1114
  /usr/local/lib/python3.8/dist-packages/_pytest/config/__init__.py:1114: PytestAssertRewriteWarning: Module already imported so cannot be rewritten: apiritif
    self._mark_plugins_for_rewrite(hook)

-- Docs: https://docs.pytest.org/en/stable/warnings.html
======================== 14 passed, 1 warning in 11.13s ========================
============================= test session starts ==============================
platform linux -- Python 3.8.0, pytest-6.2.2, py-1.10.0, pluggy-0.13.1
rootdir: /dc-app-performance-toolkit/app
plugins: apiritif-0.9.6
collected 14 items

selenium_ui/jira_ui.py get driver from global
1612745800807,95,selenium_login:open_login_page,Success,True
1612745801317,509,selenium_login:login_and_view_dashboard,Success,True
1612745801317,605,selenium_login,Success,True
.test_0_selenium_a_login,Total:85 Passed:85 Failed:0
1612745801576,248,selenium_browse_projects_list,Success,True
.test_1_selenium_browse_projects_list,Total:86 Passed:86 Failed:0
1612745801843,265,selenium_browse_boards_list,Success,True
.test_1_selenium_browse_boards_list,Total:87 Passed:87 Failed:0
1612745802596,744,selenium_create_issue:open_quick_create,Success,True
1612745803742,607,selenium_create_issue:fill_and_submit_issue_form:submit_issue_form,Success,True
1612745803742,1145,selenium_create_issue:fill_and_submit_issue_form,Success,True
1612745803742,1890,selenium_create_issue,Success,True
.test_1_selenium_create_issue,Total:88 Passed:88 Failed:0
1612745804233,482,selenium_edit_issue:open_edit_issue_form,Success,True
1612745805295,617,selenium_edit_issue:save_edit_issue_form,Success,True
1612745805295,1545,selenium_edit_issue,Success,True
.test_1_selenium_edit_issue,Total:89 Passed:89 Failed:0
1612745805631,335,selenium_save_comment:open_comment_form,Success,True
1612745806486,706,selenium_save_comment:submit_form,Success,True
1612745806486,1189,selenium_save_comment,Success,True
.test_1_selenium_save_comment,Total:90 Passed:90 Failed:0
1612745807654,1166,selenium_search_jql,Success,True
.test_1_selenium_search_jql,Total:91 Passed:91 Failed:0
1612745808962,1306,selenium_view_scrum_board_backlog,Success,True
.test_1_selenium_view_backlog_for_scrum_board,Total:92 Passed:92 Failed:0
1612745809277,314,selenium_view_scrum_board,Success,True
.test_1_selenium_view_scrum_board,Total:93 Passed:93 Failed:0
1612745809991,712,selenium_view_kanban_board,Success,True
.test_1_selenium_view_kanban_board,Total:94 Passed:94 Failed:0
1612745810245,252,selenium_view_dashboard,Success,True
.test_1_selenium_view_dashboard,Total:95 Passed:95 Failed:0
1612745810870,622,selenium_view_issue,Success,True
.test_1_selenium_view_issue,Total:96 Passed:96 Failed:0
1612745811363,492,selenium_project_summary,Success,True
.test_1_selenium_view_project_summary,Total:97 Passed:97 Failed:0
1612745811655,290,selenium_log_out,Success,True
.test_2_selenium_z_log_out,Total:98 Passed:98 Failed:0


=============================== warnings summary ===============================
../../usr/local/lib/python3.8/dist-packages/_pytest/config/__init__.py:1114
  /usr/local/lib/python3.8/dist-packages/_pytest/config/__init__.py:1114: PytestAssertRewriteWarning: Module already imported so cannot be rewritten: apiritif
    self._mark_plugins_for_rewrite(hook)

-- Docs: https://docs.pytest.org/en/stable/warnings.html
======================== 14 passed, 1 warning in 10.95s ========================
============================= test session starts ==============================
platform linux -- Python 3.8.0, pytest-6.2.2, py-1.10.0, pluggy-0.13.1
rootdir: /dc-app-performance-toolkit/app
plugins: apiritif-0.9.6
collected 14 items

selenium_ui/jira_ui.py get driver from global
1612745811797,94,selenium_login:open_login_page,Success,True
1612745812269,471,selenium_login:login_and_view_dashboard,Success,True
1612745812269,566,selenium_login,Success,True
.test_0_selenium_a_login,Total:99 Passed:99 Failed:0
1612745812547,259,selenium_browse_projects_list,Success,True
.test_1_selenium_browse_projects_list,Total:100 Passed:100 Failed:0
1612745812797,248,selenium_browse_boards_list,Success,True
.test_1_selenium_browse_boards_list,Total:101 Passed:101 Failed:0
1612745813555,750,selenium_create_issue:open_quick_create,Success,True
1612745814697,606,selenium_create_issue:fill_and_submit_issue_form:submit_issue_form,Success,True
1612745814697,1141,selenium_create_issue:fill_and_submit_issue_form,Success,True
1612745814697,1892,selenium_create_issue,Success,True
.test_1_selenium_create_issue,Total:102 Passed:102 Failed:0
1612745815261,555,selenium_edit_issue:open_edit_issue_form,Success,True
1612745816112,491,selenium_edit_issue:save_edit_issue_form,Success,True
1612745816112,1406,selenium_edit_issue,Success,True
.test_1_selenium_edit_issue,Total:103 Passed:103 Failed:0
1612745816505,391,selenium_save_comment:open_comment_form,Success,True
1612745817404,765,selenium_save_comment:submit_form,Success,True
1612745817405,1291,selenium_save_comment,Success,True
.test_1_selenium_save_comment,Total:104 Passed:104 Failed:0
1612745818586,1179,selenium_search_jql,Success,True
.test_1_selenium_search_jql,Total:105 Passed:105 Failed:0
1612745819921,1333,selenium_view_scrum_board_backlog,Success,True
.test_1_selenium_view_backlog_for_scrum_board,Total:106 Passed:106 Failed:0
1612745820717,795,selenium_view_scrum_board,Success,True
.test_1_selenium_view_scrum_board,Total:107 Passed:107 Failed:0
1612745821824,1105,selenium_view_kanban_board,Success,True
.test_1_selenium_view_kanban_board,Total:108 Passed:108 Failed:0
1612745822278,453,selenium_view_dashboard,Success,True
.test_1_selenium_view_dashboard,Total:109 Passed:109 Failed:0
1612745822987,706,selenium_view_issue,Success,True
.test_1_selenium_view_issue,Total:110 Passed:110 Failed:0
1612745823356,368,selenium_project_summary,Success,True
.test_1_selenium_view_project_summary,Total:111 Passed:111 Failed:0
1612745823690,332,selenium_log_out,Success,True
.test_2_selenium_z_log_out,Total:112 Passed:112 Failed:0


=============================== warnings summary ===============================
../../usr/local/lib/python3.8/dist-packages/_pytest/config/__init__.py:1114
  /usr/local/lib/python3.8/dist-packages/_pytest/config/__init__.py:1114: PytestAssertRewriteWarning: Module already imported so cannot be rewritten: apiritif
    self._mark_plugins_for_rewrite(hook)

-- Docs: https://docs.pytest.org/en/stable/warnings.html
======================== 14 passed, 1 warning in 12.00s ========================
============================= test session starts ==============================
platform linux -- Python 3.8.0, pytest-6.2.2, py-1.10.0, pluggy-0.13.1
rootdir: /dc-app-performance-toolkit/app
plugins: apiritif-0.9.6
collected 14 items

selenium_ui/jira_ui.py get driver from global
1612745823836,94,selenium_login:open_login_page,Success,True
1612745824313,477,selenium_login:login_and_view_dashboard,Success,True
1612745824314,572,selenium_login,Success,True
.test_0_selenium_a_login,Total:113 Passed:113 Failed:0
1612745824575,251,selenium_browse_projects_list,Success,True
.test_1_selenium_browse_projects_list,Total:114 Passed:114 Failed:0
1612745824830,253,selenium_browse_boards_list,Success,True
.test_1_selenium_browse_boards_list,Total:115 Passed:115 Failed:0
1612745825645,806,selenium_create_issue:open_quick_create,Success,True
1612745826832,610,selenium_create_issue:fill_and_submit_issue_form:submit_issue_form,Success,True
1612745826832,1187,selenium_create_issue:fill_and_submit_issue_form,Success,True
1612745826832,1994,selenium_create_issue,Success,True
.test_1_selenium_create_issue,Total:116 Passed:116 Failed:0
1612745827329,488,selenium_edit_issue:open_edit_issue_form,Success,True
1612745828353,588,selenium_edit_issue:save_edit_issue_form,Success,True
1612745828353,1512,selenium_edit_issue,Success,True
.test_1_selenium_edit_issue,Total:117 Passed:117 Failed:0
1612745828721,366,selenium_save_comment:open_comment_form,Success,True
1612745829593,724,selenium_save_comment:submit_form,Success,True
1612745829593,1239,selenium_save_comment,Success,True
.test_1_selenium_save_comment,Total:118 Passed:118 Failed:0
1612745830754,1159,selenium_search_jql,Success,True
.test_1_selenium_search_jql,Total:119 Passed:119 Failed:0
1612745832045,1289,selenium_view_scrum_board_backlog,Success,True
.test_1_selenium_view_backlog_for_scrum_board,Total:120 Passed:120 Failed:0
1612745832843,796,selenium_view_scrum_board,Success,True
.test_1_selenium_view_scrum_board,Total:121 Passed:121 Failed:0
1612745833739,894,selenium_view_kanban_board,Success,True
.test_1_selenium_view_kanban_board,Total:122 Passed:122 Failed:0
1612745834141,401,selenium_view_dashboard,Success,True
.test_1_selenium_view_dashboard,Total:123 Passed:123 Failed:0
1612745834827,684,selenium_view_issue,Success,True
.test_1_selenium_view_issue,Total:124 Passed:124 Failed:0
1612745835273,444,selenium_project_summary,Success,True
.test_1_selenium_view_project_summary,Total:125 Passed:125 Failed:0
1612745835575,300,selenium_log_out,Success,True
.test_2_selenium_z_log_out,Total:126 Passed:126 Failed:0


=============================== warnings summary ===============================
../../usr/local/lib/python3.8/dist-packages/_pytest/config/__init__.py:1114
  /usr/local/lib/python3.8/dist-packages/_pytest/config/__init__.py:1114: PytestAssertRewriteWarning: Module already imported so cannot be rewritten: apiritif
    self._mark_plugins_for_rewrite(hook)

-- Docs: https://docs.pytest.org/en/stable/warnings.html
======================== 14 passed, 1 warning in 11.84s ========================
============================= test session starts ==============================
platform linux -- Python 3.8.0, pytest-6.2.2, py-1.10.0, pluggy-0.13.1
rootdir: /dc-app-performance-toolkit/app
plugins: apiritif-0.9.6
collected 14 items

selenium_ui/jira_ui.py get driver from global
1612745835724,100,selenium_login:open_login_page,Success,True
1612745836175,451,selenium_login:login_and_view_dashboard,Success,True
1612745836175,551,selenium_login,Success,True
.test_0_selenium_a_login,Total:127 Passed:127 Failed:0
1612745836450,264,selenium_browse_projects_list,Success,True
.test_1_selenium_browse_projects_list,Total:128 Passed:128 Failed:0
1612745836709,257,selenium_browse_boards_list,Success,True
.test_1_selenium_browse_boards_list,Total:129 Passed:129 Failed:0
1612745837486,768,selenium_create_issue:open_quick_create,Success,True
1612745838630,606,selenium_create_issue:fill_and_submit_issue_form:submit_issue_form,Success,True
1612745838630,1144,selenium_create_issue:fill_and_submit_issue_form,Success,True
1612745838630,1912,selenium_create_issue,Success,True
.test_1_selenium_create_issue,Total:130 Passed:130 Failed:0
1612745839212,573,selenium_edit_issue:open_edit_issue_form,Success,True
1612745840169,607,selenium_edit_issue:save_edit_issue_form,Success,True
1612745840170,1531,selenium_edit_issue,Success,True
.test_1_selenium_edit_issue,Total:131 Passed:131 Failed:0
1612745840493,322,selenium_save_comment:open_comment_form,Success,True
1612745842091,1443,selenium_save_comment:submit_form,Success,True
1612745842091,1920,selenium_save_comment,Success,True
.test_1_selenium_save_comment,Total:132 Passed:132 Failed:0
1612745843340,1247,selenium_search_jql,Success,True
.test_1_selenium_search_jql,Total:133 Passed:133 Failed:0
1612745844821,1479,selenium_view_scrum_board_backlog,Success,True
.test_1_selenium_view_backlog_for_scrum_board,Total:134 Passed:134 Failed:0
1612745845633,810,selenium_view_scrum_board,Success,True
.test_1_selenium_view_scrum_board,Total:135 Passed:135 Failed:0
1612745846667,1032,selenium_view_kanban_board,Success,True
.test_1_selenium_view_kanban_board,Total:136 Passed:136 Failed:0
1612745846916,247,selenium_view_dashboard,Success,True
.test_1_selenium_view_dashboard,Total:137 Passed:137 Failed:0
1612745847649,731,selenium_view_issue,Success,True
.test_1_selenium_view_issue,Total:138 Passed:138 Failed:0
1612745848184,534,selenium_project_summary,Success,True
.test_1_selenium_view_project_summary,Total:139 Passed:139 Failed:0
1612745848481,295,selenium_log_out,Success,True
.test_2_selenium_z_log_out,Total:140 Passed:140 Failed:0


=============================== warnings summary ===============================
../../usr/local/lib/python3.8/dist-packages/_pytest/config/__init__.py:1114
  /usr/local/lib/python3.8/dist-packages/_pytest/config/__init__.py:1114: PytestAssertRewriteWarning: Module already imported so cannot be rewritten: apiritif
    self._mark_plugins_for_rewrite(hook)

-- Docs: https://docs.pytest.org/en/stable/warnings.html
======================== 14 passed, 1 warning in 12.87s ========================
============================= test session starts ==============================
platform linux -- Python 3.8.0, pytest-6.2.2, py-1.10.0, pluggy-0.13.1
rootdir: /dc-app-performance-toolkit/app
plugins: apiritif-0.9.6
collected 14 items

selenium_ui/jira_ui.py get driver from global
1612745848627,97,selenium_login:open_login_page,Success,True
1612745849168,540,selenium_login:login_and_view_dashboard,Success,True
1612745849168,638,selenium_login,Success,True
.test_0_selenium_a_login,Total:141 Passed:141 Failed:0
1612745849428,248,selenium_browse_projects_list,Success,True
.test_1_selenium_browse_projects_list,Total:142 Passed:142 Failed:0
1612745849682,252,selenium_browse_boards_list,Success,True
.test_1_selenium_browse_boards_list,Total:143 Passed:143 Failed:0
1612745850400,710,selenium_create_issue:open_quick_create,Success,True
1612745851524,609,selenium_create_issue:fill_and_submit_issue_form:submit_issue_form,Success,True
1612745851524,1123,selenium_create_issue:fill_and_submit_issue_form,Success,True
1612745851524,1834,selenium_create_issue,Success,True
.test_1_selenium_create_issue,Total:144 Passed:144 Failed:0
1612745852246,714,selenium_edit_issue:open_edit_issue_form,Success,True
1612745853064,541,selenium_edit_issue:save_edit_issue_form,Success,True
1612745853064,1531,selenium_edit_issue,Success,True
.test_1_selenium_edit_issue,Total:145 Passed:145 Failed:0
1612745853380,314,selenium_save_comment:open_comment_form,Success,True
1612745854261,695,selenium_save_comment:submit_form,Success,True
1612745854261,1195,selenium_save_comment,Success,True
.test_1_selenium_save_comment,Total:146 Passed:146 Failed:0
1612745855421,1159,selenium_search_jql,Success,True
.test_1_selenium_search_jql,Total:147 Passed:147 Failed:0
1612745856731,1308,selenium_view_scrum_board_backlog,Success,True
.test_1_selenium_view_backlog_for_scrum_board,Total:148 Passed:148 Failed:0
1612745857500,767,selenium_view_scrum_board,Success,True
.test_1_selenium_view_scrum_board,Total:149 Passed:149 Failed:0
1612745858544,1042,selenium_view_kanban_board,Success,True
.test_1_selenium_view_kanban_board,Total:150 Passed:150 Failed:0
1612745859020,474,selenium_view_dashboard,Success,True
.test_1_selenium_view_dashboard,Total:151 Passed:151 Failed:0
1612745859580,558,selenium_view_issue,Success,True
.test_1_selenium_view_issue,Total:152 Passed:152 Failed:0
1612745859979,398,selenium_project_summary,Success,True
.test_1_selenium_view_project_summary,Total:153 Passed:153 Failed:0
1612745860303,322,selenium_log_out,Success,True
.test_2_selenium_z_log_out,Total:154 Passed:154 Failed:0


=============================== warnings summary ===============================
../../usr/local/lib/python3.8/dist-packages/_pytest/config/__init__.py:1114
  /usr/local/lib/python3.8/dist-packages/_pytest/config/__init__.py:1114: PytestAssertRewriteWarning: Module already imported so cannot be rewritten: apiritif
    self._mark_plugins_for_rewrite(hook)

-- Docs: https://docs.pytest.org/en/stable/warnings.html
======================== 14 passed, 1 warning in 11.78s ========================
============================= test session starts ==============================
platform linux -- Python 3.8.0, pytest-6.2.2, py-1.10.0, pluggy-0.13.1
rootdir: /dc-app-performance-toolkit/app
plugins: apiritif-0.9.6
collected 14 items

selenium_ui/jira_ui.py get driver from global
1612745860451,98,selenium_login:open_login_page,Success,True
1612745860961,509,selenium_login:login_and_view_dashboard,Success,True
1612745860961,608,selenium_login,Success,True
.test_0_selenium_a_login,Total:155 Passed:155 Failed:0
1612745861223,250,selenium_browse_projects_list,Success,True
.test_1_selenium_browse_projects_list,Total:156 Passed:156 Failed:0
1612745861485,260,selenium_browse_boards_list,Success,True
.test_1_selenium_browse_boards_list,Total:157 Passed:157 Failed:0
1612745862219,725,selenium_create_issue:open_quick_create,Success,True
1612745863418,608,selenium_create_issue:fill_and_submit_issue_form:submit_issue_form,Success,True
1612745863419,1199,selenium_create_issue:fill_and_submit_issue_form,Success,True
1612745863419,1925,selenium_create_issue,Success,True
.test_1_selenium_create_issue,Total:158 Passed:158 Failed:0
1612745864058,630,selenium_edit_issue:open_edit_issue_form,Success,True
1612745864922,524,selenium_edit_issue:save_edit_issue_form,Success,True
1612745864922,1495,selenium_edit_issue,Success,True
.test_1_selenium_edit_issue,Total:159 Passed:159 Failed:0
1612745865298,374,selenium_save_comment:open_comment_form,Success,True
1612745866136,685,selenium_save_comment:submit_form,Success,True
1612745866136,1212,selenium_save_comment,Success,True
.test_1_selenium_save_comment,Total:160 Passed:160 Failed:0
1612745867369,1231,selenium_search_jql,Success,True
.test_1_selenium_search_jql,Total:161 Passed:161 Failed:0
1612745868671,1301,selenium_view_scrum_board_backlog,Success,True
.test_1_selenium_view_backlog_for_scrum_board,Total:162 Passed:162 Failed:0
1612745869439,765,selenium_view_scrum_board,Success,True
.test_1_selenium_view_scrum_board,Total:163 Passed:163 Failed:0
1612745869875,434,selenium_view_kanban_board,Success,True
.test_1_selenium_view_kanban_board,Total:164 Passed:164 Failed:0
1612745870161,284,selenium_view_dashboard,Success,True
.test_1_selenium_view_dashboard,Total:165 Passed:165 Failed:0
1612745870895,732,selenium_view_issue,Success,True
.test_1_selenium_view_issue,Total:166 Passed:166 Failed:0
1612745871264,366,selenium_project_summary,Success,True
.test_1_selenium_view_project_summary,Total:167 Passed:167 Failed:0
1612745871571,305,selenium_log_out,Success,True
.test_2_selenium_z_log_out,Total:168 Passed:168 Failed:0


=============================== warnings summary ===============================
../../usr/local/lib/python3.8/dist-packages/_pytest/config/__init__.py:1114
  /usr/local/lib/python3.8/dist-packages/_pytest/config/__init__.py:1114: PytestAssertRewriteWarning: Module already imported so cannot be rewritten: apiritif
    self._mark_plugins_for_rewrite(hook)

-- Docs: https://docs.pytest.org/en/stable/warnings.html
======================== 14 passed, 1 warning in 11.23s ========================
============================= test session starts ==============================
platform linux -- Python 3.8.0, pytest-6.2.2, py-1.10.0, pluggy-0.13.1
rootdir: /dc-app-performance-toolkit/app
plugins: apiritif-0.9.6
collected 14 items

selenium_ui/jira_ui.py get driver from global
1612745871728,105,selenium_login:open_login_page,Success,True
1612745872203,475,selenium_login:login_and_view_dashboard,Success,True
1612745872204,580,selenium_login,Success,True
.test_0_selenium_a_login,Total:169 Passed:169 Failed:0
1612745872464,250,selenium_browse_projects_list,Success,True
.test_1_selenium_browse_projects_list,Total:170 Passed:170 Failed:0
1612745872718,252,selenium_browse_boards_list,Success,True
.test_1_selenium_browse_boards_list,Total:171 Passed:171 Failed:0
1612745873478,751,selenium_create_issue:open_quick_create,Success,True
1612745874677,606,selenium_create_issue:fill_and_submit_issue_form:submit_issue_form,Success,True
1612745874677,1198,selenium_create_issue:fill_and_submit_issue_form,Success,True
1612745874677,1950,selenium_create_issue,Success,True
.test_1_selenium_create_issue,Total:172 Passed:172 Failed:0
1612745875257,571,selenium_edit_issue:open_edit_issue_form,Success,True
1612745876154,552,selenium_edit_issue:save_edit_issue_form,Success,True
1612745876154,1468,selenium_edit_issue,Success,True
.test_1_selenium_edit_issue,Total:173 Passed:173 Failed:0
1612745876491,335,selenium_save_comment:open_comment_form,Success,True
1612745877307,663,selenium_save_comment:submit_form,Success,True
1612745877307,1152,selenium_save_comment,Success,True
.test_1_selenium_save_comment,Total:174 Passed:174 Failed:0
1612745878527,1218,selenium_search_jql,Success,True
.test_1_selenium_search_jql,Total:175 Passed:175 Failed:0
1612745879885,1356,selenium_view_scrum_board_backlog,Success,True
.test_1_selenium_view_backlog_for_scrum_board,Total:176 Passed:176 Failed:0
1612745880688,801,selenium_view_scrum_board,Success,True
.test_1_selenium_view_scrum_board,Total:177 Passed:177 Failed:0
1612745881414,723,selenium_view_kanban_board,Success,True
.test_1_selenium_view_kanban_board,Total:178 Passed:178 Failed:0
1612745881838,423,selenium_view_dashboard,Success,True
.test_1_selenium_view_dashboard,Total:179 Passed:179 Failed:0
1612745882421,581,selenium_view_issue,Success,True
.test_1_selenium_view_issue,Total:180 Passed:180 Failed:0
1612745882957,535,selenium_project_summary,Success,True
.test_1_selenium_view_project_summary,Total:181 Passed:181 Failed:0
1612745883226,267,selenium_log_out,Success,True
.test_2_selenium_z_log_out,Total:182 Passed:182 Failed:0


=============================== warnings summary ===============================
../../usr/local/lib/python3.8/dist-packages/_pytest/config/__init__.py:1114
  /usr/local/lib/python3.8/dist-packages/_pytest/config/__init__.py:1114: PytestAssertRewriteWarning: Module already imported so cannot be rewritten: apiritif
    self._mark_plugins_for_rewrite(hook)

-- Docs: https://docs.pytest.org/en/stable/warnings.html
======================== 14 passed, 1 warning in 11.61s ========================
============================= test session starts ==============================
platform linux -- Python 3.8.0, pytest-6.2.2, py-1.10.0, pluggy-0.13.1
rootdir: /dc-app-performance-toolkit/app
plugins: apiritif-0.9.6
collected 14 items

selenium_ui/jira_ui.py get driver from global
1612745883407,98,selenium_login:open_login_page,Success,True
1612745883912,505,selenium_login:login_and_view_dashboard,Success,True
1612745883912,604,selenium_login,Success,True
.test_0_selenium_a_login,Total:183 Passed:183 Failed:0
1612745884221,290,selenium_browse_projects_list,Success,True
.test_1_selenium_browse_projects_list,Total:184 Passed:184 Failed:0
1612745884474,250,selenium_browse_boards_list,Success,True
.test_1_selenium_browse_boards_list,Total:185 Passed:185 Failed:0
1612745885243,760,selenium_create_issue:open_quick_create,Success,True
1612745886404,609,selenium_create_issue:fill_and_submit_issue_form:submit_issue_form,Success,True
1612745886404,1161,selenium_create_issue:fill_and_submit_issue_form,Success,True
1612745886404,1921,selenium_create_issue,Success,True
.test_1_selenium_create_issue,Total:186 Passed:186 Failed:0
1612745886898,485,selenium_edit_issue:open_edit_issue_form,Success,True
1612745887965,621,selenium_edit_issue:save_edit_issue_form,Success,True
1612745887965,1553,selenium_edit_issue,Success,True
.test_1_selenium_edit_issue,Total:187 Passed:187 Failed:0
1612745888289,322,selenium_save_comment:open_comment_form,Success,True
1612745889230,792,selenium_save_comment:submit_form,Success,True
1612745889230,1263,selenium_save_comment,Success,True
.test_1_selenium_save_comment,Total:188 Passed:188 Failed:0
1612745890400,1167,selenium_search_jql,Success,True
.test_1_selenium_search_jql,Total:189 Passed:189 Failed:0
1612745891354,952,selenium_view_scrum_board_backlog,Success,True
.test_1_selenium_view_backlog_for_scrum_board,Total:190 Passed:190 Failed:0
1612745892136,781,selenium_view_scrum_board,Success,True
.test_1_selenium_view_scrum_board,Total:191 Passed:191 Failed:0
1612745892992,854,selenium_view_kanban_board,Success,True
.test_1_selenium_view_kanban_board,Total:192 Passed:192 Failed:0
1612745893484,491,selenium_view_dashboard,Success,True
.test_1_selenium_view_dashboard,Total:193 Passed:193 Failed:0
1612745894088,601,selenium_view_issue,Success,True
.test_1_selenium_view_issue,Total:194 Passed:194 Failed:0
1612745894537,447,selenium_project_summary,Success,True
.test_1_selenium_view_project_summary,Total:195 Passed:195 Failed:0
1612745894864,326,selenium_log_out,Success,True
.test_2_selenium_z_log_out,Total:196 Passed:196 Failed:0


=============================== warnings summary ===============================
../../usr/local/lib/python3.8/dist-packages/_pytest/config/__init__.py:1114
  /usr/local/lib/python3.8/dist-packages/_pytest/config/__init__.py:1114: PytestAssertRewriteWarning: Module already imported so cannot be rewritten: apiritif
    self._mark_plugins_for_rewrite(hook)

-- Docs: https://docs.pytest.org/en/stable/warnings.html
======================== 14 passed, 1 warning in 11.58s ========================
============================= test session starts ==============================
platform linux -- Python 3.8.0, pytest-6.2.2, py-1.10.0, pluggy-0.13.1
rootdir: /dc-app-performance-toolkit/app
plugins: apiritif-0.9.6
collected 14 items

selenium_ui/jira_ui.py get driver from global
1612745895012,97,selenium_login:open_login_page,Success,True
1612745895472,460,selenium_login:login_and_view_dashboard,Success,True
1612745895472,558,selenium_login,Success,True
.test_0_selenium_a_login,Total:197 Passed:197 Failed:0
1612745895738,254,selenium_browse_projects_list,Success,True
.test_1_selenium_browse_projects_list,Total:198 Passed:198 Failed:0
1612745895992,253,selenium_browse_boards_list,Success,True
.test_1_selenium_browse_boards_list,Total:199 Passed:199 Failed:0
1612745896753,753,selenium_create_issue:open_quick_create,Success,True
1612745897876,636,selenium_create_issue:fill_and_submit_issue_form:submit_issue_form,Success,True
1612745897876,1122,selenium_create_issue:fill_and_submit_issue_form,Success,True
1612745897876,1876,selenium_create_issue,Success,True
.test_1_selenium_create_issue,Total:200 Passed:200 Failed:0
1612745898397,507,selenium_edit_issue:open_edit_issue_form,Success,True
1612745899378,548,selenium_edit_issue:save_edit_issue_form,Success,True
1612745899378,1488,selenium_edit_issue,Success,True
.test_1_selenium_edit_issue,Total:201 Passed:201 Failed:0
1612745899799,420,selenium_save_comment:open_comment_form,Success,True
1612745900591,687,selenium_save_comment:submit_form,Success,True
1612745900591,1211,selenium_save_comment,Success,True
.test_1_selenium_save_comment,Total:202 Passed:202 Failed:0
1612745901749,1157,selenium_search_jql,Success,True
.test_1_selenium_search_jql,Total:203 Passed:203 Failed:0
1612745902708,957,selenium_view_scrum_board_backlog,Success,True
.test_1_selenium_view_backlog_for_scrum_board,Total:204 Passed:204 Failed:0
1612745903532,822,selenium_view_scrum_board,Success,True
.test_1_selenium_view_scrum_board,Total:205 Passed:205 Failed:0
1612745904068,534,selenium_view_kanban_board,Success,True
.test_1_selenium_view_kanban_board,Total:206 Passed:206 Failed:0
1612745904519,449,selenium_view_dashboard,Success,True
.test_1_selenium_view_dashboard,Total:207 Passed:207 Failed:0
1612745905094,573,selenium_view_issue,Success,True
.test_1_selenium_view_issue,Total:208 Passed:208 Failed:0
1612745905469,373,selenium_project_summary,Success,True
.test_1_selenium_view_project_summary,Total:209 Passed:209 Failed:0
1612745905768,297,selenium_log_out,Success,True
.test_2_selenium_z_log_out,Total:210 Passed:210 Failed:0


=============================== warnings summary ===============================
../../usr/local/lib/python3.8/dist-packages/_pytest/config/__init__.py:1114
  /usr/local/lib/python3.8/dist-packages/_pytest/config/__init__.py:1114: PytestAssertRewriteWarning: Module already imported so cannot be rewritten: apiritif
    self._mark_plugins_for_rewrite(hook)

-- Docs: https://docs.pytest.org/en/stable/warnings.html
======================== 14 passed, 1 warning in 10.86s ========================
============================= test session starts ==============================
platform linux -- Python 3.8.0, pytest-6.2.2, py-1.10.0, pluggy-0.13.1
rootdir: /dc-app-performance-toolkit/app
plugins: apiritif-0.9.6
collected 14 items

selenium_ui/jira_ui.py get driver from global
1612745905914,96,selenium_login:open_login_page,Success,True
1612745906404,489,selenium_login:login_and_view_dashboard,Success,True
1612745906404,586,selenium_login,Success,True
.test_0_selenium_a_login,Total:211 Passed:211 Failed:0
1612745906675,258,selenium_browse_projects_list,Success,True
.test_1_selenium_browse_projects_list,Total:212 Passed:212 Failed:0
1612745906936,259,selenium_browse_boards_list,Success,True
.test_1_selenium_browse_boards_list,Total:213 Passed:213 Failed:0
1612745907686,741,selenium_create_issue:open_quick_create,Success,True
1612745909029,668,selenium_create_issue:fill_and_submit_issue_form:submit_issue_form,Success,True
1612745909029,1342,selenium_create_issue:fill_and_submit_issue_form,Success,True
1612745909029,2085,selenium_create_issue,Success,True
.test_1_selenium_create_issue,Total:214 Passed:214 Failed:0
1612745909538,499,selenium_edit_issue:open_edit_issue_form,Success,True
1612745910507,523,selenium_edit_issue:save_edit_issue_form,Success,True
1612745910507,1468,selenium_edit_issue,Success,True
.test_1_selenium_edit_issue,Total:215 Passed:215 Failed:0
1612745910872,363,selenium_save_comment:open_comment_form,Success,True
1612745911732,704,selenium_save_comment:submit_form,Success,True
1612745911733,1224,selenium_save_comment,Success,True
.test_1_selenium_save_comment,Total:216 Passed:216 Failed:0
1612745912917,1182,selenium_search_jql,Success,True
.test_1_selenium_search_jql,Total:217 Passed:217 Failed:0
1612745913889,971,selenium_view_scrum_board_backlog,Success,True
.test_1_selenium_view_backlog_for_scrum_board,Total:218 Passed:218 Failed:0
1612745914807,916,selenium_view_scrum_board,Success,True
.test_1_selenium_view_scrum_board,Total:219 Passed:219 Failed:0
1612745915307,497,selenium_view_kanban_board,Success,True
.test_1_selenium_view_kanban_board,Total:220 Passed:220 Failed:0
1612745915537,228,selenium_view_dashboard,Success,True
.test_1_selenium_view_dashboard,Total:221 Passed:221 Failed:0
1612745916106,567,selenium_view_issue,Success,True
.test_1_selenium_view_issue,Total:222 Passed:222 Failed:0
1612745916570,462,selenium_project_summary,Success,True
.test_1_selenium_view_project_summary,Total:223 Passed:223 Failed:0
1612745916870,299,selenium_log_out,Success,True
.test_2_selenium_z_log_out,Total:224 Passed:224 Failed:0


=============================== warnings summary ===============================
../../usr/local/lib/python3.8/dist-packages/_pytest/config/__init__.py:1114
  /usr/local/lib/python3.8/dist-packages/_pytest/config/__init__.py:1114: PytestAssertRewriteWarning: Module already imported so cannot be rewritten: apiritif
    self._mark_plugins_for_rewrite(hook)

-- Docs: https://docs.pytest.org/en/stable/warnings.html
======================== 14 passed, 1 warning in 11.06s ========================
============================= test session starts ==============================
platform linux -- Python 3.8.0, pytest-6.2.2, py-1.10.0, pluggy-0.13.1
rootdir: /dc-app-performance-toolkit/app
plugins: apiritif-0.9.6
collected 14 items

selenium_ui/jira_ui.py get driver from global
1612745917022,101,selenium_login:open_login_page,Success,True
1612745917535,512,selenium_login:login_and_view_dashboard,Success,True
1612745917535,614,selenium_login,Success,True
.test_0_selenium_a_login,Total:225 Passed:225 Failed:0
1612745917799,251,selenium_browse_projects_list,Success,True
.test_1_selenium_browse_projects_list,Total:226 Passed:226 Failed:0
1612745918068,268,selenium_browse_boards_list,Success,True
.test_1_selenium_browse_boards_list,Total:227 Passed:227 Failed:0
1612745918829,753,selenium_create_issue:open_quick_create,Success,True
1612745919949,608,selenium_create_issue:fill_and_submit_issue_form:submit_issue_form,Success,True
1612745919949,1119,selenium_create_issue:fill_and_submit_issue_form,Success,True
1612745919949,1873,selenium_create_issue,Success,True
.test_1_selenium_create_issue,Total:228 Passed:228 Failed:0
1612745920470,511,selenium_edit_issue:open_edit_issue_form,Success,True
1612745921404,483,selenium_edit_issue:save_edit_issue_form,Success,True
1612745921405,1446,selenium_edit_issue,Success,True
.test_1_selenium_edit_issue,Total:229 Passed:229 Failed:0
1612745921760,354,selenium_save_comment:open_comment_form,Success,True
1612745922624,716,selenium_save_comment:submit_form,Success,True
1612745922624,1218,selenium_save_comment,Success,True
.test_1_selenium_save_comment,Total:230 Passed:230 Failed:0
1612745923776,1150,selenium_search_jql,Success,True
.test_1_selenium_search_jql,Total:231 Passed:231 Failed:0
1612745924734,957,selenium_view_scrum_board_backlog,Success,True
.test_1_selenium_view_backlog_for_scrum_board,Total:232 Passed:232 Failed:0
1612745925606,870,selenium_view_scrum_board,Success,True
.test_1_selenium_view_scrum_board,Total:233 Passed:233 Failed:0
1612745926352,745,selenium_view_kanban_board,Success,True
.test_1_selenium_view_kanban_board,Total:234 Passed:234 Failed:0
1612745926622,267,selenium_view_dashboard,Success,True
.test_1_selenium_view_dashboard,Total:235 Passed:235 Failed:0
1612745927317,693,selenium_view_issue,Success,True
.test_1_selenium_view_issue,Total:236 Passed:236 Failed:0
1612745927768,449,selenium_project_summary,Success,True
.test_1_selenium_view_project_summary,Total:237 Passed:237 Failed:0
1612745928099,329,selenium_log_out,Success,True
.test_2_selenium_z_log_out,Total:238 Passed:238 Failed:0


=============================== warnings summary ===============================
../../usr/local/lib/python3.8/dist-packages/_pytest/config/__init__.py:1114
  /usr/local/lib/python3.8/dist-packages/_pytest/config/__init__.py:1114: PytestAssertRewriteWarning: Module already imported so cannot be rewritten: apiritif
    self._mark_plugins_for_rewrite(hook)

-- Docs: https://docs.pytest.org/en/stable/warnings.html
======================== 14 passed, 1 warning in 11.19s ========================
============================= test session starts ==============================
platform linux -- Python 3.8.0, pytest-6.2.2, py-1.10.0, pluggy-0.13.1
rootdir: /dc-app-performance-toolkit/app
plugins: apiritif-0.9.6
collected 14 items

selenium_ui/jira_ui.py get driver from global
1612745928244,96,selenium_login:open_login_page,Success,True
1612745928721,476,selenium_login:login_and_view_dashboard,Success,True
1612745928721,573,selenium_login,Success,True
.test_0_selenium_a_login,Total:239 Passed:239 Failed:0
1612745928989,257,selenium_browse_projects_list,Success,True
.test_1_selenium_browse_projects_list,Total:240 Passed:240 Failed:0
1612745929247,256,selenium_browse_boards_list,Success,True
.test_1_selenium_browse_boards_list,Total:241 Passed:241 Failed:0
1612745929904,649,selenium_create_issue:open_quick_create,Success,True
1612745931058,604,selenium_create_issue:fill_and_submit_issue_form:submit_issue_form,Success,True
1612745931058,1153,selenium_create_issue:fill_and_submit_issue_form,Success,True
1612745931058,1803,selenium_create_issue,Success,True
.test_1_selenium_create_issue,Total:242 Passed:242 Failed:0
1612745931692,625,selenium_edit_issue:open_edit_issue_form,Success,True
1612745932638,665,selenium_edit_issue:save_edit_issue_form,Success,True
1612745932638,1571,selenium_edit_issue,Success,True
.test_1_selenium_edit_issue,Total:243 Passed:243 Failed:0
1612745932879,239,selenium_save_comment:open_comment_form,Success,True
1612745933655,628,selenium_save_comment:submit_form,Success,True
1612745933656,1016,selenium_save_comment,Success,True
.test_1_selenium_save_comment,Total:244 Passed:244 Failed:0
1612745934837,1180,selenium_search_jql,Success,True
.test_1_selenium_search_jql,Total:245 Passed:245 Failed:0
1612745936135,1297,selenium_view_scrum_board_backlog,Success,True
.test_1_selenium_view_backlog_for_scrum_board,Total:246 Passed:246 Failed:0
1612745936902,765,selenium_view_scrum_board,Success,True
.test_1_selenium_view_scrum_board,Total:247 Passed:247 Failed:0
1612745937428,523,selenium_view_kanban_board,Success,True
.test_1_selenium_view_kanban_board,Total:248 Passed:248 Failed:0
1612745937748,318,selenium_view_dashboard,Success,True
.test_1_selenium_view_dashboard,Total:249 Passed:249 Failed:0
1612745938299,549,selenium_view_issue,Success,True
.test_1_selenium_view_issue,Total:250 Passed:250 Failed:0
1612745938776,475,selenium_project_summary,Success,True
.test_1_selenium_view_project_summary,Total:251 Passed:251 Failed:0
1612745939080,302,selenium_log_out,Success,True
.test_2_selenium_z_log_out,Total:252 Passed:252 Failed:0


=============================== warnings summary ===============================
../../usr/local/lib/python3.8/dist-packages/_pytest/config/__init__.py:1114
  /usr/local/lib/python3.8/dist-packages/_pytest/config/__init__.py:1114: PytestAssertRewriteWarning: Module already imported so cannot be rewritten: apiritif
    self._mark_plugins_for_rewrite(hook)

-- Docs: https://docs.pytest.org/en/stable/warnings.html
======================== 14 passed, 1 warning in 10.94s ========================
============================= test session starts ==============================
platform linux -- Python 3.8.0, pytest-6.2.2, py-1.10.0, pluggy-0.13.1
rootdir: /dc-app-performance-toolkit/app
plugins: apiritif-0.9.6
collected 14 items

selenium_ui/jira_ui.py get driver from global
1612745939226,96,selenium_login:open_login_page,Success,True
1612745939668,442,selenium_login:login_and_view_dashboard,Success,True
1612745939669,539,selenium_login,Success,True
.test_0_selenium_a_login,Total:253 Passed:253 Failed:0
1612745940011,328,selenium_browse_projects_list,Success,True
.test_1_selenium_browse_projects_list,Total:254 Passed:254 Failed:0
1612745940269,256,selenium_browse_boards_list,Success,True
.test_1_selenium_browse_boards_list,Total:255 Passed:255 Failed:0
1612745941073,796,selenium_create_issue:open_quick_create,Success,True
1612745942257,607,selenium_create_issue:fill_and_submit_issue_form:submit_issue_form,Success,True
1612745942257,1183,selenium_create_issue:fill_and_submit_issue_form,Success,True
1612745942257,1980,selenium_create_issue,Success,True
.test_1_selenium_create_issue,Total:256 Passed:256 Failed:0
1612745942759,493,selenium_edit_issue:open_edit_issue_form,Success,True
1612745943749,546,selenium_edit_issue:save_edit_issue_form,Success,True
1612745943749,1483,selenium_edit_issue,Success,True
.test_1_selenium_edit_issue,Total:257 Passed:257 Failed:0
1612745944151,400,selenium_save_comment:open_comment_form,Success,True
1612745944932,680,selenium_save_comment:submit_form,Success,True
1612745944932,1182,selenium_save_comment,Success,True
.test_1_selenium_save_comment,Total:258 Passed:258 Failed:0
1612745946072,1138,selenium_search_jql,Success,True
.test_1_selenium_search_jql,Total:259 Passed:259 Failed:0
1612745947366,1292,selenium_view_scrum_board_backlog,Success,True
.test_1_selenium_view_backlog_for_scrum_board,Total:260 Passed:260 Failed:0
1612745948162,795,selenium_view_scrum_board,Success,True
.test_1_selenium_view_scrum_board,Total:261 Passed:261 Failed:0
1612745948566,402,selenium_view_kanban_board,Success,True
.test_1_selenium_view_kanban_board,Total:262 Passed:262 Failed:0
1612745948863,295,selenium_view_dashboard,Success,True
.test_1_selenium_view_dashboard,Total:263 Passed:263 Failed:0
1612745949458,593,selenium_view_issue,Success,True
.test_1_selenium_view_issue,Total:264 Passed:264 Failed:0
1612745949916,456,selenium_project_summary,Success,True
.test_1_selenium_view_project_summary,Total:265 Passed:265 Failed:0
1612745950206,288,selenium_log_out,Success,True
.test_2_selenium_z_log_out,Total:266 Passed:266 Failed:0


=============================== warnings summary ===============================
../../usr/local/lib/python3.8/dist-packages/_pytest/config/__init__.py:1114
  /usr/local/lib/python3.8/dist-packages/_pytest/config/__init__.py:1114: PytestAssertRewriteWarning: Module already imported so cannot be rewritten: apiritif
    self._mark_plugins_for_rewrite(hook)

-- Docs: https://docs.pytest.org/en/stable/warnings.html
======================== 14 passed, 1 warning in 11.09s ========================
============================= test session starts ==============================
platform linux -- Python 3.8.0, pytest-6.2.2, py-1.10.0, pluggy-0.13.1
rootdir: /dc-app-performance-toolkit/app
plugins: apiritif-0.9.6
collected 14 items

selenium_ui/jira_ui.py get driver from global
1612745950354,97,selenium_login:open_login_page,Success,True
1612745950840,486,selenium_login:login_and_view_dashboard,Success,True
1612745950840,583,selenium_login,Success,True
.test_0_selenium_a_login,Total:267 Passed:267 Failed:0
1612745951102,249,selenium_browse_projects_list,Success,True
.test_1_selenium_browse_projects_list,Total:268 Passed:268 Failed:0
1612745951358,253,selenium_browse_boards_list,Success,True
.test_1_selenium_browse_boards_list,Total:269 Passed:269 Failed:0
1612745952105,738,selenium_create_issue:open_quick_create,Success,True
1612745953286,608,selenium_create_issue:fill_and_submit_issue_form:submit_issue_form,Success,True
1612745953286,1181,selenium_create_issue:fill_and_submit_issue_form,Success,True
1612745953286,1919,selenium_create_issue,Success,True
.test_1_selenium_create_issue,Total:270 Passed:270 Failed:0
1612745953787,493,selenium_edit_issue:open_edit_issue_form,Success,True
1612745954879,655,selenium_edit_issue:save_edit_issue_form,Success,True
1612745954879,1584,selenium_edit_issue,Success,True
.test_1_selenium_edit_issue,Total:271 Passed:271 Failed:0
1612745955206,324,selenium_save_comment:open_comment_form,Success,True
1612745956039,666,selenium_save_comment:submit_form,Success,True
1612745956039,1158,selenium_save_comment,Success,True
.test_1_selenium_save_comment,Total:272 Passed:272 Failed:0
1612745957186,1145,selenium_search_jql,Success,True
.test_1_selenium_search_jql,Total:273 Passed:273 Failed:0
1612745958145,957,selenium_view_scrum_board_backlog,Success,True
.test_1_selenium_view_backlog_for_scrum_board,Total:274 Passed:274 Failed:0
1612745959003,856,selenium_view_scrum_board,Success,True
.test_1_selenium_view_scrum_board,Total:275 Passed:275 Failed:0
1612745959839,834,selenium_view_kanban_board,Success,True
.test_1_selenium_view_kanban_board,Total:276 Passed:276 Failed:0
1612745960295,454,selenium_view_dashboard,Success,True
.test_1_selenium_view_dashboard,Total:277 Passed:277 Failed:0
1612745960872,575,selenium_view_issue,Success,True
.test_1_selenium_view_issue,Total:278 Passed:278 Failed:0
1612745961327,452,selenium_project_summary,Success,True
.test_1_selenium_view_project_summary,Total:279 Passed:279 Failed:0
1612745961627,298,selenium_log_out,Success,True
.test_2_selenium_z_log_out,Total:280 Passed:280 Failed:0


=============================== warnings summary ===============================
../../usr/local/lib/python3.8/dist-packages/_pytest/config/__init__.py:1114
  /usr/local/lib/python3.8/dist-packages/_pytest/config/__init__.py:1114: PytestAssertRewriteWarning: Module already imported so cannot be rewritten: apiritif
    self._mark_plugins_for_rewrite(hook)

-- Docs: https://docs.pytest.org/en/stable/warnings.html
======================== 14 passed, 1 warning in 11.38s ========================
============================= test session starts ==============================
platform linux -- Python 3.8.0, pytest-6.2.2, py-1.10.0, pluggy-0.13.1
rootdir: /dc-app-performance-toolkit/app
plugins: apiritif-0.9.6
collected 14 items

selenium_ui/jira_ui.py get driver from global
1612745961771,95,selenium_login:open_login_page,Success,True
1612745962302,530,selenium_login:login_and_view_dashboard,Success,True
1612745962302,626,selenium_login,Success,True
.test_0_selenium_a_login,Total:281 Passed:281 Failed:0
1612745962566,253,selenium_browse_projects_list,Success,True
.test_1_selenium_browse_projects_list,Total:282 Passed:282 Failed:0
1612745962824,256,selenium_browse_boards_list,Success,True
.test_1_selenium_browse_boards_list,Total:283 Passed:283 Failed:0
1612745963477,645,selenium_create_issue:open_quick_create,Success,True
1612745964647,607,selenium_create_issue:fill_and_submit_issue_form:submit_issue_form,Success,True
1612745964647,1169,selenium_create_issue:fill_and_submit_issue_form,Success,True
1612745964647,1814,selenium_create_issue,Success,True
.test_1_selenium_create_issue,Total:284 Passed:284 Failed:0
1612745965125,469,selenium_edit_issue:open_edit_issue_form,Success,True
1612745966147,583,selenium_edit_issue:save_edit_issue_form,Success,True
1612745966147,1492,selenium_edit_issue,Success,True
.test_1_selenium_edit_issue,Total:285 Passed:285 Failed:0
1612745966490,341,selenium_save_comment:open_comment_form,Success,True
1612745967369,724,selenium_save_comment:submit_form,Success,True
1612745967369,1220,selenium_save_comment,Success,True
.test_1_selenium_save_comment,Total:286 Passed:286 Failed:0
1612745968525,1154,selenium_search_jql,Success,True
.test_1_selenium_search_jql,Total:287 Passed:287 Failed:0
1612745969840,1313,selenium_view_scrum_board_backlog,Success,True
.test_1_selenium_view_backlog_for_scrum_board,Total:288 Passed:288 Failed:0
1612745970643,801,selenium_view_scrum_board,Success,True
.test_1_selenium_view_scrum_board,Total:289 Passed:289 Failed:0
1612745971361,716,selenium_view_kanban_board,Success,True
.test_1_selenium_view_kanban_board,Total:290 Passed:290 Failed:0
1612745971650,287,selenium_view_dashboard,Success,True
.test_1_selenium_view_dashboard,Total:291 Passed:291 Failed:0
1612745972324,672,selenium_view_issue,Success,True
.test_1_selenium_view_issue,Total:292 Passed:292 Failed:0
1612745972772,446,selenium_project_summary,Success,True
.test_1_selenium_view_project_summary,Total:293 Passed:293 Failed:0
1612745973077,303,selenium_log_out,Success,True
.test_2_selenium_z_log_out,Total:294 Passed:294 Failed:0


=============================== warnings summary ===============================
../../usr/local/lib/python3.8/dist-packages/_pytest/config/__init__.py:1114
  /usr/local/lib/python3.8/dist-packages/_pytest/config/__init__.py:1114: PytestAssertRewriteWarning: Module already imported so cannot be rewritten: apiritif
    self._mark_plugins_for_rewrite(hook)

-- Docs: https://docs.pytest.org/en/stable/warnings.html
======================== 14 passed, 1 warning in 11.41s ========================
============================= test session starts ==============================
platform linux -- Python 3.8.0, pytest-6.2.2, py-1.10.0, pluggy-0.13.1
rootdir: /dc-app-performance-toolkit/app
plugins: apiritif-0.9.6
collected 14 items

selenium_ui/jira_ui.py get driver from global
1612745973226,98,selenium_login:open_login_page,Success,True
1612745973705,479,selenium_login:login_and_view_dashboard,Success,True
1612745973705,578,selenium_login,Success,True
.test_0_selenium_a_login,Total:295 Passed:295 Failed:0
1612745973969,252,selenium_browse_projects_list,Success,True
.test_1_selenium_browse_projects_list,Total:296 Passed:296 Failed:0
1612745974223,253,selenium_browse_boards_list,Success,True
.test_1_selenium_browse_boards_list,Total:297 Passed:297 Failed:0
1612745974956,724,selenium_create_issue:open_quick_create,Success,True
1612745976119,607,selenium_create_issue:fill_and_submit_issue_form:submit_issue_form,Success,True
1612745976119,1162,selenium_create_issue:fill_and_submit_issue_form,Success,True
1612745976119,1886,selenium_create_issue,Success,True
.test_1_selenium_create_issue,Total:298 Passed:298 Failed:0
1612745976621,493,selenium_edit_issue:open_edit_issue_form,Success,True
1612745977647,589,selenium_edit_issue:save_edit_issue_form,Success,True
1612745977647,1519,selenium_edit_issue,Success,True
.test_1_selenium_edit_issue,Total:299 Passed:299 Failed:0
1612745977982,333,selenium_save_comment:open_comment_form,Success,True
1612745978820,688,selenium_save_comment:submit_form,Success,True
1612745978820,1171,selenium_save_comment,Success,True
.test_1_selenium_save_comment,Total:300 Passed:300 Failed:0
1612745979990,1168,selenium_search_jql,Success,True
.test_1_selenium_search_jql,Total:301 Passed:301 Failed:0
1612745980923,931,selenium_view_scrum_board_backlog,Success,True
.test_1_selenium_view_backlog_for_scrum_board,Total:302 Passed:302 Failed:0
1612745981780,856,selenium_view_scrum_board,Success,True
.test_1_selenium_view_scrum_board,Total:303 Passed:303 Failed:0
1612745983152,1369,selenium_view_kanban_board,Success,True
.test_1_selenium_view_kanban_board,Total:304 Passed:304 Failed:0
1612745983638,484,selenium_view_dashboard,Success,True
.test_1_selenium_view_dashboard,Total:305 Passed:305 Failed:0
1612745984195,556,selenium_view_issue,Success,True
.test_1_selenium_view_issue,Total:306 Passed:306 Failed:0
1612745984539,341,selenium_project_summary,Success,True
.test_1_selenium_view_project_summary,Total:307 Passed:307 Failed:0
1612745984879,339,selenium_log_out,Success,True
.test_2_selenium_z_log_out,Total:308 Passed:308 Failed:0


=============================== warnings summary ===============================
../../usr/local/lib/python3.8/dist-packages/_pytest/config/__init__.py:1114
  /usr/local/lib/python3.8/dist-packages/_pytest/config/__init__.py:1114: PytestAssertRewriteWarning: Module already imported so cannot be rewritten: apiritif
    self._mark_plugins_for_rewrite(hook)

-- Docs: https://docs.pytest.org/en/stable/warnings.html
======================== 14 passed, 1 warning in 11.76s ========================
============================= test session starts ==============================
platform linux -- Python 3.8.0, pytest-6.2.2, py-1.10.0, pluggy-0.13.1
rootdir: /dc-app-performance-toolkit/app
plugins: apiritif-0.9.6
collected 14 items

selenium_ui/jira_ui.py get driver from global
1612745985025,97,selenium_login:open_login_page,Success,True
1612745985501,475,selenium_login:login_and_view_dashboard,Success,True
1612745985501,573,selenium_login,Success,True
.test_0_selenium_a_login,Total:309 Passed:309 Failed:0
1612745985777,264,selenium_browse_projects_list,Success,True
.test_1_selenium_browse_projects_list,Total:310 Passed:310 Failed:0
1612745986028,250,selenium_browse_boards_list,Success,True
.test_1_selenium_browse_boards_list,Total:311 Passed:311 Failed:0
1612745986787,750,selenium_create_issue:open_quick_create,Success,True
1612745987958,608,selenium_create_issue:fill_and_submit_issue_form:submit_issue_form,Success,True
1612745987958,1171,selenium_create_issue:fill_and_submit_issue_form,Success,True
1612745987958,1921,selenium_create_issue,Success,True
.test_1_selenium_create_issue,Total:312 Passed:312 Failed:0
1612745988536,570,selenium_edit_issue:open_edit_issue_form,Success,True
1612745989461,555,selenium_edit_issue:save_edit_issue_form,Success,True
1612745989461,1495,selenium_edit_issue,Success,True
.test_1_selenium_edit_issue,Total:313 Passed:313 Failed:0
1612745989791,328,selenium_save_comment:open_comment_form,Success,True
1612745990615,671,selenium_save_comment:submit_form,Success,True
1612745990615,1152,selenium_save_comment,Success,True
.test_1_selenium_save_comment,Total:314 Passed:314 Failed:0
1612745991815,1198,selenium_search_jql,Success,True
.test_1_selenium_search_jql,Total:315 Passed:315 Failed:0
1612745993344,1528,selenium_view_scrum_board_backlog,Success,True
.test_1_selenium_view_backlog_for_scrum_board,Total:316 Passed:316 Failed:0
1612745994148,802,selenium_view_scrum_board,Success,True
.test_1_selenium_view_scrum_board,Total:317 Passed:317 Failed:0
1612745994544,394,selenium_view_kanban_board,Success,True
.test_1_selenium_view_kanban_board,Total:318 Passed:318 Failed:0
1612745994994,448,selenium_view_dashboard,Success,True
.test_1_selenium_view_dashboard,Total:319 Passed:319 Failed:0
1612745995607,610,selenium_view_issue,Success,True
.test_1_selenium_view_issue,Total:320 Passed:320 Failed:0
1612745995983,374,selenium_project_summary,Success,True
.test_1_selenium_view_project_summary,Total:321 Passed:321 Failed:0
1612745996284,300,selenium_log_out,Success,True
.test_2_selenium_z_log_out,Total:322 Passed:322 Failed:0


=============================== warnings summary ===============================
../../usr/local/lib/python3.8/dist-packages/_pytest/config/__init__.py:1114
  /usr/local/lib/python3.8/dist-packages/_pytest/config/__init__.py:1114: PytestAssertRewriteWarning: Module already imported so cannot be rewritten: apiritif
    self._mark_plugins_for_rewrite(hook)

-- Docs: https://docs.pytest.org/en/stable/warnings.html
======================== 14 passed, 1 warning in 11.37s ========================
============================= test session starts ==============================
platform linux -- Python 3.8.0, pytest-6.2.2, py-1.10.0, pluggy-0.13.1
rootdir: /dc-app-performance-toolkit/app
plugins: apiritif-0.9.6
collected 14 items

selenium_ui/jira_ui.py get driver from global
1612745996431,97,selenium_login:open_login_page,Success,True
1612745996886,454,selenium_login:login_and_view_dashboard,Success,True
1612745996886,552,selenium_login,Success,True
.test_0_selenium_a_login,Total:323 Passed:323 Failed:0
1612745997151,255,selenium_browse_projects_list,Success,True
.test_1_selenium_browse_projects_list,Total:324 Passed:324 Failed:0
1612745997406,253,selenium_browse_boards_list,Success,True
.test_1_selenium_browse_boards_list,Total:325 Passed:325 Failed:0
1612745998199,784,selenium_create_issue:open_quick_create,Success,True
1612745999317,604,selenium_create_issue:fill_and_submit_issue_form:submit_issue_form,Success,True
1612745999318,1118,selenium_create_issue:fill_and_submit_issue_form,Success,True
1612745999318,1903,selenium_create_issue,Success,True
.test_1_selenium_create_issue,Total:326 Passed:326 Failed:0
1612745999924,598,selenium_edit_issue:open_edit_issue_form,Success,True
1612746000793,520,selenium_edit_issue:save_edit_issue_form,Success,True
1612746000793,1467,selenium_edit_issue,Success,True
.test_1_selenium_edit_issue,Total:327 Passed:327 Failed:0
1612746001152,357,selenium_save_comment:open_comment_form,Success,True
1612746002004,700,selenium_save_comment:submit_form,Success,True
1612746002004,1209,selenium_save_comment,Success,True
.test_1_selenium_save_comment,Total:328 Passed:328 Failed:0
1612746003185,1180,selenium_search_jql,Success,True
.test_1_selenium_search_jql,Total:329 Passed:329 Failed:0
1612746004510,1323,selenium_view_scrum_board_backlog,Success,True
.test_1_selenium_view_backlog_for_scrum_board,Total:330 Passed:330 Failed:0
1612746005307,795,selenium_view_scrum_board,Success,True
.test_1_selenium_view_scrum_board,Total:331 Passed:331 Failed:0
1612746006206,897,selenium_view_kanban_board,Success,True
.test_1_selenium_view_kanban_board,Total:332 Passed:332 Failed:0
1612746006802,595,selenium_view_dashboard,Success,True
.test_1_selenium_view_dashboard,Total:333 Passed:333 Failed:0
1612746007462,658,selenium_view_issue,Success,True
.test_1_selenium_view_issue,Total:334 Passed:334 Failed:0
1612746007923,459,selenium_project_summary,Success,True
.test_1_selenium_view_project_summary,Total:335 Passed:335 Failed:0
1612746008238,314,selenium_log_out,Success,True
.test_2_selenium_z_log_out,Total:336 Passed:336 Failed:0


=============================== warnings summary ===============================
../../usr/local/lib/python3.8/dist-packages/_pytest/config/__init__.py:1114
  /usr/local/lib/python3.8/dist-packages/_pytest/config/__init__.py:1114: PytestAssertRewriteWarning: Module already imported so cannot be rewritten: apiritif
    self._mark_plugins_for_rewrite(hook)

-- Docs: https://docs.pytest.org/en/stable/warnings.html
======================== 14 passed, 1 warning in 11.91s ========================
============================= test session starts ==============================
platform linux -- Python 3.8.0, pytest-6.2.2, py-1.10.0, pluggy-0.13.1
rootdir: /dc-app-performance-toolkit/app
plugins: apiritif-0.9.6
collected 14 items

selenium_ui/jira_ui.py get driver from global
1612746008383,96,selenium_login:open_login_page,Success,True
1612746008903,518,selenium_login:login_and_view_dashboard,Success,True
1612746008903,615,selenium_login,Success,True
.test_0_selenium_a_login,Total:337 Passed:337 Failed:0
1612746009160,246,selenium_browse_projects_list,Success,True
.test_1_selenium_browse_projects_list,Total:338 Passed:338 Failed:0
1612746009418,257,selenium_browse_boards_list,Success,True
.test_1_selenium_browse_boards_list,Total:339 Passed:339 Failed:0
1612746010076,649,selenium_create_issue:open_quick_create,Success,True
1612746011181,605,selenium_create_issue:fill_and_submit_issue_form:submit_issue_form,Success,True
1612746011181,1104,selenium_create_issue:fill_and_submit_issue_form,Success,True
1612746011181,1754,selenium_create_issue,Success,True
.test_1_selenium_create_issue,Total:340 Passed:340 Failed:0
1612746011761,571,selenium_edit_issue:open_edit_issue_form,Success,True
1612746012602,510,selenium_edit_issue:save_edit_issue_form,Success,True
1612746012602,1412,selenium_edit_issue,Success,True
.test_1_selenium_edit_issue,Total:341 Passed:341 Failed:0
1612746012978,374,selenium_save_comment:open_comment_form,Success,True
1612746013843,711,selenium_save_comment:submit_form,Success,True
1612746013844,1240,selenium_save_comment,Success,True
.test_1_selenium_save_comment,Total:342 Passed:342 Failed:0
1612746014991,1146,selenium_search_jql,Success,True
.test_1_selenium_search_jql,Total:343 Passed:343 Failed:0
1612746016302,1309,selenium_view_scrum_board_backlog,Success,True
.test_1_selenium_view_backlog_for_scrum_board,Total:344 Passed:344 Failed:0
1612746017098,794,selenium_view_scrum_board,Success,True
.test_1_selenium_view_scrum_board,Total:345 Passed:345 Failed:0
1612746017894,794,selenium_view_kanban_board,Success,True
.test_1_selenium_view_kanban_board,Total:346 Passed:346 Failed:0
1612746018538,643,selenium_view_dashboard,Success,True
.test_1_selenium_view_dashboard,Total:347 Passed:347 Failed:0
1612746019196,656,selenium_view_issue,Success,True
.test_1_selenium_view_issue,Total:348 Passed:348 Failed:0
1612746019592,394,selenium_project_summary,Success,True
.test_1_selenium_view_project_summary,Total:349 Passed:349 Failed:0
1612746019915,321,selenium_log_out,Success,True
.test_2_selenium_z_log_out,Total:350 Passed:350 Failed:0


=============================== warnings summary ===============================
../../usr/local/lib/python3.8/dist-packages/_pytest/config/__init__.py:1114
  /usr/local/lib/python3.8/dist-packages/_pytest/config/__init__.py:1114: PytestAssertRewriteWarning: Module already imported so cannot be rewritten: apiritif
    self._mark_plugins_for_rewrite(hook)

-- Docs: https://docs.pytest.org/en/stable/warnings.html
======================== 14 passed, 1 warning in 11.64s ========================
============================= test session starts ==============================
platform linux -- Python 3.8.0, pytest-6.2.2, py-1.10.0, pluggy-0.13.1
rootdir: /dc-app-performance-toolkit/app
plugins: apiritif-0.9.6
collected 14 items

selenium_ui/jira_ui.py get driver from global
1612746020086,95,selenium_login:open_login_page,Success,True
1612746020550,463,selenium_login:login_and_view_dashboard,Success,True
1612746020550,559,selenium_login,Success,True
.test_0_selenium_a_login,Total:351 Passed:351 Failed:0
1612746020818,258,selenium_browse_projects_list,Success,True
.test_1_selenium_browse_projects_list,Total:352 Passed:352 Failed:0
1612746021088,268,selenium_browse_boards_list,Success,True
.test_1_selenium_browse_boards_list,Total:353 Passed:353 Failed:0
1612746021849,751,selenium_create_issue:open_quick_create,Success,True
1612746022977,605,selenium_create_issue:fill_and_submit_issue_form:submit_issue_form,Success,True
1612746022977,1127,selenium_create_issue:fill_and_submit_issue_form,Success,True
1612746022977,1879,selenium_create_issue,Success,True
.test_1_selenium_create_issue,Total:354 Passed:354 Failed:0
1612746023457,472,selenium_edit_issue:open_edit_issue_form,Success,True
1612746024439,504,selenium_edit_issue:save_edit_issue_form,Success,True
1612746024439,1454,selenium_edit_issue,Success,True
.test_1_selenium_edit_issue,Total:355 Passed:355 Failed:0
1612746024822,381,selenium_save_comment:open_comment_form,Success,True
1612746025696,724,selenium_save_comment:submit_form,Success,True
1612746025696,1255,selenium_save_comment,Success,True
.test_1_selenium_save_comment,Total:356 Passed:356 Failed:0
1612746026878,1180,selenium_search_jql,Success,True
.test_1_selenium_search_jql,Total:357 Passed:357 Failed:0
1612746027653,773,selenium_view_scrum_board_backlog,Success,True
.test_1_selenium_view_backlog_for_scrum_board,Total:358 Passed:358 Failed:0
1612746028523,869,selenium_view_scrum_board,Success,True
.test_1_selenium_view_scrum_board,Total:359 Passed:359 Failed:0
1612746028916,390,selenium_view_kanban_board,Success,True
.test_1_selenium_view_kanban_board,Total:360 Passed:360 Failed:0
1612746029241,324,selenium_view_dashboard,Success,True
.test_1_selenium_view_dashboard,Total:361 Passed:361 Failed:0
1612746029933,689,selenium_view_issue,Success,True
.test_1_selenium_view_issue,Total:362 Passed:362 Failed:0
1612746030308,374,selenium_project_summary,Success,True
.test_1_selenium_view_project_summary,Total:363 Passed:363 Failed:0
1612746030617,307,selenium_log_out,Success,True
.test_2_selenium_z_log_out,Total:364 Passed:364 Failed:0


[...]
.test_1_selenium_view_backlog_for_scrum_board,Total:3228 Passed:3228 Failed:0
1612748354731,805,selenium_view_scrum_board,Success,True
.test_1_selenium_view_scrum_board,Total:3229 Passed:3229 Failed:0
1612748355465,733,selenium_view_kanban_board,Success,True
.test_1_selenium_view_kanban_board,Total:3230 Passed:3230 Failed:0
1612748356043,576,selenium_view_dashboard,Success,True
.test_1_selenium_view_dashboard,Total:3231 Passed:3231 Failed:0
1612748356558,514,selenium_view_issue,Success,True
.test_1_selenium_view_issue,Total:3232 Passed:3232 Failed:0
1612748357060,500,selenium_project_summary,Success,True
.test_1_selenium_view_project_summary,Total:3233 Passed:3233 Failed:0
1612748357360,299,selenium_log_out,Success,True
.test_2_selenium_z_log_out,Total:3234 Passed:3234 Failed:0


=============================== warnings summary ===============================
../../usr/local/lib/python3.8/dist-packages/_pytest/config/__init__.py:1114
  /usr/local/lib/python3.8/dist-packages/_pytest/config/__init__.py:1114: PytestAssertRewriteWarning: Module already imported so cannot be rewritten: apiritif
    self._mark_plugins_for_rewrite(hook)

-- Docs: https://docs.pytest.org/en/stable/warnings.html
======================== 14 passed, 1 warning in 11.63s ========================
============================= test session starts ==============================
platform linux -- Python 3.8.0, pytest-6.2.2, py-1.10.0, pluggy-0.13.1
rootdir: /dc-app-performance-toolkit/app
plugins: apiritif-0.9.6
collected 14 items

selenium_ui/jira_ui.py get driver from global
1612748357508,99,selenium_login:open_login_page,Success,True
1612748357979,471,selenium_login:login_and_view_dashboard,Success,True
1612748357980,571,selenium_login,Success,True
.test_0_selenium_a_login,Total:3235 Passed:3235 Failed:0
1612748358261,267,selenium_browse_projects_list,Success,True
.test_1_selenium_browse_projects_list,Total:3236 Passed:3236 Failed:0
1612748358527,264,selenium_browse_boards_list,Success,True
.test_1_selenium_browse_boards_list,Total:3237 Passed:3237 Failed:0
1612748359259,724,selenium_create_issue:open_quick_create,Success,True
1612748360356,604,selenium_create_issue:fill_and_submit_issue_form:submit_issue_form,Success,True
1612748360356,1096,selenium_create_issue:fill_and_submit_issue_form,Success,True
1612748360357,1821,selenium_create_issue,Success,True
.test_1_selenium_create_issue,Total:3238 Passed:3238 Failed:0
1612748361012,646,selenium_edit_issue:open_edit_issue_form,Success,True
1612748361886,584,selenium_edit_issue:save_edit_issue_form,Success,True
1612748361886,1520,selenium_edit_issue,Success,True
.test_1_selenium_edit_issue,Total:3239 Passed:3239 Failed:0
1612748362236,348,selenium_save_comment:open_comment_form,Success,True
1612748363091,701,selenium_save_comment:submit_form,Success,True
1612748363091,1202,selenium_save_comment,Success,True
.test_1_selenium_save_comment,Total:3240 Passed:3240 Failed:0
1612748364239,1146,selenium_search_jql,Success,True
.test_1_selenium_search_jql,Total:3241 Passed:3241 Failed:0
1612748365197,956,selenium_view_scrum_board_backlog,Success,True
.test_1_selenium_view_backlog_for_scrum_board,Total:3242 Passed:3242 Failed:0
1612748366061,862,selenium_view_scrum_board,Success,True
.test_1_selenium_view_scrum_board,Total:3243 Passed:3243 Failed:0
1612748366936,873,selenium_view_kanban_board,Success,True
.test_1_selenium_view_kanban_board,Total:3244 Passed:3244 Failed:0
1612748367615,677,selenium_view_dashboard,Success,True
.test_1_selenium_view_dashboard,Total:3245 Passed:3245 Failed:0
1612748368125,508,selenium_view_issue,Success,True
.test_1_selenium_view_issue,Total:3246 Passed:3246 Failed:0
1612748368485,358,selenium_project_summary,Success,True
.test_1_selenium_view_project_summary,Total:3247 Passed:3247 Failed:0
1612748368822,335,selenium_log_out,Success,True
.test_2_selenium_z_log_out,Total:3248 Passed:3248 Failed:0


=============================== warnings summary ===============================
../../usr/local/lib/python3.8/dist-packages/_pytest/config/__init__.py:1114
  /usr/local/lib/python3.8/dist-packages/_pytest/config/__init__.py:1114: PytestAssertRewriteWarning: Module already imported so cannot be rewritten: apiritif
    self._mark_plugins_for_rewrite(hook)

-- Docs: https://docs.pytest.org/en/stable/warnings.html
======================== 14 passed, 1 warning in 11.42s ========================
============================= test session starts ==============================
platform linux -- Python 3.8.0, pytest-6.2.2, py-1.10.0, pluggy-0.13.1
rootdir: /dc-app-performance-toolkit/app
plugins: apiritif-0.9.6
collected 14 items

selenium_ui/jira_ui.py get driver from global
1612748368967,95,selenium_login:open_login_page,Success,True
1612748369430,462,selenium_login:login_and_view_dashboard,Success,True
1612748369430,558,selenium_login,Success,True
.test_0_selenium_a_login,Total:3249 Passed:3249 Failed:0
1612748369770,322,selenium_browse_projects_list,Success,True
.test_1_selenium_browse_projects_list,Total:3250 Passed:3250 Failed:0
1612748370027,256,selenium_browse_boards_list,Success,True
.test_1_selenium_browse_boards_list,Total:3251 Passed:3251 Failed:0
1612748370774,739,selenium_create_issue:open_quick_create,Success,True
1612748371900,613,selenium_create_issue:fill_and_submit_issue_form:submit_issue_form,Success,True
1612748371900,1126,selenium_create_issue:fill_and_submit_issue_form,Success,True
1612748371901,1865,selenium_create_issue,Success,True
.test_1_selenium_create_issue,Total:3252 Passed:3252 Failed:0
1612748372383,473,selenium_edit_issue:open_edit_issue_form,Success,True
1612748373330,492,selenium_edit_issue:save_edit_issue_form,Success,True
1612748373330,1421,selenium_edit_issue,Success,True
.test_1_selenium_edit_issue,Total:3253 Passed:3253 Failed:0
1612748373752,420,selenium_save_comment:open_comment_form,Success,True
1612748374572,719,selenium_save_comment:submit_form,Success,True
1612748374573,1241,selenium_save_comment,Success,True
.test_1_selenium_save_comment,Total:3254 Passed:3254 Failed:0
1612748375724,1150,selenium_search_jql,Success,True
.test_1_selenium_search_jql,Total:3255 Passed:3255 Failed:0
1612748376655,929,selenium_view_scrum_board_backlog,Success,True
.test_1_selenium_view_backlog_for_scrum_board,Total:3256 Passed:3256 Failed:0
1612748377546,889,selenium_view_scrum_board,Success,True
.test_1_selenium_view_scrum_board,Total:3257 Passed:3257 Failed:0
1612748378083,535,selenium_view_kanban_board,Success,True
.test_1_selenium_view_kanban_board,Total:3258 Passed:3258 Failed:0
1612748378354,269,selenium_view_dashboard,Success,True
.test_1_selenium_view_dashboard,Total:3259 Passed:3259 Failed:0
1612748379001,645,selenium_view_issue,Success,True
.test_1_selenium_view_issue,Total:3260 Passed:3260 Failed:0
1612748379441,438,selenium_project_summary,Success,True
.test_1_selenium_view_project_summary,Total:3261 Passed:3261 Failed:0
1612748379765,322,selenium_log_out,Success,True
.test_2_selenium_z_log_out,Total:3262 Passed:3262 Failed:0


=============================== warnings summary ===============================
../../usr/local/lib/python3.8/dist-packages/_pytest/config/__init__.py:1114
  /usr/local/lib/python3.8/dist-packages/_pytest/config/__init__.py:1114: PytestAssertRewriteWarning: Module already imported so cannot be rewritten: apiritif
    self._mark_plugins_for_rewrite(hook)

-- Docs: https://docs.pytest.org/en/stable/warnings.html
======================== 14 passed, 1 warning in 10.90s ========================
============================= test session starts ==============================
platform linux -- Python 3.8.0, pytest-6.2.2, py-1.10.0, pluggy-0.13.1
rootdir: /dc-app-performance-toolkit/app
plugins: apiritif-0.9.6
collected 14 items

selenium_ui/jira_ui.py get driver from global
1612748379915,101,selenium_login:open_login_page,Success,True
1612748380387,471,selenium_login:login_and_view_dashboard,Success,True
1612748380387,573,selenium_login,Success,True
.test_0_selenium_a_login,Total:3263 Passed:3263 Failed:0
1612748380686,283,selenium_browse_projects_list,Success,True
.test_1_selenium_browse_projects_list,Total:3264 Passed:3264 Failed:0
1612748380943,255,selenium_browse_boards_list,Success,True
.test_1_selenium_browse_boards_list,Total:3265 Passed:3265 Failed:0
1612748381671,719,selenium_create_issue:open_quick_create,Success,True
1612748382794,605,selenium_create_issue:fill_and_submit_issue_form:submit_issue_form,Success,True
1612748382794,1123,selenium_create_issue:fill_and_submit_issue_form,Success,True
1612748382794,1843,selenium_create_issue,Success,True
.test_1_selenium_create_issue,Total:3266 Passed:3266 Failed:0
1612748383364,561,selenium_edit_issue:open_edit_issue_form,Success,True
1612748384266,559,selenium_edit_issue:save_edit_issue_form,Success,True
1612748384266,1463,selenium_edit_issue,Success,True
.test_1_selenium_edit_issue,Total:3267 Passed:3267 Failed:0
1612748384620,352,selenium_save_comment:open_comment_form,Success,True
1612748385449,677,selenium_save_comment:submit_form,Success,True
1612748385449,1182,selenium_save_comment,Success,True
.test_1_selenium_save_comment,Total:3268 Passed:3268 Failed:0
1612748386597,1145,selenium_search_jql,Success,True
.test_1_selenium_search_jql,Total:3269 Passed:3269 Failed:0
1612748387881,1283,selenium_view_scrum_board_backlog,Success,True
.test_1_selenium_view_backlog_for_scrum_board,Total:3270 Passed:3270 Failed:0
1612748388692,809,selenium_view_scrum_board,Success,True
.test_1_selenium_view_scrum_board,Total:3271 Passed:3271 Failed:0
1612748389543,849,selenium_view_kanban_board,Success,True
.test_1_selenium_view_kanban_board,Total:3272 Passed:3272 Failed:0
1612748390166,621,selenium_view_dashboard,Success,True
.test_1_selenium_view_dashboard,Total:3273 Passed:3273 Failed:0
1612748390721,553,selenium_view_issue,Success,True
.test_1_selenium_view_issue,Total:3274 Passed:3274 Failed:0
1612748391079,355,selenium_project_summary,Success,True
.test_1_selenium_view_project_summary,Total:3275 Passed:3275 Failed:0
1612748391407,327,selenium_log_out,Success,True
.test_2_selenium_z_log_out,Total:3276 Passed:3276 Failed:0


=============================== warnings summary ===============================
../../usr/local/lib/python3.8/dist-packages/_pytest/config/__init__.py:1114
  /usr/local/lib/python3.8/dist-packages/_pytest/config/__init__.py:1114: PytestAssertRewriteWarning: Module already imported so cannot be rewritten: apiritif
    self._mark_plugins_for_rewrite(hook)

-- Docs: https://docs.pytest.org/en/stable/warnings.html
======================== 14 passed, 1 warning in 11.60s ========================
============================= test session starts ==============================
platform linux -- Python 3.8.0, pytest-6.2.2, py-1.10.0, pluggy-0.13.1
rootdir: /dc-app-performance-toolkit/app
plugins: apiritif-0.9.6
collected 14 items

selenium_ui/jira_ui.py get driver from global
1612748391610,99,selenium_login:open_login_page,Success,True
1612748392067,456,selenium_login:login_and_view_dashboard,Success,True
1612748392067,556,selenium_login,Success,True
.test_0_selenium_a_login,Total:3277 Passed:3277 Failed:0
1612748392331,253,selenium_browse_projects_list,Success,True
.test_1_selenium_browse_projects_list,Total:3278 Passed:3278 Failed:0
1612748392594,261,selenium_browse_boards_list,Success,True
.test_1_selenium_browse_boards_list,Total:3279 Passed:3279 Failed:0
1612748393340,737,selenium_create_issue:open_quick_create,Success,True
1612748394518,614,selenium_create_issue:fill_and_submit_issue_form:submit_issue_form,Success,True
1612748394518,1177,selenium_create_issue:fill_and_submit_issue_form,Success,True
1612748394518,1915,selenium_create_issue,Success,True
.test_1_selenium_create_issue,Total:3280 Passed:3280 Failed:0
1612748395126,599,selenium_edit_issue:open_edit_issue_form,Success,True
1612748396068,589,selenium_edit_issue:save_edit_issue_form,Success,True
1612748396068,1541,selenium_edit_issue,Success,True
.test_1_selenium_edit_issue,Total:3281 Passed:3281 Failed:0
1612748396411,342,selenium_save_comment:open_comment_form,Success,True
1612748397261,693,selenium_save_comment:submit_form,Success,True
1612748397261,1192,selenium_save_comment,Success,True
.test_1_selenium_save_comment,Total:3282 Passed:3282 Failed:0
1612748398430,1167,selenium_search_jql,Success,True
.test_1_selenium_search_jql,Total:3283 Passed:3283 Failed:0
1612748399748,1315,selenium_view_scrum_board_backlog,Success,True
.test_1_selenium_view_backlog_for_scrum_board,Total:3284 Passed:3284 Failed:0
1612748400522,772,selenium_view_scrum_board,Success,True
.test_1_selenium_view_scrum_board,Total:3285 Passed:3285 Failed:0
1612748401443,919,selenium_view_kanban_board,Success,True
.test_1_selenium_view_kanban_board,Total:3286 Passed:3286 Failed:0
1612748401997,553,selenium_view_dashboard,Success,True
.test_1_selenium_view_dashboard,Total:3287 Passed:3287 Failed:0
1612748402646,647,selenium_view_issue,Success,True
.test_1_selenium_view_issue,Total:3288 Passed:3288 Failed:0
1612748403097,449,selenium_project_summary,Success,True
.test_1_selenium_view_project_summary,Total:3289 Passed:3289 Failed:0
1612748403400,301,selenium_log_out,Success,True
.test_2_selenium_z_log_out,Total:3290 Passed:3290 Failed:0


=============================== warnings summary ===============================
../../usr/local/lib/python3.8/dist-packages/_pytest/config/__init__.py:1114
  /usr/local/lib/python3.8/dist-packages/_pytest/config/__init__.py:1114: PytestAssertRewriteWarning: Module already imported so cannot be rewritten: apiritif
    self._mark_plugins_for_rewrite(hook)

-- Docs: https://docs.pytest.org/en/stable/warnings.html
======================== 14 passed, 1 warning in 11.90s ========================
============================= test session starts ==============================
platform linux -- Python 3.8.0, pytest-6.2.2, py-1.10.0, pluggy-0.13.1
rootdir: /dc-app-performance-toolkit/app
plugins: apiritif-0.9.6
collected 14 items

selenium_ui/jira_ui.py get driver from global
1612748403549,99,selenium_login:open_login_page,Success,True
1612748404026,476,selenium_login:login_and_view_dashboard,Success,True
1612748404026,576,selenium_login,Success,True
.test_0_selenium_a_login,Total:3291 Passed:3291 Failed:0
1612748404319,277,selenium_browse_projects_list,Success,True
.test_1_selenium_browse_projects_list,Total:3292 Passed:3292 Failed:0
1612748404581,260,selenium_browse_boards_list,Success,True
.test_1_selenium_browse_boards_list,Total:3293 Passed:3293 Failed:0
1612748405324,734,selenium_create_issue:open_quick_create,Success,True
1612748406500,619,selenium_create_issue:fill_and_submit_issue_form:submit_issue_form,Success,True
1612748406500,1175,selenium_create_issue:fill_and_submit_issue_form,Success,True
1612748406500,1910,selenium_create_issue,Success,True
.test_1_selenium_create_issue,Total:3294 Passed:3294 Failed:0
1612748406992,482,selenium_edit_issue:open_edit_issue_form,Success,True
1612748407975,544,selenium_edit_issue:save_edit_issue_form,Success,True
1612748407975,1466,selenium_edit_issue,Success,True
.test_1_selenium_edit_issue,Total:3295 Passed:3295 Failed:0
1612748408315,338,selenium_save_comment:open_comment_form,Success,True
1612748409194,716,selenium_save_comment:submit_form,Success,True
1612748409194,1217,selenium_save_comment,Success,True
.test_1_selenium_save_comment,Total:3296 Passed:3296 Failed:0
1612748410335,1139,selenium_search_jql,Success,True
.test_1_selenium_search_jql,Total:3297 Passed:3297 Failed:0
1612748411633,1297,selenium_view_scrum_board_backlog,Success,True
.test_1_selenium_view_backlog_for_scrum_board,Total:3298 Passed:3298 Failed:0
1612748412403,767,selenium_view_scrum_board,Success,True
.test_1_selenium_view_scrum_board,Total:3299 Passed:3299 Failed:0
1612748413202,798,selenium_view_kanban_board,Success,True
.test_1_selenium_view_kanban_board,Total:3300 Passed:3300 Failed:0
1612748413721,516,selenium_view_dashboard,Success,True
.test_1_selenium_view_dashboard,Total:3301 Passed:3301 Failed:0
1612748414379,656,selenium_view_issue,Success,True
.test_1_selenium_view_issue,Total:3302 Passed:3302 Failed:0
1612748414822,442,selenium_project_summary,Success,True
.test_1_selenium_view_project_summary,Total:3303 Passed:3303 Failed:0
1612748415118,293,selenium_log_out,Success,True
.test_2_selenium_z_log_out,Total:3304 Passed:3304 Failed:0


=============================== warnings summary ===============================
../../usr/local/lib/python3.8/dist-packages/_pytest/config/__init__.py:1114
  /usr/local/lib/python3.8/dist-packages/_pytest/config/__init__.py:1114: PytestAssertRewriteWarning: Module already imported so cannot be rewritten: apiritif
    self._mark_plugins_for_rewrite(hook)

-- Docs: https://docs.pytest.org/en/stable/warnings.html
======================== 14 passed, 1 warning in 11.68s ========================
============================= test session starts ==============================
platform linux -- Python 3.8.0, pytest-6.2.2, py-1.10.0, pluggy-0.13.1
rootdir: /dc-app-performance-toolkit/app
plugins: apiritif-0.9.6
collected 14 items

selenium_ui/jira_ui.py get driver from global
1612748415264,97,selenium_login:open_login_page,Success,True
1612748415746,481,selenium_login:login_and_view_dashboard,Success,True
1612748415746,579,selenium_login,Success,True
.test_0_selenium_a_login,Total:3305 Passed:3305 Failed:0
1612748416011,252,selenium_browse_projects_list,Success,True
.test_1_selenium_browse_projects_list,Total:3306 Passed:3306 Failed:0
1612748416273,260,selenium_browse_boards_list,Success,True
.test_1_selenium_browse_boards_list,Total:3307 Passed:3307 Failed:0
1612748417024,742,selenium_create_issue:open_quick_create,Success,True
1612748418218,605,selenium_create_issue:fill_and_submit_issue_form:submit_issue_form,Success,True
1612748418218,1194,selenium_create_issue:fill_and_submit_issue_form,Success,True
1612748418218,1936,selenium_create_issue,Success,True
.test_1_selenium_create_issue,Total:3308 Passed:3308 Failed:0
1612748418707,480,selenium_edit_issue:open_edit_issue_form,Success,True
1612748419691,529,selenium_edit_issue:save_edit_issue_form,Success,True
1612748419691,1464,selenium_edit_issue,Success,True
.test_1_selenium_edit_issue,Total:3309 Passed:3309 Failed:0
1612748420061,368,selenium_save_comment:open_comment_form,Success,True
1612748420849,636,selenium_save_comment:submit_form,Success,True
1612748420849,1156,selenium_save_comment,Success,True
.test_1_selenium_save_comment,Total:3310 Passed:3310 Failed:0
1612748422048,1197,selenium_search_jql,Success,True
.test_1_selenium_search_jql,Total:3311 Passed:3311 Failed:0
1612748423347,1297,selenium_view_scrum_board_backlog,Success,True
.test_1_selenium_view_backlog_for_scrum_board,Total:3312 Passed:3312 Failed:0
1612748424128,779,selenium_view_scrum_board,Success,True
.test_1_selenium_view_scrum_board,Total:3313 Passed:3313 Failed:0
1612748424513,384,selenium_view_kanban_board,Success,True
.test_1_selenium_view_kanban_board,Total:3314 Passed:3314 Failed:0
1612748424787,271,selenium_view_dashboard,Success,True
.test_1_selenium_view_dashboard,Total:3315 Passed:3315 Failed:0
1612748425295,507,selenium_view_issue,Success,True
.test_1_selenium_view_issue,Total:3316 Passed:3316 Failed:0
1612748425825,527,selenium_project_summary,Success,True
.test_1_selenium_view_project_summary,Total:3317 Passed:3317 Failed:0
1612748426096,270,selenium_log_out,Success,True
.test_2_selenium_z_log_out,Total:3318 Passed:3318 Failed:0


=============================== warnings summary ===============================
../../usr/local/lib/python3.8/dist-packages/_pytest/config/__init__.py:1114
  /usr/local/lib/python3.8/dist-packages/_pytest/config/__init__.py:1114: PytestAssertRewriteWarning: Module already imported so cannot be rewritten: apiritif
    self._mark_plugins_for_rewrite(hook)

-- Docs: https://docs.pytest.org/en/stable/warnings.html
======================== 14 passed, 1 warning in 10.94s ========================
