============================= test session starts ==============================
platform linux -- Python 3.8.0, pytest-6.2.2, py-1.10.0, pluggy-0.13.1
rootdir: /dc-app-performance-toolkit/app
plugins: apiritif-0.9.6
collected 14 items

selenium_ui/jira_ui.py first driver inits
1612463297549,534,selenium_login:open_login_page,Success,True
1612463301932,4382,selenium_login:login_and_view_dashboard,Success,True
1612463301932,4917,selenium_login,Success,True
.test_0_selenium_a_login,Total:1 Passed:1 Failed:0
1612463302206,252,selenium_browse_projects_list,Success,True
.test_1_selenium_browse_projects_list,Total:2 Passed:2 Failed:0
1612463304473,2265,selenium_browse_boards_list,Success,True
.test_1_selenium_browse_boards_list,Total:3 Passed:3 Failed:0
1612463305520,1039,selenium_create_issue:open_quick_create,Success,True
1612463307780,1631,selenium_create_issue:fill_and_submit_issue_form:submit_issue_form,Success,True
1612463307780,2259,selenium_create_issue:fill_and_submit_issue_form,Success,True
1612463307780,3299,selenium_create_issue,Success,True
.test_1_selenium_create_issue,Total:4 Passed:4 Failed:0
1612463308908,1119,selenium_edit_issue:open_edit_issue_form,Success,True
1612463310002,577,selenium_edit_issue:save_edit_issue_form,Success,True
1612463310002,2213,selenium_edit_issue,Success,True
.test_1_selenium_edit_issue,Total:5 Passed:5 Failed:0
1612463310310,306,selenium_save_comment:open_comment_form,Success,True
1612463312901,1935,selenium_save_comment:submit_form,Success,True
1612463312901,2897,selenium_save_comment,Success,True
.test_1_selenium_save_comment,Total:6 Passed:6 Failed:0
1612463314354,1451,selenium_search_jql,Success,True
.test_1_selenium_search_jql,Total:7 Passed:7 Failed:0
1612463317147,2792,selenium_view_scrum_board_backlog,Success,True
.test_1_selenium_view_backlog_for_scrum_board,Total:8 Passed:8 Failed:0
1612463319709,2560,selenium_view_scrum_board,Success,True
.test_1_selenium_view_scrum_board,Total:9 Passed:9 Failed:0
1612463321048,1337,selenium_view_kanban_board,Success,True
.test_1_selenium_view_kanban_board,Total:10 Passed:10 Failed:0
1612463321733,683,selenium_view_dashboard,Success,True
.test_1_selenium_view_dashboard,Total:11 Passed:11 Failed:0
1612463322373,638,selenium_view_issue,Success,True
.test_1_selenium_view_issue,Total:12 Passed:12 Failed:0
1612463324330,1955,selenium_project_summary,Success,True
.test_1_selenium_view_project_summary,Total:13 Passed:13 Failed:0
1612463324693,361,selenium_log_out,Success,True
.test_2_selenium_z_log_out,Total:14 Passed:14 Failed:0


=============================== warnings summary ===============================
../../usr/local/lib/python3.8/dist-packages/_pytest/config/__init__.py:1114
  /usr/local/lib/python3.8/dist-packages/_pytest/config/__init__.py:1114: PytestAssertRewriteWarning: Module already imported so cannot be rewritten: apiritif
    self._mark_plugins_for_rewrite(hook)

../../usr/local/lib/python3.8/dist-packages/urllib3/connectionpool.py:1013
  /usr/local/lib/python3.8/dist-packages/urllib3/connectionpool.py:1013: InsecureRequestWarning: Unverified HTTPS request is being made to host 'smarthandler-datacenter-certification-test.test.forty8fiftylabs.ninja'. Adding certificate verification is strongly advised. See: https://urllib3.readthedocs.io/en/latest/advanced-usage.html#ssl-warnings
    warnings.warn(

-- Docs: https://docs.pytest.org/en/stable/warnings.html
======================= 14 passed, 2 warnings in 28.96s ========================
============================= test session starts ==============================
platform linux -- Python 3.8.0, pytest-6.2.2, py-1.10.0, pluggy-0.13.1
rootdir: /dc-app-performance-toolkit/app
plugins: apiritif-0.9.6
collected 14 items

selenium_ui/jira_ui.py get driver from global
1612463324843,99,selenium_login:open_login_page,Success,True
1612463326104,1260,selenium_login:login_and_view_dashboard,Success,True
1612463326104,1361,selenium_login,Success,True
.test_0_selenium_a_login,Total:15 Passed:15 Failed:0
1612463326341,217,selenium_browse_projects_list,Success,True
.test_1_selenium_browse_projects_list,Total:16 Passed:16 Failed:0
1612463326676,333,selenium_browse_boards_list,Success,True
.test_1_selenium_browse_boards_list,Total:17 Passed:17 Failed:0
1612463327321,636,selenium_create_issue:open_quick_create,Success,True
1612463328455,601,selenium_create_issue:fill_and_submit_issue_form:submit_issue_form,Success,True
1612463328455,1133,selenium_create_issue:fill_and_submit_issue_form,Success,True
1612463328456,1770,selenium_create_issue,Success,True
.test_1_selenium_create_issue,Total:18 Passed:18 Failed:0
1612463328993,528,selenium_edit_issue:open_edit_issue_form,Success,True
1612463329937,523,selenium_edit_issue:save_edit_issue_form,Success,True
1612463329937,1472,selenium_edit_issue,Success,True
.test_1_selenium_edit_issue,Total:19 Passed:19 Failed:0
1612463330242,303,selenium_save_comment:open_comment_form,Success,True
1612463331642,747,selenium_save_comment:submit_form,Success,True
1612463331642,1703,selenium_save_comment,Success,True
.test_1_selenium_save_comment,Total:20 Passed:20 Failed:0
1612463332216,572,selenium_search_jql,Success,True
.test_1_selenium_search_jql,Total:21 Passed:21 Failed:0
1612463333614,1396,selenium_view_scrum_board_backlog,Success,True
.test_1_selenium_view_backlog_for_scrum_board,Total:22 Passed:22 Failed:0
1612463334397,781,selenium_view_scrum_board,Success,True
.test_1_selenium_view_scrum_board,Total:23 Passed:23 Failed:0
1612463335318,919,selenium_view_kanban_board,Success,True
.test_1_selenium_view_kanban_board,Total:24 Passed:24 Failed:0
1612463335799,480,selenium_view_dashboard,Success,True
.test_1_selenium_view_dashboard,Total:25 Passed:25 Failed:0
1612463336529,728,selenium_view_issue,Success,True
.test_1_selenium_view_issue,Total:26 Passed:26 Failed:0
1612463336874,343,selenium_project_summary,Success,True
.test_1_selenium_view_project_summary,Total:27 Passed:27 Failed:0
1612463337188,312,selenium_log_out,Success,True
.test_2_selenium_z_log_out,Total:28 Passed:28 Failed:0


=============================== warnings summary ===============================
../../usr/local/lib/python3.8/dist-packages/_pytest/config/__init__.py:1114
  /usr/local/lib/python3.8/dist-packages/_pytest/config/__init__.py:1114: PytestAssertRewriteWarning: Module already imported so cannot be rewritten: apiritif
    self._mark_plugins_for_rewrite(hook)

-- Docs: https://docs.pytest.org/en/stable/warnings.html
======================== 14 passed, 1 warning in 12.45s ========================
============================= test session starts ==============================
platform linux -- Python 3.8.0, pytest-6.2.2, py-1.10.0, pluggy-0.13.1
rootdir: /dc-app-performance-toolkit/app
plugins: apiritif-0.9.6
collected 14 items

selenium_ui/jira_ui.py get driver from global
1612463337338,102,selenium_login:open_login_page,Success,True
1612463338490,1151,selenium_login:login_and_view_dashboard,Success,True
1612463338490,1254,selenium_login,Success,True
.test_0_selenium_a_login,Total:29 Passed:29 Failed:0
1612463338813,294,selenium_browse_projects_list,Success,True
.test_1_selenium_browse_projects_list,Total:30 Passed:30 Failed:0
1612463339577,763,selenium_browse_boards_list,Success,True
.test_1_selenium_browse_boards_list,Total:31 Passed:31 Failed:0
1612463340236,650,selenium_create_issue:open_quick_create,Success,True
1612463341335,605,selenium_create_issue:fill_and_submit_issue_form:submit_issue_form,Success,True
1612463341335,1099,selenium_create_issue:fill_and_submit_issue_form,Success,True
1612463341335,1749,selenium_create_issue,Success,True
.test_1_selenium_create_issue,Total:32 Passed:32 Failed:0
1612463341885,541,selenium_edit_issue:open_edit_issue_form,Success,True
1612463342863,541,selenium_edit_issue:save_edit_issue_form,Success,True
1612463342863,1519,selenium_edit_issue,Success,True
.test_1_selenium_edit_issue,Total:33 Passed:33 Failed:0
1612463343188,324,selenium_save_comment:open_comment_form,Success,True
1612463344113,740,selenium_save_comment:submit_form,Success,True
1612463344113,1248,selenium_save_comment,Success,True
.test_1_selenium_save_comment,Total:34 Passed:34 Failed:0
1612463345211,1097,selenium_search_jql,Success,True
.test_1_selenium_search_jql,Total:35 Passed:35 Failed:0
1612463346027,813,selenium_view_scrum_board_backlog,Success,True
.test_1_selenium_view_backlog_for_scrum_board,Total:36 Passed:36 Failed:0
1612463346810,782,selenium_view_scrum_board,Success,True
.test_1_selenium_view_scrum_board,Total:37 Passed:37 Failed:0
1612463348114,1302,selenium_view_kanban_board,Success,True
.test_1_selenium_view_kanban_board,Total:38 Passed:38 Failed:0
1612463348789,673,selenium_view_dashboard,Success,True
.test_1_selenium_view_dashboard,Total:39 Passed:39 Failed:0
1612463349305,514,selenium_view_issue,Success,True
.test_1_selenium_view_issue,Total:40 Passed:40 Failed:0
1612463349605,299,selenium_project_summary,Success,True
.test_1_selenium_view_project_summary,Total:41 Passed:41 Failed:0
1612463349924,317,selenium_log_out,Success,True
.test_2_selenium_z_log_out,Total:42 Passed:42 Failed:0


=============================== warnings summary ===============================
../../usr/local/lib/python3.8/dist-packages/_pytest/config/__init__.py:1114
  /usr/local/lib/python3.8/dist-packages/_pytest/config/__init__.py:1114: PytestAssertRewriteWarning: Module already imported so cannot be rewritten: apiritif
    self._mark_plugins_for_rewrite(hook)

-- Docs: https://docs.pytest.org/en/stable/warnings.html
======================== 14 passed, 1 warning in 12.70s ========================
============================= test session starts ==============================
platform linux -- Python 3.8.0, pytest-6.2.2, py-1.10.0, pluggy-0.13.1
rootdir: /dc-app-performance-toolkit/app
plugins: apiritif-0.9.6
collected 14 items

selenium_ui/jira_ui.py get driver from global
1612463350086,111,selenium_login:open_login_page,Success,True
1612463351259,1172,selenium_login:login_and_view_dashboard,Success,True
1612463351259,1284,selenium_login,Success,True
.test_0_selenium_a_login,Total:43 Passed:43 Failed:0
1612463351511,231,selenium_browse_projects_list,Success,True
.test_1_selenium_browse_projects_list,Total:44 Passed:44 Failed:0
1612463351765,252,selenium_browse_boards_list,Success,True
.test_1_selenium_browse_boards_list,Total:45 Passed:45 Failed:0
1612463352419,645,selenium_create_issue:open_quick_create,Success,True
1612463353538,606,selenium_create_issue:fill_and_submit_issue_form:submit_issue_form,Success,True
1612463353539,1119,selenium_create_issue:fill_and_submit_issue_form,Success,True
1612463353539,1765,selenium_create_issue,Success,True
.test_1_selenium_create_issue,Total:46 Passed:46 Failed:0
1612463354046,499,selenium_edit_issue:open_edit_issue_form,Success,True
1612463355054,556,selenium_edit_issue:save_edit_issue_form,Success,True
1612463355054,1506,selenium_edit_issue,Success,True
.test_1_selenium_edit_issue,Total:47 Passed:47 Failed:0
1612463355438,382,selenium_save_comment:open_comment_form,Success,True
1612463356621,1075,selenium_save_comment:submit_form,Success,True
1612463356621,1565,selenium_save_comment,Success,True
.test_1_selenium_save_comment,Total:48 Passed:48 Failed:0
1612463357762,1140,selenium_search_jql,Success,True
.test_1_selenium_search_jql,Total:49 Passed:49 Failed:0
1612463359052,1287,selenium_view_scrum_board_backlog,Success,True
.test_1_selenium_view_backlog_for_scrum_board,Total:50 Passed:50 Failed:0
1612463359825,771,selenium_view_scrum_board,Success,True
.test_1_selenium_view_scrum_board,Total:51 Passed:51 Failed:0
1612463360940,1113,selenium_view_kanban_board,Success,True
.test_1_selenium_view_kanban_board,Total:52 Passed:52 Failed:0
1612463361402,460,selenium_view_dashboard,Success,True
.test_1_selenium_view_dashboard,Total:53 Passed:53 Failed:0
1612463362036,632,selenium_view_issue,Success,True
.test_1_selenium_view_issue,Total:54 Passed:54 Failed:0
1612463362449,411,selenium_project_summary,Success,True
.test_1_selenium_view_project_summary,Total:55 Passed:55 Failed:0
1612463362751,300,selenium_log_out,Success,True
.test_2_selenium_z_log_out,Total:56 Passed:56 Failed:0


=============================== warnings summary ===============================
../../usr/local/lib/python3.8/dist-packages/_pytest/config/__init__.py:1114
  /usr/local/lib/python3.8/dist-packages/_pytest/config/__init__.py:1114: PytestAssertRewriteWarning: Module already imported so cannot be rewritten: apiritif
    self._mark_plugins_for_rewrite(hook)

-- Docs: https://docs.pytest.org/en/stable/warnings.html
======================== 14 passed, 1 warning in 12.79s ========================
============================= test session starts ==============================
platform linux -- Python 3.8.0, pytest-6.2.2, py-1.10.0, pluggy-0.13.1
rootdir: /dc-app-performance-toolkit/app
plugins: apiritif-0.9.6
collected 14 items

selenium_ui/jira_ui.py get driver from global
1612463362909,108,selenium_login:open_login_page,Success,True
1612463363401,491,selenium_login:login_and_view_dashboard,Success,True
1612463363401,600,selenium_login,Success,True
.test_0_selenium_a_login,Total:57 Passed:57 Failed:0
1612463363672,249,selenium_browse_projects_list,Success,True
.test_1_selenium_browse_projects_list,Total:58 Passed:58 Failed:0
1612463363929,255,selenium_browse_boards_list,Success,True
.test_1_selenium_browse_boards_list,Total:59 Passed:59 Failed:0
1612463364684,745,selenium_create_issue:open_quick_create,Success,True
1612463365862,606,selenium_create_issue:fill_and_submit_issue_form:submit_issue_form,Success,True
1612463365862,1177,selenium_create_issue:fill_and_submit_issue_form,Success,True
1612463365862,1924,selenium_create_issue,Success,True
.test_1_selenium_create_issue,Total:60 Passed:60 Failed:0
1612463366385,514,selenium_edit_issue:open_edit_issue_form,Success,True
1612463367417,607,selenium_edit_issue:save_edit_issue_form,Success,True
1612463367417,1546,selenium_edit_issue,Success,True
.test_1_selenium_edit_issue,Total:61 Passed:61 Failed:0
1612463367786,367,selenium_save_comment:open_comment_form,Success,True
1612463368829,887,selenium_save_comment:submit_form,Success,True
1612463368829,1410,selenium_save_comment,Success,True
.test_1_selenium_save_comment,Total:62 Passed:62 Failed:0
1612463369863,1033,selenium_search_jql,Success,True
.test_1_selenium_search_jql,Total:63 Passed:63 Failed:0
1612463370656,791,selenium_view_scrum_board_backlog,Success,True
.test_1_selenium_view_backlog_for_scrum_board,Total:64 Passed:64 Failed:0
1612463371439,781,selenium_view_scrum_board,Success,True
.test_1_selenium_view_scrum_board,Total:65 Passed:65 Failed:0
1612463372476,1035,selenium_view_kanban_board,Success,True
.test_1_selenium_view_kanban_board,Total:66 Passed:66 Failed:0
1612463373130,652,selenium_view_dashboard,Success,True
.test_1_selenium_view_dashboard,Total:67 Passed:67 Failed:0
1612463373661,529,selenium_view_issue,Success,True
.test_1_selenium_view_issue,Total:68 Passed:68 Failed:0
1612463373971,309,selenium_project_summary,Success,True
.test_1_selenium_view_project_summary,Total:69 Passed:69 Failed:0
1612463374294,321,selenium_log_out,Success,True
.test_2_selenium_z_log_out,Total:70 Passed:70 Failed:0


=============================== warnings summary ===============================
../../usr/local/lib/python3.8/dist-packages/_pytest/config/__init__.py:1114
  /usr/local/lib/python3.8/dist-packages/_pytest/config/__init__.py:1114: PytestAssertRewriteWarning: Module already imported so cannot be rewritten: apiritif
    self._mark_plugins_for_rewrite(hook)

-- Docs: https://docs.pytest.org/en/stable/warnings.html
======================== 14 passed, 1 warning in 11.50s ========================
============================= test session starts ==============================
platform linux -- Python 3.8.0, pytest-6.2.2, py-1.10.0, pluggy-0.13.1
rootdir: /dc-app-performance-toolkit/app
plugins: apiritif-0.9.6
collected 14 items

selenium_ui/jira_ui.py get driver from global
1612463374452,107,selenium_login:open_login_page,Success,True
1612463375556,1103,selenium_login:login_and_view_dashboard,Success,True
1612463375556,1212,selenium_login,Success,True
.test_0_selenium_a_login,Total:71 Passed:71 Failed:0
1612463375860,272,selenium_browse_projects_list,Success,True
.test_1_selenium_browse_projects_list,Total:72 Passed:72 Failed:0
1612463376134,272,selenium_browse_boards_list,Success,True
.test_1_selenium_browse_boards_list,Total:73 Passed:73 Failed:0
1612463376879,735,selenium_create_issue:open_quick_create,Success,True
1612463378031,608,selenium_create_issue:fill_and_submit_issue_form:submit_issue_form,Success,True
1612463378031,1151,selenium_create_issue:fill_and_submit_issue_form,Success,True
1612463378031,1887,selenium_create_issue,Success,True
.test_1_selenium_create_issue,Total:74 Passed:74 Failed:0
1612463378546,506,selenium_edit_issue:open_edit_issue_form,Success,True
1612463379489,512,selenium_edit_issue:save_edit_issue_form,Success,True
1612463379489,1449,selenium_edit_issue,Success,True
.test_1_selenium_edit_issue,Total:75 Passed:75 Failed:0
1612463379861,370,selenium_save_comment:open_comment_form,Success,True
1612463380887,870,selenium_save_comment:submit_form,Success,True
1612463380887,1396,selenium_save_comment,Success,True
.test_1_selenium_save_comment,Total:76 Passed:76 Failed:0
1612463381922,1033,selenium_search_jql,Success,True
.test_1_selenium_search_jql,Total:77 Passed:77 Failed:0
1612463382707,783,selenium_view_scrum_board_backlog,Success,True
.test_1_selenium_view_backlog_for_scrum_board,Total:78 Passed:78 Failed:0
1612463383493,784,selenium_view_scrum_board,Success,True
.test_1_selenium_view_scrum_board,Total:79 Passed:79 Failed:0
1612463384060,565,selenium_view_kanban_board,Success,True
.test_1_selenium_view_kanban_board,Total:80 Passed:80 Failed:0
1612463384367,305,selenium_view_dashboard,Success,True
.test_1_selenium_view_dashboard,Total:81 Passed:81 Failed:0
1612463385001,632,selenium_view_issue,Success,True
.test_1_selenium_view_issue,Total:82 Passed:82 Failed:0
1612463385422,419,selenium_project_summary,Success,True
.test_1_selenium_view_project_summary,Total:83 Passed:83 Failed:0
1612463385749,325,selenium_log_out,Success,True
.test_2_selenium_z_log_out,Total:84 Passed:84 Failed:0


=============================== warnings summary ===============================
../../usr/local/lib/python3.8/dist-packages/_pytest/config/__init__.py:1114
  /usr/local/lib/python3.8/dist-packages/_pytest/config/__init__.py:1114: PytestAssertRewriteWarning: Module already imported so cannot be rewritten: apiritif
    self._mark_plugins_for_rewrite(hook)

-- Docs: https://docs.pytest.org/en/stable/warnings.html
======================== 14 passed, 1 warning in 11.41s ========================
============================= test session starts ==============================
platform linux -- Python 3.8.0, pytest-6.2.2, py-1.10.0, pluggy-0.13.1
rootdir: /dc-app-performance-toolkit/app
plugins: apiritif-0.9.6
collected 14 items

selenium_ui/jira_ui.py get driver from global
1612463385910,110,selenium_login:open_login_page,Success,True
1612463387102,1191,selenium_login:login_and_view_dashboard,Success,True
1612463387102,1303,selenium_login,Success,True
.test_0_selenium_a_login,Total:85 Passed:85 Failed:0
1612463387351,228,selenium_browse_projects_list,Success,True
.test_1_selenium_browse_projects_list,Total:86 Passed:86 Failed:0
1612463387610,257,selenium_browse_boards_list,Success,True
.test_1_selenium_browse_boards_list,Total:87 Passed:87 Failed:0
1612463388321,703,selenium_create_issue:open_quick_create,Success,True
1612463389421,609,selenium_create_issue:fill_and_submit_issue_form:submit_issue_form,Success,True
1612463389421,1099,selenium_create_issue:fill_and_submit_issue_form,Success,True
1612463389421,1802,selenium_create_issue,Success,True
.test_1_selenium_create_issue,Total:88 Passed:88 Failed:0
1612463389946,517,selenium_edit_issue:open_edit_issue_form,Success,True
1612463390950,526,selenium_edit_issue:save_edit_issue_form,Success,True
1612463390951,1521,selenium_edit_issue,Success,True
.test_1_selenium_edit_issue,Total:89 Passed:89 Failed:0
1612463391293,340,selenium_save_comment:open_comment_form,Success,True
1612463392229,754,selenium_save_comment:submit_form,Success,True
1612463392229,1277,selenium_save_comment,Success,True
.test_1_selenium_save_comment,Total:90 Passed:90 Failed:0
1612463393295,1064,selenium_search_jql,Success,True
.test_1_selenium_search_jql,Total:91 Passed:91 Failed:0
1612463394119,822,selenium_view_scrum_board_backlog,Success,True
.test_1_selenium_view_backlog_for_scrum_board,Total:92 Passed:92 Failed:0
1612463394908,787,selenium_view_scrum_board,Success,True
.test_1_selenium_view_scrum_board,Total:93 Passed:93 Failed:0
1612463395541,630,selenium_view_kanban_board,Success,True
.test_1_selenium_view_kanban_board,Total:94 Passed:94 Failed:0
1612463396080,537,selenium_view_dashboard,Success,True
.test_1_selenium_view_dashboard,Total:95 Passed:95 Failed:0
1612463396705,624,selenium_view_issue,Success,True
.test_1_selenium_view_issue,Total:96 Passed:96 Failed:0
1612463397078,371,selenium_project_summary,Success,True
.test_1_selenium_view_project_summary,Total:97 Passed:97 Failed:0
1612463397387,307,selenium_log_out,Success,True
.test_2_selenium_z_log_out,Total:98 Passed:98 Failed:0


=============================== warnings summary ===============================
../../usr/local/lib/python3.8/dist-packages/_pytest/config/__init__.py:1114
  /usr/local/lib/python3.8/dist-packages/_pytest/config/__init__.py:1114: PytestAssertRewriteWarning: Module already imported so cannot be rewritten: apiritif
    self._mark_plugins_for_rewrite(hook)

-- Docs: https://docs.pytest.org/en/stable/warnings.html
======================== 14 passed, 1 warning in 11.60s ========================
============================= test session starts ==============================
platform linux -- Python 3.8.0, pytest-6.2.2, py-1.10.0, pluggy-0.13.1
rootdir: /dc-app-performance-toolkit/app
plugins: apiritif-0.9.6
collected 14 items

selenium_ui/jira_ui.py get driver from global
1612463397540,103,selenium_login:open_login_page,Success,True
1612463398775,1234,selenium_login:login_and_view_dashboard,Success,True
1612463398775,1338,selenium_login,Success,True
.test_0_selenium_a_login,Total:99 Passed:99 Failed:0
1612463399019,221,selenium_browse_projects_list,Success,True
.test_1_selenium_browse_projects_list,Total:100 Passed:100 Failed:0
1612463399278,258,selenium_browse_boards_list,Success,True
.test_1_selenium_browse_boards_list,Total:101 Passed:101 Failed:0
1612463399941,654,selenium_create_issue:open_quick_create,Success,True
1612463401084,612,selenium_create_issue:fill_and_submit_issue_form:submit_issue_form,Success,True
1612463401084,1142,selenium_create_issue:fill_and_submit_issue_form,Success,True
1612463401084,1797,selenium_create_issue,Success,True
.test_1_selenium_create_issue,Total:102 Passed:102 Failed:0
1612463401607,515,selenium_edit_issue:open_edit_issue_form,Success,True
1612463402634,582,selenium_edit_issue:save_edit_issue_form,Success,True
1612463402634,1542,selenium_edit_issue,Success,True
.test_1_selenium_edit_issue,Total:103 Passed:103 Failed:0
1612463402978,342,selenium_save_comment:open_comment_form,Success,True
1612463403923,796,selenium_save_comment:submit_form,Success,True
1612463403923,1286,selenium_save_comment,Success,True
.test_1_selenium_save_comment,Total:104 Passed:104 Failed:0
1612463405047,1122,selenium_search_jql,Success,True
.test_1_selenium_search_jql,Total:105 Passed:105 Failed:0
1612463405911,862,selenium_view_scrum_board_backlog,Success,True
.test_1_selenium_view_backlog_for_scrum_board,Total:106 Passed:106 Failed:0
1612463406703,791,selenium_view_scrum_board,Success,True
.test_1_selenium_view_scrum_board,Total:107 Passed:107 Failed:0
1612463407525,820,selenium_view_kanban_board,Success,True
.test_1_selenium_view_kanban_board,Total:108 Passed:108 Failed:0
1612463407949,422,selenium_view_dashboard,Success,True
.test_1_selenium_view_dashboard,Total:109 Passed:109 Failed:0
1612463408593,641,selenium_view_issue,Success,True
.test_1_selenium_view_issue,Total:110 Passed:110 Failed:0
1612463409006,411,selenium_project_summary,Success,True
.test_1_selenium_view_project_summary,Total:111 Passed:111 Failed:0
1612463409307,300,selenium_log_out,Success,True
.test_2_selenium_z_log_out,Total:112 Passed:112 Failed:0


=============================== warnings summary ===============================
../../usr/local/lib/python3.8/dist-packages/_pytest/config/__init__.py:1114
  /usr/local/lib/python3.8/dist-packages/_pytest/config/__init__.py:1114: PytestAssertRewriteWarning: Module already imported so cannot be rewritten: apiritif
    self._mark_plugins_for_rewrite(hook)

-- Docs: https://docs.pytest.org/en/stable/warnings.html
======================== 14 passed, 1 warning in 11.88s ========================
============================= test session starts ==============================
platform linux -- Python 3.8.0, pytest-6.2.2, py-1.10.0, pluggy-0.13.1
rootdir: /dc-app-performance-toolkit/app
plugins: apiritif-0.9.6
collected 14 items

selenium_ui/jira_ui.py get driver from global
1612463409460,104,selenium_login:open_login_page,Success,True
1612463410682,1221,selenium_login:login_and_view_dashboard,Success,True
1612463410682,1326,selenium_login,Success,True
.test_0_selenium_a_login,Total:113 Passed:113 Failed:0
1612463410940,234,selenium_browse_projects_list,Success,True
.test_1_selenium_browse_projects_list,Total:114 Passed:114 Failed:0
1612463411194,252,selenium_browse_boards_list,Success,True
.test_1_selenium_browse_boards_list,Total:115 Passed:115 Failed:0
1612463411859,655,selenium_create_issue:open_quick_create,Success,True
1612463413079,608,selenium_create_issue:fill_and_submit_issue_form:submit_issue_form,Success,True
1612463413079,1220,selenium_create_issue:fill_and_submit_issue_form,Success,True
1612463413079,1876,selenium_create_issue,Success,True
.test_1_selenium_create_issue,Total:116 Passed:116 Failed:0
1612463413577,488,selenium_edit_issue:open_edit_issue_form,Success,True
1612463414619,597,selenium_edit_issue:save_edit_issue_form,Success,True
1612463414619,1530,selenium_edit_issue,Success,True
.test_1_selenium_edit_issue,Total:117 Passed:117 Failed:0
1612463414963,343,selenium_save_comment:open_comment_form,Success,True
1612463415902,762,selenium_save_comment:submit_form,Success,True
1612463415902,1282,selenium_save_comment,Success,True
.test_1_selenium_save_comment,Total:118 Passed:118 Failed:0
1612463416983,1079,selenium_search_jql,Success,True
.test_1_selenium_search_jql,Total:119 Passed:119 Failed:0
1612463418292,1307,selenium_view_scrum_board_backlog,Success,True
.test_1_selenium_view_backlog_for_scrum_board,Total:120 Passed:120 Failed:0
1612463419075,780,selenium_view_scrum_board,Success,True
.test_1_selenium_view_scrum_board,Total:121 Passed:121 Failed:0
1612463419964,888,selenium_view_kanban_board,Success,True
.test_1_selenium_view_kanban_board,Total:122 Passed:122 Failed:0
1612463420699,732,selenium_view_dashboard,Success,True
.test_1_selenium_view_dashboard,Total:123 Passed:123 Failed:0
1612463421260,559,selenium_view_issue,Success,True
.test_1_selenium_view_issue,Total:124 Passed:124 Failed:0
1612463421616,354,selenium_project_summary,Success,True
.test_1_selenium_view_project_summary,Total:125 Passed:125 Failed:0
1612463421943,324,selenium_log_out,Success,True
.test_2_selenium_z_log_out,Total:126 Passed:126 Failed:0


=============================== warnings summary ===============================
../../usr/local/lib/python3.8/dist-packages/_pytest/config/__init__.py:1114
  /usr/local/lib/python3.8/dist-packages/_pytest/config/__init__.py:1114: PytestAssertRewriteWarning: Module already imported so cannot be rewritten: apiritif
    self._mark_plugins_for_rewrite(hook)

-- Docs: https://docs.pytest.org/en/stable/warnings.html
======================== 14 passed, 1 warning in 12.60s ========================
============================= test session starts ==============================
platform linux -- Python 3.8.0, pytest-6.2.2, py-1.10.0, pluggy-0.13.1
rootdir: /dc-app-performance-toolkit/app
plugins: apiritif-0.9.6
collected 14 items

selenium_ui/jira_ui.py get driver from global
1612463422096,104,selenium_login:open_login_page,Success,True
1612463423218,1122,selenium_login:login_and_view_dashboard,Success,True
1612463423219,1226,selenium_login,Success,True
.test_0_selenium_a_login,Total:127 Passed:127 Failed:0
1612463423525,279,selenium_browse_projects_list,Success,True
.test_1_selenium_browse_projects_list,Total:128 Passed:128 Failed:0
1612463423867,340,selenium_browse_boards_list,Success,True
.test_1_selenium_browse_boards_list,Total:129 Passed:129 Failed:0
1612463424594,718,selenium_create_issue:open_quick_create,Success,True
1612463425788,609,selenium_create_issue:fill_and_submit_issue_form:submit_issue_form,Success,True
1612463425788,1193,selenium_create_issue:fill_and_submit_issue_form,Success,True
1612463425788,1912,selenium_create_issue,Success,True
.test_1_selenium_create_issue,Total:130 Passed:130 Failed:0
1612463426279,482,selenium_edit_issue:open_edit_issue_form,Success,True
1612463427265,515,selenium_edit_issue:save_edit_issue_form,Success,True
1612463427265,1469,selenium_edit_issue,Success,True
.test_1_selenium_edit_issue,Total:131 Passed:131 Failed:0
1612463427644,377,selenium_save_comment:open_comment_form,Success,True
1612463428622,826,selenium_save_comment:submit_form,Success,True
1612463428622,1355,selenium_save_comment,Success,True
.test_1_selenium_save_comment,Total:132 Passed:132 Failed:0
1612463429663,1040,selenium_search_jql,Success,True
.test_1_selenium_search_jql,Total:133 Passed:133 Failed:0
1612463430503,838,selenium_view_scrum_board_backlog,Success,True
.test_1_selenium_view_backlog_for_scrum_board,Total:134 Passed:134 Failed:0
1612463431351,846,selenium_view_scrum_board,Success,True
.test_1_selenium_view_scrum_board,Total:135 Passed:135 Failed:0
1612463431854,501,selenium_view_kanban_board,Success,True
.test_1_selenium_view_kanban_board,Total:136 Passed:136 Failed:0
1612463432314,458,selenium_view_dashboard,Success,True
.test_1_selenium_view_dashboard,Total:137 Passed:137 Failed:0
1612463432871,555,selenium_view_issue,Success,True
.test_1_selenium_view_issue,Total:138 Passed:138 Failed:0
1612463433328,456,selenium_project_summary,Success,True
.test_1_selenium_view_project_summary,Total:139 Passed:139 Failed:0
1612463433642,311,selenium_log_out,Success,True
.test_2_selenium_z_log_out,Total:140 Passed:140 Failed:0


=============================== warnings summary ===============================
../../usr/local/lib/python3.8/dist-packages/_pytest/config/__init__.py:1114
  /usr/local/lib/python3.8/dist-packages/_pytest/config/__init__.py:1114: PytestAssertRewriteWarning: Module already imported so cannot be rewritten: apiritif
    self._mark_plugins_for_rewrite(hook)

-- Docs: https://docs.pytest.org/en/stable/warnings.html
======================== 14 passed, 1 warning in 11.66s ========================
============================= test session starts ==============================
platform linux -- Python 3.8.0, pytest-6.2.2, py-1.10.0, pluggy-0.13.1
rootdir: /dc-app-performance-toolkit/app
plugins: apiritif-0.9.6
collected 14 items

selenium_ui/jira_ui.py get driver from global
1612463433796,105,selenium_login:open_login_page,Success,True
1612463435024,1228,selenium_login:login_and_view_dashboard,Success,True
1612463435024,1333,selenium_login,Success,True
.test_0_selenium_a_login,Total:141 Passed:141 Failed:0
1612463435265,220,selenium_browse_projects_list,Success,True
.test_1_selenium_browse_projects_list,Total:142 Passed:142 Failed:0
1612463435518,251,selenium_browse_boards_list,Success,True
.test_1_selenium_browse_boards_list,Total:143 Passed:143 Failed:0
1612463436169,642,selenium_create_issue:open_quick_create,Success,True
1612463437342,605,selenium_create_issue:fill_and_submit_issue_form:submit_issue_form,Success,True
1612463437342,1173,selenium_create_issue:fill_and_submit_issue_form,Success,True
1612463437342,1816,selenium_create_issue,Success,True
.test_1_selenium_create_issue,Total:144 Passed:144 Failed:0
1612463437865,514,selenium_edit_issue:open_edit_issue_form,Success,True
1612463438845,538,selenium_edit_issue:save_edit_issue_form,Success,True
1612463438845,1494,selenium_edit_issue,Success,True
.test_1_selenium_edit_issue,Total:145 Passed:145 Failed:0
1612463439220,372,selenium_save_comment:open_comment_form,Success,True
1612463440344,972,selenium_save_comment:submit_form,Success,True
1612463440345,1497,selenium_save_comment,Success,True
.test_1_selenium_save_comment,Total:146 Passed:146 Failed:0
1612463441442,1095,selenium_search_jql,Success,True
.test_1_selenium_search_jql,Total:147 Passed:147 Failed:0
1612463442748,1305,selenium_view_scrum_board_backlog,Success,True
.test_1_selenium_view_backlog_for_scrum_board,Total:148 Passed:148 Failed:0
1612463443537,787,selenium_view_scrum_board,Success,True
.test_1_selenium_view_scrum_board,Total:149 Passed:149 Failed:0
1612463444332,793,selenium_view_kanban_board,Success,True
.test_1_selenium_view_kanban_board,Total:150 Passed:150 Failed:0
1612463444733,399,selenium_view_dashboard,Success,True
.test_1_selenium_view_dashboard,Total:151 Passed:151 Failed:0
1612463445338,603,selenium_view_issue,Success,True
.test_1_selenium_view_issue,Total:152 Passed:152 Failed:0
1612463445661,321,selenium_project_summary,Success,True
.test_1_selenium_view_project_summary,Total:153 Passed:153 Failed:0
1612463445967,305,selenium_log_out,Success,True
.test_2_selenium_z_log_out,Total:154 Passed:154 Failed:0


=============================== warnings summary ===============================
../../usr/local/lib/python3.8/dist-packages/_pytest/config/__init__.py:1114
  /usr/local/lib/python3.8/dist-packages/_pytest/config/__init__.py:1114: PytestAssertRewriteWarning: Module already imported so cannot be rewritten: apiritif
    self._mark_plugins_for_rewrite(hook)

-- Docs: https://docs.pytest.org/en/stable/warnings.html
======================== 14 passed, 1 warning in 12.29s ========================
============================= test session starts ==============================
platform linux -- Python 3.8.0, pytest-6.2.2, py-1.10.0, pluggy-0.13.1
rootdir: /dc-app-performance-toolkit/app
plugins: apiritif-0.9.6
collected 14 items

selenium_ui/jira_ui.py get driver from global
1612463446141,103,selenium_login:open_login_page,Success,True
1612463447307,1166,selenium_login:login_and_view_dashboard,Success,True
1612463447307,1270,selenium_login,Success,True
.test_0_selenium_a_login,Total:155 Passed:155 Failed:0
1612463447559,231,selenium_browse_projects_list,Success,True
.test_1_selenium_browse_projects_list,Total:156 Passed:156 Failed:0
1612463447812,252,selenium_browse_boards_list,Success,True
.test_1_selenium_browse_boards_list,Total:157 Passed:157 Failed:0
1612463448468,647,selenium_create_issue:open_quick_create,Success,True
1612463449618,606,selenium_create_issue:fill_and_submit_issue_form:submit_issue_form,Success,True
1612463449618,1150,selenium_create_issue:fill_and_submit_issue_form,Success,True
1612463449618,1798,selenium_create_issue,Success,True
.test_1_selenium_create_issue,Total:158 Passed:158 Failed:0
1612463450294,667,selenium_edit_issue:open_edit_issue_form,Success,True
1612463451204,542,selenium_edit_issue:save_edit_issue_form,Success,True
1612463451204,1577,selenium_edit_issue,Success,True
.test_1_selenium_edit_issue,Total:159 Passed:159 Failed:0
1612463451566,360,selenium_save_comment:open_comment_form,Success,True
1612463452524,800,selenium_save_comment:submit_form,Success,True
1612463452524,1319,selenium_save_comment,Success,True
.test_1_selenium_save_comment,Total:160 Passed:160 Failed:0
1612463453561,1035,selenium_search_jql,Success,True
.test_1_selenium_search_jql,Total:161 Passed:161 Failed:0
1612463454362,799,selenium_view_scrum_board_backlog,Success,True
.test_1_selenium_view_backlog_for_scrum_board,Total:162 Passed:162 Failed:0
1612463455200,836,selenium_view_scrum_board,Success,True
.test_1_selenium_view_scrum_board,Total:163 Passed:163 Failed:0
1612463456396,1194,selenium_view_kanban_board,Success,True
.test_1_selenium_view_kanban_board,Total:164 Passed:164 Failed:0
1612463456943,545,selenium_view_dashboard,Success,True
.test_1_selenium_view_dashboard,Total:165 Passed:165 Failed:0
1612463457560,614,selenium_view_issue,Success,True
.test_1_selenium_view_issue,Total:166 Passed:166 Failed:0
1612463457961,400,selenium_project_summary,Success,True
.test_1_selenium_view_project_summary,Total:167 Passed:167 Failed:0
1612463458293,330,selenium_log_out,Success,True
.test_2_selenium_z_log_out,Total:168 Passed:168 Failed:0


=============================== warnings summary ===============================
../../usr/local/lib/python3.8/dist-packages/_pytest/config/__init__.py:1114
  /usr/local/lib/python3.8/dist-packages/_pytest/config/__init__.py:1114: PytestAssertRewriteWarning: Module already imported so cannot be rewritten: apiritif
    self._mark_plugins_for_rewrite(hook)

-- Docs: https://docs.pytest.org/en/stable/warnings.html
======================== 14 passed, 1 warning in 12.27s ========================
============================= test session starts ==============================
platform linux -- Python 3.8.0, pytest-6.2.2, py-1.10.0, pluggy-0.13.1
rootdir: /dc-app-performance-toolkit/app
plugins: apiritif-0.9.6
collected 14 items

selenium_ui/jira_ui.py get driver from global
1612463458449,105,selenium_login:open_login_page,Success,True
1612463459584,1134,selenium_login:login_and_view_dashboard,Success,True
1612463459584,1240,selenium_login,Success,True
.test_0_selenium_a_login,Total:169 Passed:169 Failed:0
1612463459969,234,selenium_browse_projects_list,Success,True
.test_1_selenium_browse_projects_list,Total:170 Passed:170 Failed:0
1612463460226,255,selenium_browse_boards_list,Success,True
.test_1_selenium_browse_boards_list,Total:171 Passed:171 Failed:0
1612463460957,719,selenium_create_issue:open_quick_create,Success,True
1612463462062,610,selenium_create_issue:fill_and_submit_issue_form:submit_issue_form,Success,True
1612463462062,1104,selenium_create_issue:fill_and_submit_issue_form,Success,True
1612463462062,1824,selenium_create_issue,Success,True
.test_1_selenium_create_issue,Total:172 Passed:172 Failed:0
1612463462556,486,selenium_edit_issue:open_edit_issue_form,Success,True
1612463463522,516,selenium_edit_issue:save_edit_issue_form,Success,True
1612463463522,1452,selenium_edit_issue,Success,True
.test_1_selenium_edit_issue,Total:173 Passed:173 Failed:0
1612463463889,365,selenium_save_comment:open_comment_form,Success,True
1612463464839,787,selenium_save_comment:submit_form,Success,True
1612463464839,1315,selenium_save_comment,Success,True
.test_1_selenium_save_comment,Total:174 Passed:174 Failed:0
1612463465882,1041,selenium_search_jql,Success,True
.test_1_selenium_search_jql,Total:175 Passed:175 Failed:0
1612463467191,1307,selenium_view_scrum_board_backlog,Success,True
.test_1_selenium_view_backlog_for_scrum_board,Total:176 Passed:176 Failed:0
1612463467978,785,selenium_view_scrum_board,Success,True
.test_1_selenium_view_scrum_board,Total:177 Passed:177 Failed:0
1612463469090,1110,selenium_view_kanban_board,Success,True
.test_1_selenium_view_kanban_board,Total:178 Passed:178 Failed:0
1612463469330,238,selenium_view_dashboard,Success,True
.test_1_selenium_view_dashboard,Total:179 Passed:179 Failed:0
1612463469962,630,selenium_view_issue,Success,True
.test_1_selenium_view_issue,Total:180 Passed:180 Failed:0
1612463470395,430,selenium_project_summary,Success,True
.test_1_selenium_view_project_summary,Total:181 Passed:181 Failed:0
1612463470754,357,selenium_log_out,Success,True
.test_2_selenium_z_log_out,Total:182 Passed:182 Failed:0


=============================== warnings summary ===============================
../../usr/local/lib/python3.8/dist-packages/_pytest/config/__init__.py:1114
  /usr/local/lib/python3.8/dist-packages/_pytest/config/__init__.py:1114: PytestAssertRewriteWarning: Module already imported so cannot be rewritten: apiritif
    self._mark_plugins_for_rewrite(hook)

-- Docs: https://docs.pytest.org/en/stable/warnings.html
======================== 14 passed, 1 warning in 12.42s ========================
============================= test session starts ==============================
platform linux -- Python 3.8.0, pytest-6.2.2, py-1.10.0, pluggy-0.13.1
rootdir: /dc-app-performance-toolkit/app
plugins: apiritif-0.9.6
collected 14 items

selenium_ui/jira_ui.py get driver from global
1612463470908,105,selenium_login:open_login_page,Success,True
1612463472139,1230,selenium_login:login_and_view_dashboard,Success,True
1612463472139,1336,selenium_login,Success,True
.test_0_selenium_a_login,Total:183 Passed:183 Failed:0
1612463472388,226,selenium_browse_projects_list,Success,True
.test_1_selenium_browse_projects_list,Total:184 Passed:184 Failed:0
1612463472646,256,selenium_browse_boards_list,Success,True
.test_1_selenium_browse_boards_list,Total:185 Passed:185 Failed:0
1612463473310,656,selenium_create_issue:open_quick_create,Success,True
1612463474441,621,selenium_create_issue:fill_and_submit_issue_form:submit_issue_form,Success,True
1612463474441,1130,selenium_create_issue:fill_and_submit_issue_form,Success,True
1612463474441,1787,selenium_create_issue,Success,True
.test_1_selenium_create_issue,Total:186 Passed:186 Failed:0
1612463475070,620,selenium_edit_issue:open_edit_issue_form,Success,True
1612463475989,571,selenium_edit_issue:save_edit_issue_form,Success,True
1612463475989,1539,selenium_edit_issue,Success,True
.test_1_selenium_edit_issue,Total:187 Passed:187 Failed:0
1612463476451,460,selenium_save_comment:open_comment_form,Success,True
1612463477348,738,selenium_save_comment:submit_form,Success,True
1612463477348,1357,selenium_save_comment,Success,True
.test_1_selenium_save_comment,Total:188 Passed:188 Failed:0
1612463478443,1093,selenium_search_jql,Success,True
.test_1_selenium_search_jql,Total:189 Passed:189 Failed:0
1612463479744,1299,selenium_view_scrum_board_backlog,Success,True
.test_1_selenium_view_backlog_for_scrum_board,Total:190 Passed:190 Failed:0
1612463480532,786,selenium_view_scrum_board,Success,True
.test_1_selenium_view_scrum_board,Total:191 Passed:191 Failed:0
1612463481067,534,selenium_view_kanban_board,Success,True
.test_1_selenium_view_kanban_board,Total:192 Passed:192 Failed:0
1612463481534,465,selenium_view_dashboard,Success,True
.test_1_selenium_view_dashboard,Total:193 Passed:193 Failed:0
1612463482159,623,selenium_view_issue,Success,True
.test_1_selenium_view_issue,Total:194 Passed:194 Failed:0
1612463482593,431,selenium_project_summary,Success,True
.test_1_selenium_view_project_summary,Total:195 Passed:195 Failed:0
1612463482909,314,selenium_log_out,Success,True
.test_2_selenium_z_log_out,Total:196 Passed:196 Failed:0


=============================== warnings summary ===============================
../../usr/local/lib/python3.8/dist-packages/_pytest/config/__init__.py:1114
  /usr/local/lib/python3.8/dist-packages/_pytest/config/__init__.py:1114: PytestAssertRewriteWarning: Module already imported so cannot be rewritten: apiritif
    self._mark_plugins_for_rewrite(hook)

-- Docs: https://docs.pytest.org/en/stable/warnings.html
======================== 14 passed, 1 warning in 12.11s ========================
============================= test session starts ==============================
platform linux -- Python 3.8.0, pytest-6.2.2, py-1.10.0, pluggy-0.13.1
rootdir: /dc-app-performance-toolkit/app
plugins: apiritif-0.9.6
collected 14 items

selenium_ui/jira_ui.py get driver from global
1612463483065,105,selenium_login:open_login_page,Success,True
1612463484250,1184,selenium_login:login_and_view_dashboard,Success,True
1612463484250,1291,selenium_login,Success,True
.test_0_selenium_a_login,Total:197 Passed:197 Failed:0
1612463484503,231,selenium_browse_projects_list,Success,True
.test_1_selenium_browse_projects_list,Total:198 Passed:198 Failed:0
1612463484761,256,selenium_browse_boards_list,Success,True
.test_1_selenium_browse_boards_list,Total:199 Passed:199 Failed:0
1612463485552,782,selenium_create_issue:open_quick_create,Success,True
1612463486650,610,selenium_create_issue:fill_and_submit_issue_form:submit_issue_form,Success,True
1612463486650,1098,selenium_create_issue:fill_and_submit_issue_form,Success,True
1612463486650,1880,selenium_create_issue,Success,True
.test_1_selenium_create_issue,Total:200 Passed:200 Failed:0
1612463487150,492,selenium_edit_issue:open_edit_issue_form,Success,True
1612463488103,514,selenium_edit_issue:save_edit_issue_form,Success,True
1612463488103,1445,selenium_edit_issue,Success,True
.test_1_selenium_edit_issue,Total:201 Passed:201 Failed:0
1612463488512,407,selenium_save_comment:open_comment_form,Success,True
1612463489502,832,selenium_save_comment:submit_form,Success,True
1612463489502,1397,selenium_save_comment,Success,True
.test_1_selenium_save_comment,Total:202 Passed:202 Failed:0
1612463490538,1034,selenium_search_jql,Success,True
.test_1_selenium_search_jql,Total:203 Passed:203 Failed:0
1612463491841,1302,selenium_view_scrum_board_backlog,Success,True
.test_1_selenium_view_backlog_for_scrum_board,Total:204 Passed:204 Failed:0
1612463492614,770,selenium_view_scrum_board,Success,True
.test_1_selenium_view_scrum_board,Total:205 Passed:205 Failed:0
1612463493111,496,selenium_view_kanban_board,Success,True
.test_1_selenium_view_kanban_board,Total:206 Passed:206 Failed:0
1612463493459,346,selenium_view_dashboard,Success,True
.test_1_selenium_view_dashboard,Total:207 Passed:207 Failed:0
1612463494035,574,selenium_view_issue,Success,True
.test_1_selenium_view_issue,Total:208 Passed:208 Failed:0
1612463494515,478,selenium_project_summary,Success,True
.test_1_selenium_view_project_summary,Total:209 Passed:209 Failed:0
1612463494805,288,selenium_log_out,Success,True
.test_2_selenium_z_log_out,Total:210 Passed:210 Failed:0


=============================== warnings summary ===============================
../../usr/local/lib/python3.8/dist-packages/_pytest/config/__init__.py:1114
  /usr/local/lib/python3.8/dist-packages/_pytest/config/__init__.py:1114: PytestAssertRewriteWarning: Module already imported so cannot be rewritten: apiritif
    self._mark_plugins_for_rewrite(hook)

-- Docs: https://docs.pytest.org/en/stable/warnings.html
======================== 14 passed, 1 warning in 11.85s ========================
============================= test session starts ==============================
platform linux -- Python 3.8.0, pytest-6.2.2, py-1.10.0, pluggy-0.13.1
rootdir: /dc-app-performance-toolkit/app
plugins: apiritif-0.9.6
collected 14 items

selenium_ui/jira_ui.py get driver from global
1612463494956,100,selenium_login:open_login_page,Success,True
1612463496095,1139,selenium_login:login_and_view_dashboard,Success,True
1612463496096,1239,selenium_login,Success,True
.test_0_selenium_a_login,Total:211 Passed:211 Failed:0
1612463496532,409,selenium_browse_projects_list,Success,True
.test_1_selenium_browse_projects_list,Total:212 Passed:212 Failed:0
1612463496931,397,selenium_browse_boards_list,Success,True
.test_1_selenium_browse_boards_list,Total:213 Passed:213 Failed:0
1612463497727,783,selenium_create_issue:open_quick_create,Success,True
1612463498896,607,selenium_create_issue:fill_and_submit_issue_form:submit_issue_form,Success,True
1612463498897,1169,selenium_create_issue:fill_and_submit_issue_form,Success,True
1612463498897,1952,selenium_create_issue,Success,True
.test_1_selenium_create_issue,Total:214 Passed:214 Failed:0
1612463499391,485,selenium_edit_issue:open_edit_issue_form,Success,True
1612463500378,530,selenium_edit_issue:save_edit_issue_form,Success,True
1612463500378,1473,selenium_edit_issue,Success,True
.test_1_selenium_edit_issue,Total:215 Passed:215 Failed:0
1612463500750,370,selenium_save_comment:open_comment_form,Success,True
1612463501687,789,selenium_save_comment:submit_form,Success,True
1612463501687,1307,selenium_save_comment,Success,True
.test_1_selenium_save_comment,Total:216 Passed:216 Failed:0
1612463502744,1055,selenium_search_jql,Success,True
.test_1_selenium_search_jql,Total:217 Passed:217 Failed:0
1612463504090,1344,selenium_view_scrum_board_backlog,Success,True
.test_1_selenium_view_backlog_for_scrum_board,Total:218 Passed:218 Failed:0
1612463504883,791,selenium_view_scrum_board,Success,True
.test_1_selenium_view_scrum_board,Total:219 Passed:219 Failed:0
1612463505292,408,selenium_view_kanban_board,Success,True
.test_1_selenium_view_kanban_board,Total:220 Passed:220 Failed:0
1612463505563,269,selenium_view_dashboard,Success,True
.test_1_selenium_view_dashboard,Total:221 Passed:221 Failed:0
1612463506139,574,selenium_view_issue,Success,True
.test_1_selenium_view_issue,Total:222 Passed:222 Failed:0
1612463506600,459,selenium_project_summary,Success,True
.test_1_selenium_view_project_summary,Total:223 Passed:223 Failed:0
1612463506920,318,selenium_log_out,Success,True
.test_2_selenium_z_log_out,Total:224 Passed:224 Failed:0


=============================== warnings summary ===============================
../../usr/local/lib/python3.8/dist-packages/_pytest/config/__init__.py:1114
  /usr/local/lib/python3.8/dist-packages/_pytest/config/__init__.py:1114: PytestAssertRewriteWarning: Module already imported so cannot be rewritten: apiritif
    self._mark_plugins_for_rewrite(hook)

-- Docs: https://docs.pytest.org/en/stable/warnings.html
======================== 14 passed, 1 warning in 12.07s ========================
============================= test session starts ==============================
platform linux -- Python 3.8.0, pytest-6.2.2, py-1.10.0, pluggy-0.13.1
rootdir: /dc-app-performance-toolkit/app
plugins: apiritif-0.9.6
collected 14 items

selenium_ui/jira_ui.py get driver from global
1612463507078,110,selenium_login:open_login_page,Success,True
1612463508277,1198,selenium_login:login_and_view_dashboard,Success,True
1612463508278,1309,selenium_login,Success,True
.test_0_selenium_a_login,Total:225 Passed:225 Failed:0
1612463508522,223,selenium_browse_projects_list,Success,True
.test_1_selenium_browse_projects_list,Total:226 Passed:226 Failed:0
1612463508783,259,selenium_browse_boards_list,Success,True
.test_1_selenium_browse_boards_list,Total:227 Passed:227 Failed:0
1612463509510,718,selenium_create_issue:open_quick_create,Success,True
1612463510674,607,selenium_create_issue:fill_and_submit_issue_form:submit_issue_form,Success,True
1612463510674,1164,selenium_create_issue:fill_and_submit_issue_form,Success,True
1612463510674,1882,selenium_create_issue,Success,True
.test_1_selenium_create_issue,Total:228 Passed:228 Failed:0
1612463511220,511,selenium_edit_issue:open_edit_issue_form,Success,True
1612463512167,506,selenium_edit_issue:save_edit_issue_form,Success,True
1612463512167,1459,selenium_edit_issue,Success,True
.test_1_selenium_edit_issue,Total:229 Passed:229 Failed:0
1612463512458,288,selenium_save_comment:open_comment_form,Success,True
1612463513405,789,selenium_save_comment:submit_form,Success,True
1612463513405,1236,selenium_save_comment,Success,True
.test_1_selenium_save_comment,Total:230 Passed:230 Failed:0
1612463514436,1029,selenium_search_jql,Success,True
.test_1_selenium_search_jql,Total:231 Passed:231 Failed:0
1612463515763,1325,selenium_view_scrum_board_backlog,Success,True
.test_1_selenium_view_backlog_for_scrum_board,Total:232 Passed:232 Failed:0
1612463516548,783,selenium_view_scrum_board,Success,True
.test_1_selenium_view_scrum_board,Total:233 Passed:233 Failed:0
1612463516992,442,selenium_view_kanban_board,Success,True
.test_1_selenium_view_kanban_board,Total:234 Passed:234 Failed:0
1612463517443,449,selenium_view_dashboard,Success,True
.test_1_selenium_view_dashboard,Total:235 Passed:235 Failed:0
1612463518099,654,selenium_view_issue,Success,True
.test_1_selenium_view_issue,Total:236 Passed:236 Failed:0
1612463518462,361,selenium_project_summary,Success,True
.test_1_selenium_view_project_summary,Total:237 Passed:237 Failed:0
1612463518767,303,selenium_log_out,Success,True
.test_2_selenium_z_log_out,Total:238 Passed:238 Failed:0


=============================== warnings summary ===============================
../../usr/local/lib/python3.8/dist-packages/_pytest/config/__init__.py:1114
  /usr/local/lib/python3.8/dist-packages/_pytest/config/__init__.py:1114: PytestAssertRewriteWarning: Module already imported so cannot be rewritten: apiritif
    self._mark_plugins_for_rewrite(hook)

-- Docs: https://docs.pytest.org/en/stable/warnings.html
======================== 14 passed, 1 warning in 11.81s ========================
============================= test session starts ==============================
platform linux -- Python 3.8.0, pytest-6.2.2, py-1.10.0, pluggy-0.13.1
rootdir: /dc-app-performance-toolkit/app
plugins: apiritif-0.9.6
collected 14 items

selenium_ui/jira_ui.py get driver from global
1612463518921,103,selenium_login:open_login_page,Success,True
1612463520116,1194,selenium_login:login_and_view_dashboard,Success,True
1612463520116,1298,selenium_login,Success,True
.test_0_selenium_a_login,Total:239 Passed:239 Failed:0
1612463520366,228,selenium_browse_projects_list,Success,True
.test_1_selenium_browse_projects_list,Total:240 Passed:240 Failed:0
1612463520624,257,selenium_browse_boards_list,Success,True
.test_1_selenium_browse_boards_list,Total:241 Passed:241 Failed:0
1612463521290,656,selenium_create_issue:open_quick_create,Success,True
1612463522482,611,selenium_create_issue:fill_and_submit_issue_form:submit_issue_form,Success,True
1612463522483,1192,selenium_create_issue:fill_and_submit_issue_form,Success,True
1612463522483,1849,selenium_create_issue,Success,True
.test_1_selenium_create_issue,Total:242 Passed:242 Failed:0
1612463522979,488,selenium_edit_issue:open_edit_issue_form,Success,True
1612463524177,755,selenium_edit_issue:save_edit_issue_form,Success,True
1612463524178,1687,selenium_edit_issue,Success,True
.test_1_selenium_edit_issue,Total:243 Passed:243 Failed:0
1612463524468,288,selenium_save_comment:open_comment_form,Success,True
1612463525263,704,selenium_save_comment:submit_form,Success,True
1612463525263,1083,selenium_save_comment,Success,True
.test_1_selenium_save_comment,Total:244 Passed:244 Failed:0
1612463526366,1101,selenium_search_jql,Success,True
.test_1_selenium_search_jql,Total:245 Passed:245 Failed:0
1612463527150,783,selenium_view_scrum_board_backlog,Success,True
.test_1_selenium_view_backlog_for_scrum_board,Total:246 Passed:246 Failed:0
1612463527933,782,selenium_view_scrum_board,Success,True
.test_1_selenium_view_scrum_board,Total:247 Passed:247 Failed:0
1612463528437,502,selenium_view_kanban_board,Success,True
.test_1_selenium_view_kanban_board,Total:248 Passed:248 Failed:0
1612463528894,455,selenium_view_dashboard,Success,True
.test_1_selenium_view_dashboard,Total:249 Passed:249 Failed:0
1612463529468,572,selenium_view_issue,Success,True
.test_1_selenium_view_issue,Total:250 Passed:250 Failed:0
1612463529839,369,selenium_project_summary,Success,True
.test_1_selenium_view_project_summary,Total:251 Passed:251 Failed:0
1612463530149,308,selenium_log_out,Success,True
.test_2_selenium_z_log_out,Total:252 Passed:252 Failed:0


=============================== warnings summary ===============================
../../usr/local/lib/python3.8/dist-packages/_pytest/config/__init__.py:1114
  /usr/local/lib/python3.8/dist-packages/_pytest/config/__init__.py:1114: PytestAssertRewriteWarning: Module already imported so cannot be rewritten: apiritif
    self._mark_plugins_for_rewrite(hook)

-- Docs: https://docs.pytest.org/en/stable/warnings.html
======================== 14 passed, 1 warning in 11.34s ========================
============================= test session starts ==============================
platform linux -- Python 3.8.0, pytest-6.2.2, py-1.10.0, pluggy-0.13.1
rootdir: /dc-app-performance-toolkit/app
plugins: apiritif-0.9.6
collected 14 items

selenium_ui/jira_ui.py get driver from global
1612463530302,104,selenium_login:open_login_page,Success,True
1612463531530,1227,selenium_login:login_and_view_dashboard,Success,True
1612463531530,1332,selenium_login,Success,True
.test_0_selenium_a_login,Total:253 Passed:253 Failed:0
1612463531771,220,selenium_browse_projects_list,Success,True
.test_1_selenium_browse_projects_list,Total:254 Passed:254 Failed:0
1612463532026,252,selenium_browse_boards_list,Success,True
.test_1_selenium_browse_boards_list,Total:255 Passed:255 Failed:0
1612463532780,745,selenium_create_issue:open_quick_create,Success,True
1612463533941,609,selenium_create_issue:fill_and_submit_issue_form:submit_issue_form,Success,True
1612463533941,1160,selenium_create_issue:fill_and_submit_issue_form,Success,True
1612463533941,1906,selenium_create_issue,Success,True
.test_1_selenium_create_issue,Total:256 Passed:256 Failed:0
1612463534577,628,selenium_edit_issue:open_edit_issue_form,Success,True
1612463535525,600,selenium_edit_issue:save_edit_issue_form,Success,True
1612463535525,1576,selenium_edit_issue,Success,True
.test_1_selenium_edit_issue,Total:257 Passed:257 Failed:0
1612463535923,396,selenium_save_comment:open_comment_form,Success,True
1612463536895,816,selenium_save_comment:submit_form,Success,True
1612463536895,1368,selenium_save_comment,Success,True
.test_1_selenium_save_comment,Total:258 Passed:258 Failed:0
1612463537957,1060,selenium_search_jql,Success,True
.test_1_selenium_search_jql,Total:259 Passed:259 Failed:0
1612463538746,787,selenium_view_scrum_board_backlog,Success,True
.test_1_selenium_view_backlog_for_scrum_board,Total:260 Passed:260 Failed:0
1612463539522,774,selenium_view_scrum_board,Success,True
.test_1_selenium_view_scrum_board,Total:261 Passed:261 Failed:0
1612463539843,319,selenium_view_kanban_board,Success,True
.test_1_selenium_view_kanban_board,Total:262 Passed:262 Failed:0
1612463540087,242,selenium_view_dashboard,Success,True
.test_1_selenium_view_dashboard,Total:263 Passed:263 Failed:0
1612463540716,626,selenium_view_issue,Success,True
.test_1_selenium_view_issue,Total:264 Passed:264 Failed:0
1612463541145,428,selenium_project_summary,Success,True
.test_1_selenium_view_project_summary,Total:265 Passed:265 Failed:0
1612463541455,308,selenium_log_out,Success,True
.test_2_selenium_z_log_out,Total:266 Passed:266 Failed:0


=============================== warnings summary ===============================
../../usr/local/lib/python3.8/dist-packages/_pytest/config/__init__.py:1114
  /usr/local/lib/python3.8/dist-packages/_pytest/config/__init__.py:1114: PytestAssertRewriteWarning: Module already imported so cannot be rewritten: apiritif
    self._mark_plugins_for_rewrite(hook)

-- Docs: https://docs.pytest.org/en/stable/warnings.html
======================== 14 passed, 1 warning in 11.27s ========================
============================= test session starts ==============================
platform linux -- Python 3.8.0, pytest-6.2.2, py-1.10.0, pluggy-0.13.1
rootdir: /dc-app-performance-toolkit/app
plugins: apiritif-0.9.6
collected 14 items

selenium_ui/jira_ui.py get driver from global
1612463541610,106,selenium_login:open_login_page,Success,True
1612463542089,478,selenium_login:login_and_view_dashboard,Success,True
1612463542089,586,selenium_login,Success,True
.test_0_selenium_a_login,Total:267 Passed:267 Failed:0
1612463542365,263,selenium_browse_projects_list,Success,True
.test_1_selenium_browse_projects_list,Total:268 Passed:268 Failed:0
1612463542625,258,selenium_browse_boards_list,Success,True
.test_1_selenium_browse_boards_list,Total:269 Passed:269 Failed:0
1612463543282,647,selenium_create_issue:open_quick_create,Success,True
1612463544497,604,selenium_create_issue:fill_and_submit_issue_form:submit_issue_form,Success,True
1612463544497,1215,selenium_create_issue:fill_and_submit_issue_form,Success,True
1612463544497,1862,selenium_create_issue,Success,True
.test_1_selenium_create_issue,Total:270 Passed:270 Failed:0
1612463545118,613,selenium_edit_issue:open_edit_issue_form,Success,True
1612463546041,562,selenium_edit_issue:save_edit_issue_form,Success,True
1612463546041,1536,selenium_edit_issue,Success,True
.test_1_selenium_edit_issue,Total:271 Passed:271 Failed:0
1612463546416,373,selenium_save_comment:open_comment_form,Success,True
1612463547364,794,selenium_save_comment:submit_form,Success,True
1612463547364,1321,selenium_save_comment,Success,True
.test_1_selenium_save_comment,Total:272 Passed:272 Failed:0
1612463548416,1050,selenium_search_jql,Success,True
.test_1_selenium_search_jql,Total:273 Passed:273 Failed:0
1612463549742,1324,selenium_view_scrum_board_backlog,Success,True
.test_1_selenium_view_backlog_for_scrum_board,Total:274 Passed:274 Failed:0
1612463550525,781,selenium_view_scrum_board,Success,True
.test_1_selenium_view_scrum_board,Total:275 Passed:275 Failed:0
1612463550925,399,selenium_view_kanban_board,Success,True
.test_1_selenium_view_kanban_board,Total:276 Passed:276 Failed:0
1612463551225,297,selenium_view_dashboard,Success,True
.test_1_selenium_view_dashboard,Total:277 Passed:277 Failed:0
1612463551807,580,selenium_view_issue,Success,True
.test_1_selenium_view_issue,Total:278 Passed:278 Failed:0
1612463552295,486,selenium_project_summary,Success,True
.test_1_selenium_view_project_summary,Total:279 Passed:279 Failed:0
1612463552595,299,selenium_log_out,Success,True
.test_2_selenium_z_log_out,Total:280 Passed:280 Failed:0


=============================== warnings summary ===============================
../../usr/local/lib/python3.8/dist-packages/_pytest/config/__init__.py:1114
  /usr/local/lib/python3.8/dist-packages/_pytest/config/__init__.py:1114: PytestAssertRewriteWarning: Module already imported so cannot be rewritten: apiritif
    self._mark_plugins_for_rewrite(hook)

-- Docs: https://docs.pytest.org/en/stable/warnings.html
======================== 14 passed, 1 warning in 11.10s ========================
============================= test session starts ==============================
platform linux -- Python 3.8.0, pytest-6.2.2, py-1.10.0, pluggy-0.13.1
rootdir: /dc-app-performance-toolkit/app
plugins: apiritif-0.9.6
collected 14 items

selenium_ui/jira_ui.py get driver from global
1612463552745,100,selenium_login:open_login_page,Success,True
1612463553915,1169,selenium_login:login_and_view_dashboard,Success,True
1612463553915,1270,selenium_login,Success,True
.test_0_selenium_a_login,Total:281 Passed:281 Failed:0
1612463554171,236,selenium_browse_projects_list,Success,True
.test_1_selenium_browse_projects_list,Total:282 Passed:282 Failed:0
1612463554430,257,selenium_browse_boards_list,Success,True
.test_1_selenium_browse_boards_list,Total:283 Passed:283 Failed:0
1612463555230,791,selenium_create_issue:open_quick_create,Success,True
1612463556397,608,selenium_create_issue:fill_and_submit_issue_form:submit_issue_form,Success,True
1612463556397,1166,selenium_create_issue:fill_and_submit_issue_form,Success,True
1612463556397,1958,selenium_create_issue,Success,True
.test_1_selenium_create_issue,Total:284 Passed:284 Failed:0
1612463556908,502,selenium_edit_issue:open_edit_issue_form,Success,True
1612463557993,581,selenium_edit_issue:save_edit_issue_form,Success,True
1612463557994,1588,selenium_edit_issue,Success,True
.test_1_selenium_edit_issue,Total:285 Passed:285 Failed:0
1612463558336,340,selenium_save_comment:open_comment_form,Success,True
1612463559330,845,selenium_save_comment:submit_form,Success,True
1612463559330,1335,selenium_save_comment,Success,True
.test_1_selenium_save_comment,Total:286 Passed:286 Failed:0
1612463560373,1041,selenium_search_jql,Success,True
.test_1_selenium_search_jql,Total:287 Passed:287 Failed:0
1612463561165,790,selenium_view_scrum_board_backlog,Success,True
.test_1_selenium_view_backlog_for_scrum_board,Total:288 Passed:288 Failed:0
1612463561947,780,selenium_view_scrum_board,Success,True
.test_1_selenium_view_scrum_board,Total:289 Passed:289 Failed:0
1612463562472,523,selenium_view_kanban_board,Success,True
.test_1_selenium_view_kanban_board,Total:290 Passed:290 Failed:0
1612463562946,473,selenium_view_dashboard,Success,True
.test_1_selenium_view_dashboard,Total:291 Passed:291 Failed:0
1612463563522,574,selenium_view_issue,Success,True
.test_1_selenium_view_issue,Total:292 Passed:292 Failed:0
1612463563845,321,selenium_project_summary,Success,True
.test_1_selenium_view_project_summary,Total:293 Passed:293 Failed:0
1612463564152,305,selenium_log_out,Success,True
.test_2_selenium_z_log_out,Total:294 Passed:294 Failed:0


=============================== warnings summary ===============================
../../usr/local/lib/python3.8/dist-packages/_pytest/config/__init__.py:1114
  /usr/local/lib/python3.8/dist-packages/_pytest/config/__init__.py:1114: PytestAssertRewriteWarning: Module already imported so cannot be rewritten: apiritif
    self._mark_plugins_for_rewrite(hook)

-- Docs: https://docs.pytest.org/en/stable/warnings.html
======================== 14 passed, 1 warning in 11.52s ========================
============================= test session starts ==============================
platform linux -- Python 3.8.0, pytest-6.2.2, py-1.10.0, pluggy-0.13.1
rootdir: /dc-app-performance-toolkit/app
plugins: apiritif-0.9.6
collected 14 items

selenium_ui/jira_ui.py get driver from global
1612463564307,106,selenium_login:open_login_page,Success,True
1612463565576,1268,selenium_login:login_and_view_dashboard,Success,True
1612463565576,1374,selenium_login,Success,True
.test_0_selenium_a_login,Total:295 Passed:295 Failed:0
1612463565830,233,selenium_browse_projects_list,Success,True
.test_1_selenium_browse_projects_list,Total:296 Passed:296 Failed:0
1612463566099,268,selenium_browse_boards_list,Success,True
.test_1_selenium_browse_boards_list,Total:297 Passed:297 Failed:0
1612463566759,651,selenium_create_issue:open_quick_create,Success,True
1612463567913,606,selenium_create_issue:fill_and_submit_issue_form:submit_issue_form,Success,True
1612463567913,1154,selenium_create_issue:fill_and_submit_issue_form,Success,True
1612463567913,1805,selenium_create_issue,Success,True
.test_1_selenium_create_issue,Total:298 Passed:298 Failed:0
1612463568422,500,selenium_edit_issue:open_edit_issue_form,Success,True
1612463569409,532,selenium_edit_issue:save_edit_issue_form,Success,True
1612463569409,1487,selenium_edit_issue,Success,True
.test_1_selenium_edit_issue,Total:299 Passed:299 Failed:0
1612463569797,386,selenium_save_comment:open_comment_form,Success,True
1612463570700,747,selenium_save_comment:submit_form,Success,True
1612463570700,1289,selenium_save_comment,Success,True
.test_1_selenium_save_comment,Total:300 Passed:300 Failed:0
1612463571717,1016,selenium_search_jql,Success,True
.test_1_selenium_search_jql,Total:301 Passed:301 Failed:0
1612463573022,1303,selenium_view_scrum_board_backlog,Success,True
.test_1_selenium_view_backlog_for_scrum_board,Total:302 Passed:302 Failed:0
1612463573814,789,selenium_view_scrum_board,Success,True
.test_1_selenium_view_scrum_board,Total:303 Passed:303 Failed:0
1612463574483,668,selenium_view_kanban_board,Success,True
.test_1_selenium_view_kanban_board,Total:304 Passed:304 Failed:0
1612463574856,371,selenium_view_dashboard,Success,True
.test_1_selenium_view_dashboard,Total:305 Passed:305 Failed:0
1612463575477,620,selenium_view_issue,Success,True
.test_1_selenium_view_issue,Total:306 Passed:306 Failed:0
1612463575914,435,selenium_project_summary,Success,True
.test_1_selenium_view_project_summary,Total:307 Passed:307 Failed:0
1612463576222,305,selenium_log_out,Success,True
.test_2_selenium_z_log_out,Total:308 Passed:308 Failed:0


=============================== warnings summary ===============================
../../usr/local/lib/python3.8/dist-packages/_pytest/config/__init__.py:1114
  /usr/local/lib/python3.8/dist-packages/_pytest/config/__init__.py:1114: PytestAssertRewriteWarning: Module already imported so cannot be rewritten: apiritif
    self._mark_plugins_for_rewrite(hook)

-- Docs: https://docs.pytest.org/en/stable/warnings.html
======================== 14 passed, 1 warning in 12.03s ========================
============================= test session starts ==============================
platform linux -- Python 3.8.0, pytest-6.2.2, py-1.10.0, pluggy-0.13.1
rootdir: /dc-app-performance-toolkit/app
plugins: apiritif-0.9.6
collected 14 items

selenium_ui/jira_ui.py get driver from global
1612463576372,102,selenium_login:open_login_page,Success,True
1612463577572,1199,selenium_login:login_and_view_dashboard,Success,True
1612463577572,1302,selenium_login,Success,True
.test_0_selenium_a_login,Total:309 Passed:309 Failed:0
1612463577818,225,selenium_browse_projects_list,Success,True
.test_1_selenium_browse_projects_list,Total:310 Passed:310 Failed:0
1612463578074,255,selenium_browse_boards_list,Success,True
.test_1_selenium_browse_boards_list,Total:311 Passed:311 Failed:0
1612463578828,744,selenium_create_issue:open_quick_create,Success,True
1612463580021,606,selenium_create_issue:fill_and_submit_issue_form:submit_issue_form,Success,True
1612463580021,1192,selenium_create_issue:fill_and_submit_issue_form,Success,True
1612463580021,1937,selenium_create_issue,Success,True
.test_1_selenium_create_issue,Total:312 Passed:312 Failed:0
1612463580535,505,selenium_edit_issue:open_edit_issue_form,Success,True
1612463581526,547,selenium_edit_issue:save_edit_issue_form,Success,True
1612463581526,1496,selenium_edit_issue,Success,True
.test_1_selenium_edit_issue,Total:313 Passed:313 Failed:0
1612463581918,390,selenium_save_comment:open_comment_form,Success,True
1612463582883,807,selenium_save_comment:submit_form,Success,True
1612463582884,1356,selenium_save_comment,Success,True
.test_1_selenium_save_comment,Total:314 Passed:314 Failed:0
1612463583899,1014,selenium_search_jql,Success,True
.test_1_selenium_search_jql,Total:315 Passed:315 Failed:0
1612463585210,1309,selenium_view_scrum_board_backlog,Success,True
.test_1_selenium_view_backlog_for_scrum_board,Total:316 Passed:316 Failed:0
1612463585986,775,selenium_view_scrum_board,Success,True
.test_1_selenium_view_scrum_board,Total:317 Passed:317 Failed:0
1612463586611,622,selenium_view_kanban_board,Success,True
.test_1_selenium_view_kanban_board,Total:318 Passed:318 Failed:0
1612463587174,561,selenium_view_dashboard,Success,True
.test_1_selenium_view_dashboard,Total:319 Passed:319 Failed:0
1612463587796,621,selenium_view_issue,Success,True
.test_1_selenium_view_issue,Total:320 Passed:320 Failed:0
1612463588172,373,selenium_project_summary,Success,True
.test_1_selenium_view_project_summary,Total:321 Passed:321 Failed:0
1612463588483,310,selenium_log_out,Success,True
.test_2_selenium_z_log_out,Total:322 Passed:322 Failed:0


=============================== warnings summary ===============================
../../usr/local/lib/python3.8/dist-packages/_pytest/config/__init__.py:1114
  /usr/local/lib/python3.8/dist-packages/_pytest/config/__init__.py:1114: PytestAssertRewriteWarning: Module already imported so cannot be rewritten: apiritif
    self._mark_plugins_for_rewrite(hook)

-- Docs: https://docs.pytest.org/en/stable/warnings.html
======================== 14 passed, 1 warning in 12.22s ========================
============================= test session starts ==============================
platform linux -- Python 3.8.0, pytest-6.2.2, py-1.10.0, pluggy-0.13.1
rootdir: /dc-app-performance-toolkit/app
plugins: apiritif-0.9.6
collected 14 items

selenium_ui/jira_ui.py get driver from global
1612463588633,101,selenium_login:open_login_page,Success,True
1612463589790,1157,selenium_login:login_and_view_dashboard,Success,True
1612463589790,1259,selenium_login,Success,True
.test_0_selenium_a_login,Total:323 Passed:323 Failed:0
1612463590051,239,selenium_browse_projects_list,Success,True
.test_1_selenium_browse_projects_list,Total:324 Passed:324 Failed:0
1612463590312,259,selenium_browse_boards_list,Success,True
.test_1_selenium_browse_boards_list,Total:325 Passed:325 Failed:0
1612463591077,756,selenium_create_issue:open_quick_create,Success,True
1612463592274,611,selenium_create_issue:fill_and_submit_issue_form:submit_issue_form,Success,True
1612463592274,1197,selenium_create_issue:fill_and_submit_issue_form,Success,True
1612463592274,1953,selenium_create_issue,Success,True
.test_1_selenium_create_issue,Total:326 Passed:326 Failed:0
1612463592781,497,selenium_edit_issue:open_edit_issue_form,Success,True
1612463593791,565,selenium_edit_issue:save_edit_issue_form,Success,True
1612463593791,1507,selenium_edit_issue,Success,True
.test_1_selenium_edit_issue,Total:327 Passed:327 Failed:0
1612463594201,408,selenium_save_comment:open_comment_form,Success,True
1612463595170,808,selenium_save_comment:submit_form,Success,True
1612463595170,1377,selenium_save_comment,Success,True
.test_1_selenium_save_comment,Total:328 Passed:328 Failed:0
1612463596210,1038,selenium_search_jql,Success,True
.test_1_selenium_search_jql,Total:329 Passed:329 Failed:0
1612463596992,781,selenium_view_scrum_board_backlog,Success,True
.test_1_selenium_view_backlog_for_scrum_board,Total:330 Passed:330 Failed:0
1612463597772,777,selenium_view_scrum_board,Success,True
.test_1_selenium_view_scrum_board,Total:331 Passed:331 Failed:0
1612463598495,722,selenium_view_kanban_board,Success,True
.test_1_selenium_view_kanban_board,Total:332 Passed:332 Failed:0
1612463598799,302,selenium_view_dashboard,Success,True
.test_1_selenium_view_dashboard,Total:333 Passed:333 Failed:0
1612463599447,645,selenium_view_issue,Success,True
.test_1_selenium_view_issue,Total:334 Passed:334 Failed:0
1612463599836,387,selenium_project_summary,Success,True
.test_1_selenium_view_project_summary,Total:335 Passed:335 Failed:0
1612463600154,316,selenium_log_out,Success,True
.test_2_selenium_z_log_out,Total:336 Passed:336 Failed:0


=============================== warnings summary ===============================
../../usr/local/lib/python3.8/dist-packages/_pytest/config/__init__.py:1114
  /usr/local/lib/python3.8/dist-packages/_pytest/config/__init__.py:1114: PytestAssertRewriteWarning: Module already imported so cannot be rewritten: apiritif
    self._mark_plugins_for_rewrite(hook)

-- Docs: https://docs.pytest.org/en/stable/warnings.html
======================== 14 passed, 1 warning in 11.63s ========================
============================= test session starts ==============================
platform linux -- Python 3.8.0, pytest-6.2.2, py-1.10.0, pluggy-0.13.1
rootdir: /dc-app-performance-toolkit/app
plugins: apiritif-0.9.6
collected 14 items

selenium_ui/jira_ui.py get driver from global
1612463600348,117,selenium_login:open_login_page,Success,True
1612463601650,1301,selenium_login:login_and_view_dashboard,Success,True
1612463601650,1419,selenium_login,Success,True
.test_0_selenium_a_login,Total:337 Passed:337 Failed:0
1612463601910,239,selenium_browse_projects_list,Success,True
.test_1_selenium_browse_projects_list,Total:338 Passed:338 Failed:0
1612463602168,257,selenium_browse_boards_list,Success,True
.test_1_selenium_browse_boards_list,Total:339 Passed:339 Failed:0
1612463602882,704,selenium_create_issue:open_quick_create,Success,True
1612463604046,607,selenium_create_issue:fill_and_submit_issue_form:submit_issue_form,Success,True
1612463604046,1163,selenium_create_issue:fill_and_submit_issue_form,Success,True
1612463604046,1869,selenium_create_issue,Success,True
.test_1_selenium_create_issue,Total:340 Passed:340 Failed:0
1612463604613,557,selenium_edit_issue:open_edit_issue_form,Success,True
1612463605579,509,selenium_edit_issue:save_edit_issue_form,Success,True
1612463605579,1523,selenium_edit_issue,Success,True
.test_1_selenium_edit_issue,Total:341 Passed:341 Failed:0
1612463606008,428,selenium_save_comment:open_comment_form,Success,True
1612463606912,781,selenium_save_comment:submit_form,Success,True
1612463606912,1332,selenium_save_comment,Success,True
.test_1_selenium_save_comment,Total:342 Passed:342 Failed:0
1612463607952,1038,selenium_search_jql,Success,True
.test_1_selenium_search_jql,Total:343 Passed:343 Failed:0
1612463608734,780,selenium_view_scrum_board_backlog,Success,True
.test_1_selenium_view_backlog_for_scrum_board,Total:344 Passed:344 Failed:0
1612463609518,782,selenium_view_scrum_board,Success,True
.test_1_selenium_view_scrum_board,Total:345 Passed:345 Failed:0
1612463610113,594,selenium_view_kanban_board,Success,True
.test_1_selenium_view_kanban_board,Total:346 Passed:346 Failed:0
1612463610457,341,selenium_view_dashboard,Success,True
.test_1_selenium_view_dashboard,Total:347 Passed:347 Failed:0
1612463611144,685,selenium_view_issue,Success,True
.test_1_selenium_view_issue,Total:348 Passed:348 Failed:0
1612463611560,414,selenium_project_summary,Success,True
.test_1_selenium_view_project_summary,Total:349 Passed:349 Failed:0
1612463611878,317,selenium_log_out,Success,True
.test_2_selenium_z_log_out,Total:350 Passed:350 Failed:0


=============================== warnings summary ===============================
../../usr/local/lib/python3.8/dist-packages/_pytest/config/__init__.py:1114
  /usr/local/lib/python3.8/dist-packages/_pytest/config/__init__.py:1114: PytestAssertRewriteWarning: Module already imported so cannot be rewritten: apiritif
    self._mark_plugins_for_rewrite(hook)

-- Docs: https://docs.pytest.org/en/stable/warnings.html
======================== 14 passed, 1 warning in 11.68s ========================
============================= test session starts ==============================
platform linux -- Python 3.8.0, pytest-6.2.2, py-1.10.0, pluggy-0.13.1
rootdir: /dc-app-performance-toolkit/app
plugins: apiritif-0.9.6
collected 14 items

selenium_ui/jira_ui.py get driver from global
1612463612030,102,selenium_login:open_login_page,Success,True
1612463613291,1260,selenium_login:login_and_view_dashboard,Success,True
1612463613291,1362,selenium_login,Success,True
.test_0_selenium_a_login,Total:351 Passed:351 Failed:0
1612463613549,237,selenium_browse_projects_list,Success,True
.test_1_selenium_browse_projects_list,Total:352 Passed:352 Failed:0
1612463613821,271,selenium_browse_boards_list,Success,True
.test_1_selenium_browse_boards_list,Total:353 Passed:353 Failed:0
1612463614570,739,selenium_create_issue:open_quick_create,Success,True
1612463615726,607,selenium_create_issue:fill_and_submit_issue_form:submit_issue_form,Success,True
1612463615726,1155,selenium_create_issue:fill_and_submit_issue_form,Success,True
1612463615726,1895,selenium_create_issue,Success,True
.test_1_selenium_create_issue,Total:354 Passed:354 Failed:0
1612463616221,487,selenium_edit_issue:open_edit_issue_form,Success,True
1612463617226,561,selenium_edit_issue:save_edit_issue_form,Success,True
1612463617226,1492,selenium_edit_issue,Success,True
.test_1_selenium_edit_issue,Total:355 Passed:355 Failed:0
1612463617595,367,selenium_save_comment:open_comment_form,Success,True
1612463618614,858,selenium_save_comment:submit_form,Success,True
1612463618615,1387,selenium_save_comment,Success,True
.test_1_selenium_save_comment,Total:356 Passed:356 Failed:0
1612463619635,1018,selenium_search_jql,Success,True
.test_1_selenium_search_jql,Total:357 Passed:357 Failed:0
1612463620966,1330,selenium_view_scrum_board_backlog,Success,True
.test_1_selenium_view_backlog_for_scrum_board,Total:358 Passed:358 Failed:0
1612463621798,830,selenium_view_scrum_board,Success,True
.test_1_selenium_view_scrum_board,Total:359 Passed:359 Failed:0
1612463622387,588,selenium_view_kanban_board,Success,True
.test_1_selenium_view_kanban_board,Total:360 Passed:360 Failed:0
1612463622933,544,selenium_view_dashboard,Success,True
.test_1_selenium_view_dashboard,Total:361 Passed:361 Failed:0
1612463624493,1559,selenium_view_issue,Success,True
.test_1_selenium_view_issue,Total:362 Passed:362 Failed:0
1612463624951,455,selenium_project_summary,Success,True
.test_1_selenium_view_project_summary,Total:363 Passed:363 Failed:0
[...]
.test_1_selenium_view_backlog_for_scrum_board,Total:3116 Passed:3112 Failed:4
1612465932163,779,selenium_view_scrum_board,Success,True
.test_1_selenium_view_scrum_board,Total:3117 Passed:3113 Failed:4
1612465932768,603,selenium_view_kanban_board,Success,True
.test_1_selenium_view_kanban_board,Total:3118 Passed:3114 Failed:4
1612465933112,342,selenium_view_dashboard,Success,True
.test_1_selenium_view_dashboard,Total:3119 Passed:3115 Failed:4
1612465933683,569,selenium_view_issue,Success,True
.test_1_selenium_view_issue,Total:3120 Passed:3116 Failed:4
1612465934123,438,selenium_project_summary,Success,True
.test_1_selenium_view_project_summary,Total:3121 Passed:3117 Failed:4
1612465934427,302,selenium_log_out,Success,True
.test_2_selenium_z_log_out,Total:3122 Passed:3118 Failed:4


=============================== warnings summary ===============================
../../usr/local/lib/python3.8/dist-packages/_pytest/config/__init__.py:1114
  /usr/local/lib/python3.8/dist-packages/_pytest/config/__init__.py:1114: PytestAssertRewriteWarning: Module already imported so cannot be rewritten: apiritif
    self._mark_plugins_for_rewrite(hook)

-- Docs: https://docs.pytest.org/en/stable/warnings.html
======================== 14 passed, 1 warning in 11.87s ========================
============================= test session starts ==============================
platform linux -- Python 3.8.0, pytest-6.2.2, py-1.10.0, pluggy-0.13.1
rootdir: /dc-app-performance-toolkit/app
plugins: apiritif-0.9.6
collected 14 items

selenium_ui/jira_ui.py get driver from global
1612465934579,101,selenium_login:open_login_page,Success,True
1612465935074,494,selenium_login:login_and_view_dashboard,Success,True
1612465935074,597,selenium_login,Success,True
.test_0_selenium_a_login,Total:3123 Passed:3119 Failed:4
1612465935330,245,selenium_browse_projects_list,Success,True
.test_1_selenium_browse_projects_list,Total:3124 Passed:3120 Failed:4
1612465935599,267,selenium_browse_boards_list,Success,True
.test_1_selenium_browse_boards_list,Total:3125 Passed:3121 Failed:4
1612465936342,735,selenium_create_issue:open_quick_create,Success,True
1612465937553,604,selenium_create_issue:fill_and_submit_issue_form:submit_issue_form,Success,True
1612465937553,1211,selenium_create_issue:fill_and_submit_issue_form,Success,True
1612465937554,1946,selenium_create_issue,Success,True
.test_1_selenium_create_issue,Total:3126 Passed:3122 Failed:4
1612465938154,591,selenium_edit_issue:open_edit_issue_form,Success,True
1612465939138,632,selenium_edit_issue:save_edit_issue_form,Success,True
1612465939138,1575,selenium_edit_issue,Success,True
.test_1_selenium_edit_issue,Total:3127 Passed:3123 Failed:4
1612465939488,348,selenium_save_comment:open_comment_form,Success,True
1612465940476,832,selenium_save_comment:submit_form,Success,True
1612465940476,1337,selenium_save_comment,Success,True
.test_1_selenium_save_comment,Total:3128 Passed:3124 Failed:4
1612465941511,1033,selenium_search_jql,Success,True
.test_1_selenium_search_jql,Total:3129 Passed:3125 Failed:4
1612465942312,799,selenium_view_scrum_board_backlog,Success,True
.test_1_selenium_view_backlog_for_scrum_board,Total:3130 Passed:3126 Failed:4
1612465943098,785,selenium_view_scrum_board,Success,True
.test_1_selenium_view_scrum_board,Total:3131 Passed:3127 Failed:4
1612465943626,526,selenium_view_kanban_board,Success,True
.test_1_selenium_view_kanban_board,Total:3132 Passed:3128 Failed:4
1612465943954,325,selenium_view_dashboard,Success,True
.test_1_selenium_view_dashboard,Total:3133 Passed:3129 Failed:4
1612465944543,588,selenium_view_issue,Success,True
.test_1_selenium_view_issue,Total:3134 Passed:3130 Failed:4
1612465944991,446,selenium_project_summary,Success,True
.test_1_selenium_view_project_summary,Total:3135 Passed:3131 Failed:4
1612465945294,301,selenium_log_out,Success,True
.test_2_selenium_z_log_out,Total:3136 Passed:3132 Failed:4


=============================== warnings summary ===============================
../../usr/local/lib/python3.8/dist-packages/_pytest/config/__init__.py:1114
  /usr/local/lib/python3.8/dist-packages/_pytest/config/__init__.py:1114: PytestAssertRewriteWarning: Module already imported so cannot be rewritten: apiritif
    self._mark_plugins_for_rewrite(hook)

-- Docs: https://docs.pytest.org/en/stable/warnings.html
======================== 14 passed, 1 warning in 10.83s ========================
============================= test session starts ==============================
platform linux -- Python 3.8.0, pytest-6.2.2, py-1.10.0, pluggy-0.13.1
rootdir: /dc-app-performance-toolkit/app
plugins: apiritif-0.9.6
collected 14 items

selenium_ui/jira_ui.py get driver from global
1612465945447,103,selenium_login:open_login_page,Success,True
1612465945896,449,selenium_login:login_and_view_dashboard,Success,True
1612465945896,552,selenium_login,Success,True
.test_0_selenium_a_login,Total:3137 Passed:3133 Failed:4
1612465946237,324,selenium_browse_projects_list,Success,True
.test_1_selenium_browse_projects_list,Total:3138 Passed:3134 Failed:4
1612465946501,262,selenium_browse_boards_list,Success,True
.test_1_selenium_browse_boards_list,Total:3139 Passed:3135 Failed:4
1612465947152,642,selenium_create_issue:open_quick_create,Success,True
1612465948331,607,selenium_create_issue:fill_and_submit_issue_form:submit_issue_form,Success,True
1612465948331,1179,selenium_create_issue:fill_and_submit_issue_form,Success,True
1612465948331,1822,selenium_create_issue,Success,True
.test_1_selenium_create_issue,Total:3140 Passed:3136 Failed:4
1612465948851,511,selenium_edit_issue:open_edit_issue_form,Success,True
1612465949796,511,selenium_edit_issue:save_edit_issue_form,Success,True
1612465949796,1456,selenium_edit_issue,Success,True
.test_1_selenium_edit_issue,Total:3141 Passed:3137 Failed:4
1612465950162,363,selenium_save_comment:open_comment_form,Success,True
1612465951066,754,selenium_save_comment:submit_form,Success,True
1612465951066,1267,selenium_save_comment,Success,True
.test_1_selenium_save_comment,Total:3142 Passed:3138 Failed:4
1612465952147,1079,selenium_search_jql,Success,True
.test_1_selenium_search_jql,Total:3143 Passed:3139 Failed:4
1612465952921,773,selenium_view_scrum_board_backlog,Success,True
.test_1_selenium_view_backlog_for_scrum_board,Total:3144 Passed:3140 Failed:4
1612465953707,784,selenium_view_scrum_board,Success,True
.test_1_selenium_view_scrum_board,Total:3145 Passed:3141 Failed:4
1612465954487,778,selenium_view_kanban_board,Success,True
.test_1_selenium_view_kanban_board,Total:3146 Passed:3142 Failed:4
1612465955011,522,selenium_view_dashboard,Success,True
.test_1_selenium_view_dashboard,Total:3147 Passed:3143 Failed:4
1612465955701,688,selenium_view_issue,Success,True
.test_1_selenium_view_issue,Total:3148 Passed:3144 Failed:4
1612465956084,381,selenium_project_summary,Success,True
.test_1_selenium_view_project_summary,Total:3149 Passed:3145 Failed:4
1612465956394,309,selenium_log_out,Success,True
.test_2_selenium_z_log_out,Total:3150 Passed:3146 Failed:4


=============================== warnings summary ===============================
../../usr/local/lib/python3.8/dist-packages/_pytest/config/__init__.py:1114
  /usr/local/lib/python3.8/dist-packages/_pytest/config/__init__.py:1114: PytestAssertRewriteWarning: Module already imported so cannot be rewritten: apiritif
    self._mark_plugins_for_rewrite(hook)

-- Docs: https://docs.pytest.org/en/stable/warnings.html
======================== 14 passed, 1 warning in 11.06s ========================
============================= test session starts ==============================
platform linux -- Python 3.8.0, pytest-6.2.2, py-1.10.0, pluggy-0.13.1
rootdir: /dc-app-performance-toolkit/app
plugins: apiritif-0.9.6
collected 14 items

selenium_ui/jira_ui.py get driver from global
1612465956547,104,selenium_login:open_login_page,Success,True
1612465957031,483,selenium_login:login_and_view_dashboard,Success,True
1612465957031,588,selenium_login,Success,True
.test_0_selenium_a_login,Total:3151 Passed:3147 Failed:4
1612465957299,257,selenium_browse_projects_list,Success,True
.test_1_selenium_browse_projects_list,Total:3152 Passed:3148 Failed:4
1612465957563,262,selenium_browse_boards_list,Success,True
.test_1_selenium_browse_boards_list,Total:3153 Passed:3149 Failed:4
1612465958327,756,selenium_create_issue:open_quick_create,Success,True
1612465959478,611,selenium_create_issue:fill_and_submit_issue_form:submit_issue_form,Success,True
1612465959479,1151,selenium_create_issue:fill_and_submit_issue_form,Success,True
1612465959479,1907,selenium_create_issue,Success,True
.test_1_selenium_create_issue,Total:3154 Passed:3150 Failed:4
1612465960005,516,selenium_edit_issue:open_edit_issue_form,Success,True
1612465961076,623,selenium_edit_issue:save_edit_issue_form,Success,True
1612465961076,1587,selenium_edit_issue,Success,True
.test_1_selenium_edit_issue,Total:3155 Passed:3151 Failed:4
1612465961425,348,selenium_save_comment:open_comment_form,Success,True
1612465962435,837,selenium_save_comment:submit_form,Success,True
1612465962435,1357,selenium_save_comment,Success,True
.test_1_selenium_save_comment,Total:3156 Passed:3152 Failed:4
1612465963464,1028,selenium_search_jql,Success,True
.test_1_selenium_search_jql,Total:3157 Passed:3153 Failed:4
1612465964774,1308,selenium_view_scrum_board_backlog,Success,True
.test_1_selenium_view_backlog_for_scrum_board,Total:3158 Passed:3154 Failed:4
1612465965561,786,selenium_view_scrum_board,Success,True
.test_1_selenium_view_scrum_board,Total:3159 Passed:3155 Failed:4
1612465966175,612,selenium_view_kanban_board,Success,True
.test_1_selenium_view_kanban_board,Total:3160 Passed:3156 Failed:4
1612465966667,489,selenium_view_dashboard,Success,True
.test_1_selenium_view_dashboard,Total:3161 Passed:3157 Failed:4
1612465967325,657,selenium_view_issue,Success,True
.test_1_selenium_view_issue,Total:3162 Passed:3158 Failed:4
1612465967690,363,selenium_project_summary,Success,True
.test_1_selenium_view_project_summary,Total:3163 Passed:3159 Failed:4
1612465968010,318,selenium_log_out,Success,True
.test_2_selenium_z_log_out,Total:3164 Passed:3160 Failed:4


=============================== warnings summary ===============================
../../usr/local/lib/python3.8/dist-packages/_pytest/config/__init__.py:1114
  /usr/local/lib/python3.8/dist-packages/_pytest/config/__init__.py:1114: PytestAssertRewriteWarning: Module already imported so cannot be rewritten: apiritif
    self._mark_plugins_for_rewrite(hook)

-- Docs: https://docs.pytest.org/en/stable/warnings.html
======================== 14 passed, 1 warning in 11.58s ========================
============================= test session starts ==============================
platform linux -- Python 3.8.0, pytest-6.2.2, py-1.10.0, pluggy-0.13.1
rootdir: /dc-app-performance-toolkit/app
plugins: apiritif-0.9.6
collected 14 items

selenium_ui/jira_ui.py get driver from global
1612465968165,102,selenium_login:open_login_page,Success,True
1612465969352,1186,selenium_login:login_and_view_dashboard,Success,True
1612465969352,1289,selenium_login,Success,True
.test_0_selenium_a_login,Total:3165 Passed:3161 Failed:4
1612465969591,218,selenium_browse_projects_list,Success,True
.test_1_selenium_browse_projects_list,Total:3166 Passed:3162 Failed:4
1612465970311,719,selenium_browse_boards_list,Success,True
.test_1_selenium_browse_boards_list,Total:3167 Passed:3163 Failed:4
1612465971027,706,selenium_create_issue:open_quick_create,Success,True
1612465972248,626,selenium_create_issue:fill_and_submit_issue_form:submit_issue_form,Success,True
1612465972249,1221,selenium_create_issue:fill_and_submit_issue_form,Success,True
1612465972249,1928,selenium_create_issue,Success,True
.test_1_selenium_create_issue,Total:3168 Passed:3164 Failed:4
1612465972844,586,selenium_edit_issue:open_edit_issue_form,Success,True
1612465973697,508,selenium_edit_issue:save_edit_issue_form,Success,True
1612465973697,1440,selenium_edit_issue,Success,True
.test_1_selenium_edit_issue,Total:3169 Passed:3165 Failed:4
1612465974049,350,selenium_save_comment:open_comment_form,Success,True
1612465974973,726,selenium_save_comment:submit_form,Success,True
1612465974973,1274,selenium_save_comment,Success,True
.test_1_selenium_save_comment,Total:3170 Passed:3166 Failed:4
1612465976096,1121,selenium_search_jql,Success,True
.test_1_selenium_search_jql,Total:3171 Passed:3167 Failed:4
1612465976891,793,selenium_view_scrum_board_backlog,Success,True
.test_1_selenium_view_backlog_for_scrum_board,Total:3172 Passed:3168 Failed:4
1612465977679,787,selenium_view_scrum_board,Success,True
.test_1_selenium_view_scrum_board,Total:3173 Passed:3169 Failed:4
1612465978327,646,selenium_view_kanban_board,Success,True
.test_1_selenium_view_kanban_board,Total:3174 Passed:3170 Failed:4
1612465978687,358,selenium_view_dashboard,Success,True
.test_1_selenium_view_dashboard,Total:3175 Passed:3171 Failed:4
1612465979298,609,selenium_view_issue,Success,True
.test_1_selenium_view_issue,Total:3176 Passed:3172 Failed:4
1612465979699,399,selenium_project_summary,Success,True
.test_1_selenium_view_project_summary,Total:3177 Passed:3173 Failed:4
1612465980002,301,selenium_log_out,Success,True
.test_2_selenium_z_log_out,Total:3178 Passed:3174 Failed:4


=============================== warnings summary ===============================
../../usr/local/lib/python3.8/dist-packages/_pytest/config/__init__.py:1114
  /usr/local/lib/python3.8/dist-packages/_pytest/config/__init__.py:1114: PytestAssertRewriteWarning: Module already imported so cannot be rewritten: apiritif
    self._mark_plugins_for_rewrite(hook)

-- Docs: https://docs.pytest.org/en/stable/warnings.html
======================== 14 passed, 1 warning in 11.95s ========================
============================= test session starts ==============================
platform linux -- Python 3.8.0, pytest-6.2.2, py-1.10.0, pluggy-0.13.1
rootdir: /dc-app-performance-toolkit/app
plugins: apiritif-0.9.6
collected 14 items

selenium_ui/jira_ui.py get driver from global
1612465980170,118,selenium_login:open_login_page,Success,True
1612465980655,484,selenium_login:login_and_view_dashboard,Success,True
1612465980655,602,selenium_login,Success,True
.test_0_selenium_a_login,Total:3179 Passed:3175 Failed:4
1612465980919,254,selenium_browse_projects_list,Success,True
.test_1_selenium_browse_projects_list,Total:3180 Passed:3176 Failed:4
1612465981187,266,selenium_browse_boards_list,Success,True
.test_1_selenium_browse_boards_list,Total:3181 Passed:3177 Failed:4
1612465981880,680,selenium_create_issue:open_quick_create,Success,True
1612465983072,608,selenium_create_issue:fill_and_submit_issue_form:submit_issue_form,Success,True
1612465983072,1192,selenium_create_issue:fill_and_submit_issue_form,Success,True
1612465983072,1873,selenium_create_issue,Success,True
.test_1_selenium_create_issue,Total:3182 Passed:3178 Failed:4
1612465983594,513,selenium_edit_issue:open_edit_issue_form,Success,True
1612465984623,535,selenium_edit_issue:save_edit_issue_form,Success,True
1612465984623,1541,selenium_edit_issue,Success,True
.test_1_selenium_edit_issue,Total:3183 Passed:3179 Failed:4
1612465985023,398,selenium_save_comment:open_comment_form,Success,True
1612465985881,722,selenium_save_comment:submit_form,Success,True
1612465985881,1257,selenium_save_comment,Success,True
.test_1_selenium_save_comment,Total:3184 Passed:3180 Failed:4
1612465986915,1032,selenium_search_jql,Success,True
.test_1_selenium_search_jql,Total:3185 Passed:3181 Failed:4
1612465987697,780,selenium_view_scrum_board_backlog,Success,True
.test_1_selenium_view_backlog_for_scrum_board,Total:3186 Passed:3182 Failed:4
1612465988479,781,selenium_view_scrum_board,Success,True
.test_1_selenium_view_scrum_board,Total:3187 Passed:3183 Failed:4
1612465989188,707,selenium_view_kanban_board,Success,True
.test_1_selenium_view_kanban_board,Total:3188 Passed:3184 Failed:4
1612465989425,235,selenium_view_dashboard,Success,True
.test_1_selenium_view_dashboard,Total:3189 Passed:3185 Failed:4
1612465990019,591,selenium_view_issue,Success,True
.test_1_selenium_view_issue,Total:3190 Passed:3186 Failed:4
1612465990449,429,selenium_project_summary,Success,True
.test_1_selenium_view_project_summary,Total:3191 Passed:3187 Failed:4
1612465990752,301,selenium_log_out,Success,True
.test_2_selenium_z_log_out,Total:3192 Passed:3188 Failed:4


=============================== warnings summary ===============================
../../usr/local/lib/python3.8/dist-packages/_pytest/config/__init__.py:1114
  /usr/local/lib/python3.8/dist-packages/_pytest/config/__init__.py:1114: PytestAssertRewriteWarning: Module already imported so cannot be rewritten: apiritif
    self._mark_plugins_for_rewrite(hook)

-- Docs: https://docs.pytest.org/en/stable/warnings.html
======================== 14 passed, 1 warning in 10.71s ========================
============================= test session starts ==============================
platform linux -- Python 3.8.0, pytest-6.2.2, py-1.10.0, pluggy-0.13.1
rootdir: /dc-app-performance-toolkit/app
plugins: apiritif-0.9.6
collected 14 items

selenium_ui/jira_ui.py get driver from global
1612465990905,104,selenium_login:open_login_page,Success,True
1612465992117,1211,selenium_login:login_and_view_dashboard,Success,True
1612465992117,1316,selenium_login,Success,True
.test_0_selenium_a_login,Total:3193 Passed:3189 Failed:4
1612465992362,223,selenium_browse_projects_list,Success,True
.test_1_selenium_browse_projects_list,Total:3194 Passed:3190 Failed:4
1612465992635,271,selenium_browse_boards_list,Success,True
.test_1_selenium_browse_boards_list,Total:3195 Passed:3191 Failed:4
1612465993376,732,selenium_create_issue:open_quick_create,Success,True
1612465994565,610,selenium_create_issue:fill_and_submit_issue_form:submit_issue_form,Success,True
1612465994566,1189,selenium_create_issue:fill_and_submit_issue_form,Success,True
1612465994566,1921,selenium_create_issue,Success,True
.test_1_selenium_create_issue,Total:3196 Passed:3192 Failed:4
1612465995073,499,selenium_edit_issue:open_edit_issue_form,Success,True
1612465996062,548,selenium_edit_issue:save_edit_issue_form,Success,True
1612465996063,1488,selenium_edit_issue,Success,True
.test_1_selenium_edit_issue,Total:3197 Passed:3193 Failed:4
1612465996495,431,selenium_save_comment:open_comment_form,Success,True
1612465997349,753,selenium_save_comment:submit_form,Success,True
1612465997349,1285,selenium_save_comment,Success,True
.test_1_selenium_save_comment,Total:3198 Passed:3194 Failed:4
1612465998401,1050,selenium_search_jql,Success,True
.test_1_selenium_search_jql,Total:3199 Passed:3195 Failed:4
1612465999688,1285,selenium_view_scrum_board_backlog,Success,True
.test_1_selenium_view_backlog_for_scrum_board,Total:3200 Passed:3196 Failed:4
1612466000463,773,selenium_view_scrum_board,Success,True
.test_1_selenium_view_scrum_board,Total:3201 Passed:3197 Failed:4
1612466000924,459,selenium_view_kanban_board,Success,True
.test_1_selenium_view_kanban_board,Total:3202 Passed:3198 Failed:4
1612466001191,265,selenium_view_dashboard,Success,True
.test_1_selenium_view_dashboard,Total:3203 Passed:3199 Failed:4
1612466001780,586,selenium_view_issue,Success,True
.test_1_selenium_view_issue,Total:3204 Passed:3200 Failed:4
1612466002236,455,selenium_project_summary,Success,True
.test_1_selenium_view_project_summary,Total:3205 Passed:3201 Failed:4
1612466002524,286,selenium_log_out,Success,True
.test_2_selenium_z_log_out,Total:3206 Passed:3202 Failed:4


=============================== warnings summary ===============================
../../usr/local/lib/python3.8/dist-packages/_pytest/config/__init__.py:1114
  /usr/local/lib/python3.8/dist-packages/_pytest/config/__init__.py:1114: PytestAssertRewriteWarning: Module already imported so cannot be rewritten: apiritif
    self._mark_plugins_for_rewrite(hook)

-- Docs: https://docs.pytest.org/en/stable/warnings.html
======================== 14 passed, 1 warning in 11.73s ========================
