============================= test session starts ==============================
platform linux -- Python 3.8.0, pytest-6.2.2, py-1.10.0, pluggy-0.13.1
rootdir: /dc-app-performance-toolkit/app
plugins: apiritif-0.9.6
collected 14 items

selenium_ui/jira_ui.py first driver inits
1612548487946,2976,selenium_login:open_login_page,Success,True
1612548490998,3051,selenium_login:login_and_view_dashboard,Success,True
1612548490998,6029,selenium_login,Success,True
.test_0_selenium_a_login,Total:1 Passed:1 Failed:0
1612548491842,830,selenium_browse_projects_list,Success,True
.test_1_selenium_browse_projects_list,Total:2 Passed:2 Failed:0
1612548495104,3260,selenium_browse_boards_list,Success,True
.test_1_selenium_browse_boards_list,Total:3 Passed:3 Failed:0
1612548496347,1235,selenium_create_issue:open_quick_create,Success,True
1612548498603,1628,selenium_create_issue:fill_and_submit_issue_form:submit_issue_form,Success,True
1612548498603,2255,selenium_create_issue:fill_and_submit_issue_form,Success,True
1612548498603,3491,selenium_create_issue,Success,True
.test_1_selenium_create_issue,Total:4 Passed:4 Failed:0
1612548499757,1146,selenium_edit_issue:open_edit_issue_form,Success,True
1612548500877,603,selenium_edit_issue:save_edit_issue_form,Success,True
1612548500877,2265,selenium_edit_issue,Success,True
.test_1_selenium_edit_issue,Total:5 Passed:5 Failed:0
1612548501318,439,selenium_save_comment:open_comment_form,Success,True
1612548503012,1595,selenium_save_comment:submit_form,Success,True
1612548503012,2133,selenium_save_comment,Success,True
.test_1_selenium_save_comment,Total:6 Passed:6 Failed:0
1612548505954,2940,selenium_search_jql,Success,True
.test_1_selenium_search_jql,Total:7 Passed:7 Failed:0
1612548508635,2679,selenium_view_scrum_board_backlog,Success,True
.test_1_selenium_view_backlog_for_scrum_board,Total:8 Passed:8 Failed:0
1612548511216,2580,selenium_view_scrum_board,Success,True
.test_1_selenium_view_scrum_board,Total:9 Passed:9 Failed:0
1612548512035,818,selenium_view_kanban_board,Success,True
.test_1_selenium_view_kanban_board,Total:10 Passed:10 Failed:0
1612548512540,503,selenium_view_dashboard,Success,True
.test_1_selenium_view_dashboard,Total:11 Passed:11 Failed:0
1612548513140,598,selenium_view_issue,Success,True
.test_1_selenium_view_issue,Total:12 Passed:12 Failed:0
1612548515030,1888,selenium_project_summary,Success,True
.test_1_selenium_view_project_summary,Total:13 Passed:13 Failed:0
1612548515432,400,selenium_log_out,Success,True
.test_2_selenium_z_log_out,Total:14 Passed:14 Failed:0


=============================== warnings summary ===============================
../../usr/local/lib/python3.8/dist-packages/_pytest/config/__init__.py:1114
  /usr/local/lib/python3.8/dist-packages/_pytest/config/__init__.py:1114: PytestAssertRewriteWarning: Module already imported so cannot be rewritten: apiritif
    self._mark_plugins_for_rewrite(hook)

../../usr/local/lib/python3.8/dist-packages/urllib3/connectionpool.py:1013
  /usr/local/lib/python3.8/dist-packages/urllib3/connectionpool.py:1013: InsecureRequestWarning: Unverified HTTPS request is being made to host 'smarthandler-datacenter-certification-test.test.forty8fiftylabs.ninja'. Adding certificate verification is strongly advised. See: https://urllib3.readthedocs.io/en/latest/advanced-usage.html#ssl-warnings
    warnings.warn(

-- Docs: https://docs.pytest.org/en/stable/warnings.html
======================= 14 passed, 2 warnings in 32.73s ========================
============================= test session starts ==============================
platform linux -- Python 3.8.0, pytest-6.2.2, py-1.10.0, pluggy-0.13.1
rootdir: /dc-app-performance-toolkit/app
plugins: apiritif-0.9.6
collected 14 items

selenium_ui/jira_ui.py get driver from global
1612548515592,108,selenium_login:open_login_page,Success,True
1612548516106,514,selenium_login:login_and_view_dashboard,Success,True
1612548516106,622,selenium_login,Success,True
.test_0_selenium_a_login,Total:15 Passed:15 Failed:0
1612548516384,266,selenium_browse_projects_list,Success,True
.test_1_selenium_browse_projects_list,Total:16 Passed:16 Failed:0
1612548516719,333,selenium_browse_boards_list,Success,True
.test_1_selenium_browse_boards_list,Total:17 Passed:17 Failed:0
1612548517455,726,selenium_create_issue:open_quick_create,Success,True
1612548518545,603,selenium_create_issue:fill_and_submit_issue_form:submit_issue_form,Success,True
1612548518545,1090,selenium_create_issue:fill_and_submit_issue_form,Success,True
1612548518545,1817,selenium_create_issue,Success,True
.test_1_selenium_create_issue,Total:18 Passed:18 Failed:0
1612548519021,467,selenium_edit_issue:open_edit_issue_form,Success,True
1612548520059,543,selenium_edit_issue:save_edit_issue_form,Success,True
1612548520059,1505,selenium_edit_issue,Success,True
.test_1_selenium_edit_issue,Total:19 Passed:19 Failed:0
1612548520376,315,selenium_save_comment:open_comment_form,Success,True
1612548521788,757,selenium_save_comment:submit_form,Success,True
1612548521788,1727,selenium_save_comment,Success,True
.test_1_selenium_save_comment,Total:20 Passed:20 Failed:0
1612548523064,1274,selenium_search_jql,Success,True
.test_1_selenium_search_jql,Total:21 Passed:21 Failed:0
1612548524443,1377,selenium_view_scrum_board_backlog,Success,True
.test_1_selenium_view_backlog_for_scrum_board,Total:22 Passed:22 Failed:0
1612548525244,800,selenium_view_scrum_board,Success,True
.test_1_selenium_view_scrum_board,Total:23 Passed:23 Failed:0
1612548525989,743,selenium_view_kanban_board,Success,True
.test_1_selenium_view_kanban_board,Total:24 Passed:24 Failed:0
1612548526440,449,selenium_view_dashboard,Success,True
.test_1_selenium_view_dashboard,Total:25 Passed:25 Failed:0
1612548527039,598,selenium_view_issue,Success,True
.test_1_selenium_view_issue,Total:26 Passed:26 Failed:0
1612548527440,399,selenium_project_summary,Success,True
.test_1_selenium_view_project_summary,Total:27 Passed:27 Failed:0
1612548527802,360,selenium_log_out,Success,True
.test_2_selenium_z_log_out,Total:28 Passed:28 Failed:0


=============================== warnings summary ===============================
../../usr/local/lib/python3.8/dist-packages/_pytest/config/__init__.py:1114
  /usr/local/lib/python3.8/dist-packages/_pytest/config/__init__.py:1114: PytestAssertRewriteWarning: Module already imported so cannot be rewritten: apiritif
    self._mark_plugins_for_rewrite(hook)

-- Docs: https://docs.pytest.org/en/stable/warnings.html
======================== 14 passed, 1 warning in 12.33s ========================
============================= test session starts ==============================
platform linux -- Python 3.8.0, pytest-6.2.2, py-1.10.0, pluggy-0.13.1
rootdir: /dc-app-performance-toolkit/app
plugins: apiritif-0.9.6
collected 14 items

selenium_ui/jira_ui.py get driver from global
1612548527975,118,selenium_login:open_login_page,Success,True
1612548528430,453,selenium_login:login_and_view_dashboard,Success,True
1612548528430,572,selenium_login,Success,True
.test_0_selenium_a_login,Total:29 Passed:29 Failed:0
1612548528805,340,selenium_browse_projects_list,Success,True
.test_1_selenium_browse_projects_list,Total:30 Passed:30 Failed:0
1612548529072,265,selenium_browse_boards_list,Success,True
.test_1_selenium_browse_boards_list,Total:31 Passed:31 Failed:0
1612548529728,646,selenium_create_issue:open_quick_create,Success,True
1612548530837,605,selenium_create_issue:fill_and_submit_issue_form:submit_issue_form,Success,True
1612548530837,1109,selenium_create_issue:fill_and_submit_issue_form,Success,True
1612548530838,1755,selenium_create_issue,Success,True
.test_1_selenium_create_issue,Total:32 Passed:32 Failed:0
1612548531346,499,selenium_edit_issue:open_edit_issue_form,Success,True
1612548532308,526,selenium_edit_issue:save_edit_issue_form,Success,True
1612548532309,1461,selenium_edit_issue,Success,True
.test_1_selenium_edit_issue,Total:33 Passed:33 Failed:0
1612548532673,362,selenium_save_comment:open_comment_form,Success,True
1612548533508,683,selenium_save_comment:submit_form,Success,True
1612548533508,1198,selenium_save_comment,Success,True
.test_1_selenium_save_comment,Total:34 Passed:34 Failed:0
1612548534772,1262,selenium_search_jql,Success,True
.test_1_selenium_search_jql,Total:35 Passed:35 Failed:0
1612548535570,796,selenium_view_scrum_board_backlog,Success,True
.test_1_selenium_view_backlog_for_scrum_board,Total:36 Passed:36 Failed:0
1612548536352,780,selenium_view_scrum_board,Success,True
.test_1_selenium_view_scrum_board,Total:37 Passed:37 Failed:0
1612548537138,785,selenium_view_kanban_board,Success,True
.test_1_selenium_view_kanban_board,Total:38 Passed:38 Failed:0
1612548537446,306,selenium_view_dashboard,Success,True
.test_1_selenium_view_dashboard,Total:39 Passed:39 Failed:0
1612548538108,659,selenium_view_issue,Success,True
.test_1_selenium_view_issue,Total:40 Passed:40 Failed:0
1612548538540,430,selenium_project_summary,Success,True
.test_1_selenium_view_project_summary,Total:41 Passed:41 Failed:0
1612548538891,349,selenium_log_out,Success,True
.test_2_selenium_z_log_out,Total:42 Passed:42 Failed:0


=============================== warnings summary ===============================
../../usr/local/lib/python3.8/dist-packages/_pytest/config/__init__.py:1114
  /usr/local/lib/python3.8/dist-packages/_pytest/config/__init__.py:1114: PytestAssertRewriteWarning: Module already imported so cannot be rewritten: apiritif
    self._mark_plugins_for_rewrite(hook)

-- Docs: https://docs.pytest.org/en/stable/warnings.html
======================== 14 passed, 1 warning in 11.05s ========================
============================= test session starts ==============================
platform linux -- Python 3.8.0, pytest-6.2.2, py-1.10.0, pluggy-0.13.1
rootdir: /dc-app-performance-toolkit/app
plugins: apiritif-0.9.6
collected 14 items

selenium_ui/jira_ui.py get driver from global
1612548539051,110,selenium_login:open_login_page,Success,True
1612548539531,480,selenium_login:login_and_view_dashboard,Success,True
1612548539531,591,selenium_login,Success,True
.test_0_selenium_a_login,Total:43 Passed:43 Failed:0
1612548539809,267,selenium_browse_projects_list,Success,True
.test_1_selenium_browse_projects_list,Total:44 Passed:44 Failed:0
1612548540562,752,selenium_browse_boards_list,Success,True
.test_1_selenium_browse_boards_list,Total:45 Passed:45 Failed:0
1612548541301,729,selenium_create_issue:open_quick_create,Success,True
1612548542482,607,selenium_create_issue:fill_and_submit_issue_form:submit_issue_form,Success,True
1612548542483,1181,selenium_create_issue:fill_and_submit_issue_form,Success,True
1612548542483,1912,selenium_create_issue,Success,True
.test_1_selenium_create_issue,Total:46 Passed:46 Failed:0
1612548543105,614,selenium_edit_issue:open_edit_issue_form,Success,True
1612548543975,539,selenium_edit_issue:save_edit_issue_form,Success,True
1612548543975,1483,selenium_edit_issue,Success,True
.test_1_selenium_edit_issue,Total:47 Passed:47 Failed:0
1612548544301,324,selenium_save_comment:open_comment_form,Success,True
1612548545184,696,selenium_save_comment:submit_form,Success,True
1612548545184,1207,selenium_save_comment,Success,True
.test_1_selenium_save_comment,Total:48 Passed:48 Failed:0
1612548546390,1204,selenium_search_jql,Success,True
.test_1_selenium_search_jql,Total:49 Passed:49 Failed:0
1612548547689,1297,selenium_view_scrum_board_backlog,Success,True
.test_1_selenium_view_backlog_for_scrum_board,Total:50 Passed:50 Failed:0
1612548548470,779,selenium_view_scrum_board,Success,True
.test_1_selenium_view_scrum_board,Total:51 Passed:51 Failed:0
1612548549424,952,selenium_view_kanban_board,Success,True
.test_1_selenium_view_kanban_board,Total:52 Passed:52 Failed:0
1612548549826,400,selenium_view_dashboard,Success,True
.test_1_selenium_view_dashboard,Total:53 Passed:53 Failed:0
1612548550425,597,selenium_view_issue,Success,True
.test_1_selenium_view_issue,Total:54 Passed:54 Failed:0
1612548550946,519,selenium_project_summary,Success,True
.test_1_selenium_view_project_summary,Total:55 Passed:55 Failed:0
1612548551298,351,selenium_log_out,Success,True
.test_2_selenium_z_log_out,Total:56 Passed:56 Failed:0


=============================== warnings summary ===============================
../../usr/local/lib/python3.8/dist-packages/_pytest/config/__init__.py:1114
  /usr/local/lib/python3.8/dist-packages/_pytest/config/__init__.py:1114: PytestAssertRewriteWarning: Module already imported so cannot be rewritten: apiritif
    self._mark_plugins_for_rewrite(hook)

-- Docs: https://docs.pytest.org/en/stable/warnings.html
======================== 14 passed, 1 warning in 12.37s ========================
============================= test session starts ==============================
platform linux -- Python 3.8.0, pytest-6.2.2, py-1.10.0, pluggy-0.13.1
rootdir: /dc-app-performance-toolkit/app
plugins: apiritif-0.9.6
collected 14 items

selenium_ui/jira_ui.py get driver from global
1612548551452,104,selenium_login:open_login_page,Success,True
1612548551975,521,selenium_login:login_and_view_dashboard,Success,True
1612548551975,626,selenium_login,Success,True
.test_0_selenium_a_login,Total:57 Passed:57 Failed:0
1612548552251,265,selenium_browse_projects_list,Success,True
.test_1_selenium_browse_projects_list,Total:58 Passed:58 Failed:0
1612548552521,268,selenium_browse_boards_list,Success,True
.test_1_selenium_browse_boards_list,Total:59 Passed:59 Failed:0
1612548553292,762,selenium_create_issue:open_quick_create,Success,True
1612548554424,614,selenium_create_issue:fill_and_submit_issue_form:submit_issue_form,Success,True
1612548554424,1132,selenium_create_issue:fill_and_submit_issue_form,Success,True
1612548554424,1894,selenium_create_issue,Success,True
.test_1_selenium_create_issue,Total:60 Passed:60 Failed:0
1612548554960,527,selenium_edit_issue:open_edit_issue_form,Success,True
1612548556080,552,selenium_edit_issue:save_edit_issue_form,Success,True
1612548556080,1647,selenium_edit_issue,Success,True
.test_1_selenium_edit_issue,Total:61 Passed:61 Failed:0
1612548556443,360,selenium_save_comment:open_comment_form,Success,True
1612548557351,752,selenium_save_comment:submit_form,Success,True
1612548557351,1269,selenium_save_comment,Success,True
.test_1_selenium_save_comment,Total:62 Passed:62 Failed:0
1612548558534,1181,selenium_search_jql,Success,True
.test_1_selenium_search_jql,Total:63 Passed:63 Failed:0
1612548559845,1309,selenium_view_scrum_board_backlog,Success,True
.test_1_selenium_view_backlog_for_scrum_board,Total:64 Passed:64 Failed:0
1612548560617,771,selenium_view_scrum_board,Success,True
.test_1_selenium_view_scrum_board,Total:65 Passed:65 Failed:0
1612548561076,457,selenium_view_kanban_board,Success,True
.test_1_selenium_view_kanban_board,Total:66 Passed:66 Failed:0
1612548561340,261,selenium_view_dashboard,Success,True
.test_1_selenium_view_dashboard,Total:67 Passed:67 Failed:0
1612548561950,609,selenium_view_issue,Success,True
.test_1_selenium_view_issue,Total:68 Passed:68 Failed:0
1612548562501,549,selenium_project_summary,Success,True
.test_1_selenium_view_project_summary,Total:69 Passed:69 Failed:0
1612548562868,365,selenium_log_out,Success,True
.test_2_selenium_z_log_out,Total:70 Passed:70 Failed:0


=============================== warnings summary ===============================
../../usr/local/lib/python3.8/dist-packages/_pytest/config/__init__.py:1114
  /usr/local/lib/python3.8/dist-packages/_pytest/config/__init__.py:1114: PytestAssertRewriteWarning: Module already imported so cannot be rewritten: apiritif
    self._mark_plugins_for_rewrite(hook)

-- Docs: https://docs.pytest.org/en/stable/warnings.html
======================== 14 passed, 1 warning in 11.53s ========================
============================= test session starts ==============================
platform linux -- Python 3.8.0, pytest-6.2.2, py-1.10.0, pluggy-0.13.1
rootdir: /dc-app-performance-toolkit/app
plugins: apiritif-0.9.6
collected 14 items

selenium_ui/jira_ui.py get driver from global
1612548563023,105,selenium_login:open_login_page,Success,True
1612548563490,466,selenium_login:login_and_view_dashboard,Success,True
1612548563490,571,selenium_login,Success,True
.test_0_selenium_a_login,Total:71 Passed:71 Failed:0
1612548563757,257,selenium_browse_projects_list,Success,True
.test_1_selenium_browse_projects_list,Total:72 Passed:72 Failed:0
1612548564025,265,selenium_browse_boards_list,Success,True
.test_1_selenium_browse_boards_list,Total:73 Passed:73 Failed:0
1612548564702,668,selenium_create_issue:open_quick_create,Success,True
1612548565861,605,selenium_create_issue:fill_and_submit_issue_form:submit_issue_form,Success,True
1612548565861,1158,selenium_create_issue:fill_and_submit_issue_form,Success,True
1612548565861,1827,selenium_create_issue,Success,True
.test_1_selenium_create_issue,Total:74 Passed:74 Failed:0
1612548566390,519,selenium_edit_issue:open_edit_issue_form,Success,True
1612548567399,544,selenium_edit_issue:save_edit_issue_form,Success,True
1612548567399,1528,selenium_edit_issue,Success,True
.test_1_selenium_edit_issue,Total:75 Passed:75 Failed:0
1612548567780,379,selenium_save_comment:open_comment_form,Success,True
1612548568739,802,selenium_save_comment:submit_form,Success,True
1612548568739,1338,selenium_save_comment,Success,True
.test_1_selenium_save_comment,Total:76 Passed:76 Failed:0
1612548569949,1208,selenium_search_jql,Success,True
.test_1_selenium_search_jql,Total:77 Passed:77 Failed:0
1612548571270,1320,selenium_view_scrum_board_backlog,Success,True
.test_1_selenium_view_backlog_for_scrum_board,Total:78 Passed:78 Failed:0
1612548572060,788,selenium_view_scrum_board,Success,True
.test_1_selenium_view_scrum_board,Total:79 Passed:79 Failed:0
1612548573125,1062,selenium_view_kanban_board,Success,True
.test_1_selenium_view_kanban_board,Total:80 Passed:80 Failed:0
1612548573533,406,selenium_view_dashboard,Success,True
.test_1_selenium_view_dashboard,Total:81 Passed:81 Failed:0
1612548574183,647,selenium_view_issue,Success,True
.test_1_selenium_view_issue,Total:82 Passed:82 Failed:0
1612548574578,393,selenium_project_summary,Success,True
.test_1_selenium_view_project_summary,Total:83 Passed:83 Failed:0
1612548574963,383,selenium_log_out,Success,True
.test_2_selenium_z_log_out,Total:84 Passed:84 Failed:0


=============================== warnings summary ===============================
../../usr/local/lib/python3.8/dist-packages/_pytest/config/__init__.py:1114
  /usr/local/lib/python3.8/dist-packages/_pytest/config/__init__.py:1114: PytestAssertRewriteWarning: Module already imported so cannot be rewritten: apiritif
    self._mark_plugins_for_rewrite(hook)

-- Docs: https://docs.pytest.org/en/stable/warnings.html
======================== 14 passed, 1 warning in 12.05s ========================
============================= test session starts ==============================
platform linux -- Python 3.8.0, pytest-6.2.2, py-1.10.0, pluggy-0.13.1
rootdir: /dc-app-performance-toolkit/app
plugins: apiritif-0.9.6
collected 14 items

selenium_ui/jira_ui.py get driver from global
1612548575120,106,selenium_login:open_login_page,Success,True
1612548575676,555,selenium_login:login_and_view_dashboard,Success,True
1612548575676,662,selenium_login,Success,True
.test_0_selenium_a_login,Total:85 Passed:85 Failed:0
1612548575964,277,selenium_browse_projects_list,Success,True
.test_1_selenium_browse_projects_list,Total:86 Passed:86 Failed:0
1612548576226,261,selenium_browse_boards_list,Success,True
.test_1_selenium_browse_boards_list,Total:87 Passed:87 Failed:0
1612548576970,735,selenium_create_issue:open_quick_create,Success,True
1612548578079,602,selenium_create_issue:fill_and_submit_issue_form:submit_issue_form,Success,True
1612548578079,1108,selenium_create_issue:fill_and_submit_issue_form,Success,True
1612548578079,1844,selenium_create_issue,Success,True
.test_1_selenium_create_issue,Total:88 Passed:88 Failed:0
1612548578555,467,selenium_edit_issue:open_edit_issue_form,Success,True
1612548579542,539,selenium_edit_issue:save_edit_issue_form,Success,True
1612548579542,1454,selenium_edit_issue,Success,True
.test_1_selenium_edit_issue,Total:89 Passed:89 Failed:0
1612548579913,369,selenium_save_comment:open_comment_form,Success,True
1612548580766,702,selenium_save_comment:submit_form,Success,True
1612548580766,1223,selenium_save_comment,Success,True
.test_1_selenium_save_comment,Total:90 Passed:90 Failed:0
1612548581973,1205,selenium_search_jql,Success,True
.test_1_selenium_search_jql,Total:91 Passed:91 Failed:0
1612548583329,1354,selenium_view_scrum_board_backlog,Success,True
.test_1_selenium_view_backlog_for_scrum_board,Total:92 Passed:92 Failed:0
1612548584151,820,selenium_view_scrum_board,Success,True
.test_1_selenium_view_scrum_board,Total:93 Passed:93 Failed:0
1612548584854,701,selenium_view_kanban_board,Success,True
.test_1_selenium_view_kanban_board,Total:94 Passed:94 Failed:0
1612548585337,481,selenium_view_dashboard,Success,True
.test_1_selenium_view_dashboard,Total:95 Passed:95 Failed:0
1612548585917,579,selenium_view_issue,Success,True
.test_1_selenium_view_issue,Total:96 Passed:96 Failed:0
1612548586321,402,selenium_project_summary,Success,True
.test_1_selenium_view_project_summary,Total:97 Passed:97 Failed:0
1612548586711,388,selenium_log_out,Success,True
.test_2_selenium_z_log_out,Total:98 Passed:98 Failed:0


=============================== warnings summary ===============================
../../usr/local/lib/python3.8/dist-packages/_pytest/config/__init__.py:1114
  /usr/local/lib/python3.8/dist-packages/_pytest/config/__init__.py:1114: PytestAssertRewriteWarning: Module already imported so cannot be rewritten: apiritif
    self._mark_plugins_for_rewrite(hook)

-- Docs: https://docs.pytest.org/en/stable/warnings.html
======================== 14 passed, 1 warning in 11.71s ========================
============================= test session starts ==============================
platform linux -- Python 3.8.0, pytest-6.2.2, py-1.10.0, pluggy-0.13.1
rootdir: /dc-app-performance-toolkit/app
plugins: apiritif-0.9.6
collected 14 items

selenium_ui/jira_ui.py get driver from global
1612548586878,105,selenium_login:open_login_page,Success,True
1612548588167,1288,selenium_login:login_and_view_dashboard,Success,True
1612548588167,1393,selenium_login,Success,True
.test_0_selenium_a_login,Total:99 Passed:99 Failed:0
1612548588420,233,selenium_browse_projects_list,Success,True
.test_1_selenium_browse_projects_list,Total:100 Passed:100 Failed:0
1612548588690,269,selenium_browse_boards_list,Success,True
.test_1_selenium_browse_boards_list,Total:101 Passed:101 Failed:0
1612548589330,630,selenium_create_issue:open_quick_create,Success,True
1612548590453,600,selenium_create_issue:fill_and_submit_issue_form:submit_issue_form,Success,True
1612548590453,1122,selenium_create_issue:fill_and_submit_issue_form,Success,True
1612548590453,1753,selenium_create_issue,Success,True
.test_1_selenium_create_issue,Total:102 Passed:102 Failed:0
1612548590939,477,selenium_edit_issue:open_edit_issue_form,Success,True
1612548591967,576,selenium_edit_issue:save_edit_issue_form,Success,True
1612548591967,1504,selenium_edit_issue,Success,True
.test_1_selenium_edit_issue,Total:103 Passed:103 Failed:0
1612548592442,473,selenium_save_comment:open_comment_form,Success,True
1612548593265,722,selenium_save_comment:submit_form,Success,True
1612548593266,1297,selenium_save_comment,Success,True
.test_1_selenium_save_comment,Total:104 Passed:104 Failed:0
1612548594381,1114,selenium_search_jql,Success,True
.test_1_selenium_search_jql,Total:105 Passed:105 Failed:0
1612548595698,1315,selenium_view_scrum_board_backlog,Success,True
.test_1_selenium_view_backlog_for_scrum_board,Total:106 Passed:106 Failed:0
1612548596482,782,selenium_view_scrum_board,Success,True
.test_1_selenium_view_scrum_board,Total:107 Passed:107 Failed:0
1612548597369,885,selenium_view_kanban_board,Success,True
.test_1_selenium_view_kanban_board,Total:108 Passed:108 Failed:0
1612548597696,325,selenium_view_dashboard,Success,True
.test_1_selenium_view_dashboard,Total:109 Passed:109 Failed:0
1612548598342,644,selenium_view_issue,Success,True
.test_1_selenium_view_issue,Total:110 Passed:110 Failed:0
1612548598793,449,selenium_project_summary,Success,True
.test_1_selenium_view_project_summary,Total:111 Passed:111 Failed:0
1612548599118,323,selenium_log_out,Success,True
.test_2_selenium_z_log_out,Total:112 Passed:112 Failed:0


=============================== warnings summary ===============================
../../usr/local/lib/python3.8/dist-packages/_pytest/config/__init__.py:1114
  /usr/local/lib/python3.8/dist-packages/_pytest/config/__init__.py:1114: PytestAssertRewriteWarning: Module already imported so cannot be rewritten: apiritif
    self._mark_plugins_for_rewrite(hook)

-- Docs: https://docs.pytest.org/en/stable/warnings.html
======================== 14 passed, 1 warning in 12.35s ========================
============================= test session starts ==============================
platform linux -- Python 3.8.0, pytest-6.2.2, py-1.10.0, pluggy-0.13.1
rootdir: /dc-app-performance-toolkit/app
plugins: apiritif-0.9.6
collected 14 items

selenium_ui/jira_ui.py get driver from global
1612548599286,119,selenium_login:open_login_page,Success,True
1612548599740,453,selenium_login:login_and_view_dashboard,Success,True
1612548599740,573,selenium_login,Success,True
.test_0_selenium_a_login,Total:113 Passed:113 Failed:0
1612548600099,263,selenium_browse_projects_list,Success,True
.test_1_selenium_browse_projects_list,Total:114 Passed:114 Failed:0
1612548600368,267,selenium_browse_boards_list,Success,True
.test_1_selenium_browse_boards_list,Total:115 Passed:115 Failed:0
1612548601029,653,selenium_create_issue:open_quick_create,Success,True
1612548602218,613,selenium_create_issue:fill_and_submit_issue_form:submit_issue_form,Success,True
1612548602218,1188,selenium_create_issue:fill_and_submit_issue_form,Success,True
1612548602218,1841,selenium_create_issue,Success,True
.test_1_selenium_create_issue,Total:116 Passed:116 Failed:0
1612548602768,542,selenium_edit_issue:open_edit_issue_form,Success,True
1612548603723,506,selenium_edit_issue:save_edit_issue_form,Success,True
1612548603723,1496,selenium_edit_issue,Success,True
.test_1_selenium_edit_issue,Total:117 Passed:117 Failed:0
1612548604051,326,selenium_save_comment:open_comment_form,Success,True
1612548605073,834,selenium_save_comment:submit_form,Success,True
1612548605074,1349,selenium_save_comment,Success,True
.test_1_selenium_save_comment,Total:118 Passed:118 Failed:0
1612548606260,1185,selenium_search_jql,Success,True
.test_1_selenium_search_jql,Total:119 Passed:119 Failed:0
1612548607588,1325,selenium_view_scrum_board_backlog,Success,True
.test_1_selenium_view_backlog_for_scrum_board,Total:120 Passed:120 Failed:0
1612548608410,821,selenium_view_scrum_board,Success,True
.test_1_selenium_view_scrum_board,Total:121 Passed:121 Failed:0
1612548609013,602,selenium_view_kanban_board,Success,True
.test_1_selenium_view_kanban_board,Total:122 Passed:122 Failed:0
1612548609565,550,selenium_view_dashboard,Success,True
.test_1_selenium_view_dashboard,Total:123 Passed:123 Failed:0
1612548610439,873,selenium_view_issue,Success,True
.test_1_selenium_view_issue,Total:124 Passed:124 Failed:0
1612548610820,378,selenium_project_summary,Success,True
.test_1_selenium_view_project_summary,Total:125 Passed:125 Failed:0
1612548611196,375,selenium_log_out,Success,True
.test_2_selenium_z_log_out,Total:126 Passed:126 Failed:0


=============================== warnings summary ===============================
../../usr/local/lib/python3.8/dist-packages/_pytest/config/__init__.py:1114
  /usr/local/lib/python3.8/dist-packages/_pytest/config/__init__.py:1114: PytestAssertRewriteWarning: Module already imported so cannot be rewritten: apiritif
    self._mark_plugins_for_rewrite(hook)

-- Docs: https://docs.pytest.org/en/stable/warnings.html
======================== 14 passed, 1 warning in 12.04s ========================
============================= test session starts ==============================
platform linux -- Python 3.8.0, pytest-6.2.2, py-1.10.0, pluggy-0.13.1
rootdir: /dc-app-performance-toolkit/app
plugins: apiritif-0.9.6
collected 14 items

selenium_ui/jira_ui.py get driver from global
1612548611360,114,selenium_login:open_login_page,Success,True
1612548611836,475,selenium_login:login_and_view_dashboard,Success,True
1612548611836,590,selenium_login,Success,True
.test_0_selenium_a_login,Total:127 Passed:127 Failed:0
1612548612097,250,selenium_browse_projects_list,Success,True
.test_1_selenium_browse_projects_list,Total:128 Passed:128 Failed:0
1612548612363,264,selenium_browse_boards_list,Success,True
.test_1_selenium_browse_boards_list,Total:129 Passed:129 Failed:0
1612548613138,767,selenium_create_issue:open_quick_create,Success,True
1612548614338,611,selenium_create_issue:fill_and_submit_issue_form:submit_issue_form,Success,True
1612548614338,1199,selenium_create_issue:fill_and_submit_issue_form,Success,True
1612548614338,1967,selenium_create_issue,Success,True
.test_1_selenium_create_issue,Total:130 Passed:130 Failed:0
1612548614843,497,selenium_edit_issue:open_edit_issue_form,Success,True
1612548615850,573,selenium_edit_issue:save_edit_issue_form,Success,True
1612548615850,1503,selenium_edit_issue,Success,True
.test_1_selenium_edit_issue,Total:131 Passed:131 Failed:0
1612548616188,337,selenium_save_comment:open_comment_form,Success,True
1612548617156,810,selenium_save_comment:submit_form,Success,True
1612548617156,1305,selenium_save_comment,Success,True
.test_1_selenium_save_comment,Total:132 Passed:132 Failed:0
1612548618328,1170,selenium_search_jql,Success,True
.test_1_selenium_search_jql,Total:133 Passed:133 Failed:0
1612548619638,1308,selenium_view_scrum_board_backlog,Success,True
.test_1_selenium_view_backlog_for_scrum_board,Total:134 Passed:134 Failed:0
1612548620455,815,selenium_view_scrum_board,Success,True
.test_1_selenium_view_scrum_board,Total:135 Passed:135 Failed:0
1612548621566,1109,selenium_view_kanban_board,Success,True
.test_1_selenium_view_kanban_board,Total:136 Passed:136 Failed:0
1612548621813,246,selenium_view_dashboard,Success,True
.test_1_selenium_view_dashboard,Total:137 Passed:137 Failed:0
1612548622533,718,selenium_view_issue,Success,True
.test_1_selenium_view_issue,Total:138 Passed:138 Failed:0
1612548622973,438,selenium_project_summary,Success,True
.test_1_selenium_view_project_summary,Total:139 Passed:139 Failed:0
1612548623320,345,selenium_log_out,Success,True
.test_2_selenium_z_log_out,Total:140 Passed:140 Failed:0


=============================== warnings summary ===============================
../../usr/local/lib/python3.8/dist-packages/_pytest/config/__init__.py:1114
  /usr/local/lib/python3.8/dist-packages/_pytest/config/__init__.py:1114: PytestAssertRewriteWarning: Module already imported so cannot be rewritten: apiritif
    self._mark_plugins_for_rewrite(hook)

-- Docs: https://docs.pytest.org/en/stable/warnings.html
======================== 14 passed, 1 warning in 12.08s ========================
============================= test session starts ==============================
platform linux -- Python 3.8.0, pytest-6.2.2, py-1.10.0, pluggy-0.13.1
rootdir: /dc-app-performance-toolkit/app
plugins: apiritif-0.9.6
collected 14 items

selenium_ui/jira_ui.py get driver from global
1612548623471,102,selenium_login:open_login_page,Success,True
1612548623893,422,selenium_login:login_and_view_dashboard,Success,True
1612548623893,524,selenium_login,Success,True
.test_0_selenium_a_login,Total:141 Passed:141 Failed:0
1612548624255,351,selenium_browse_projects_list,Success,True
.test_1_selenium_browse_projects_list,Total:142 Passed:142 Failed:0
1612548625045,788,selenium_browse_boards_list,Success,True
.test_1_selenium_browse_boards_list,Total:143 Passed:143 Failed:0
1612548625778,724,selenium_create_issue:open_quick_create,Success,True
1612548626992,612,selenium_create_issue:fill_and_submit_issue_form:submit_issue_form,Success,True
1612548626992,1213,selenium_create_issue:fill_and_submit_issue_form,Success,True
1612548626992,1938,selenium_create_issue,Success,True
.test_1_selenium_create_issue,Total:144 Passed:144 Failed:0
1612548627581,580,selenium_edit_issue:open_edit_issue_form,Success,True
1612548628450,524,selenium_edit_issue:save_edit_issue_form,Success,True
1612548628450,1448,selenium_edit_issue,Success,True
.test_1_selenium_edit_issue,Total:145 Passed:145 Failed:0
1612548628835,383,selenium_save_comment:open_comment_form,Success,True
1612548629812,796,selenium_save_comment:submit_form,Success,True
1612548629812,1361,selenium_save_comment,Success,True
.test_1_selenium_save_comment,Total:146 Passed:146 Failed:0
1612548630990,1176,selenium_search_jql,Success,True
.test_1_selenium_search_jql,Total:147 Passed:147 Failed:0
1612548631774,783,selenium_view_scrum_board_backlog,Success,True
.test_1_selenium_view_backlog_for_scrum_board,Total:148 Passed:148 Failed:0
1612548632553,777,selenium_view_scrum_board,Success,True
.test_1_selenium_view_scrum_board,Total:149 Passed:149 Failed:0
1612548633451,896,selenium_view_kanban_board,Success,True
.test_1_selenium_view_kanban_board,Total:150 Passed:150 Failed:0
1612548634083,629,selenium_view_dashboard,Success,True
.test_1_selenium_view_dashboard,Total:151 Passed:151 Failed:0
1612548634705,620,selenium_view_issue,Success,True
.test_1_selenium_view_issue,Total:152 Passed:152 Failed:0
1612548635128,421,selenium_project_summary,Success,True
.test_1_selenium_view_project_summary,Total:153 Passed:153 Failed:0
1612548635438,308,selenium_log_out,Success,True
.test_2_selenium_z_log_out,Total:154 Passed:154 Failed:0


=============================== warnings summary ===============================
../../usr/local/lib/python3.8/dist-packages/_pytest/config/__init__.py:1114
  /usr/local/lib/python3.8/dist-packages/_pytest/config/__init__.py:1114: PytestAssertRewriteWarning: Module already imported so cannot be rewritten: apiritif
    self._mark_plugins_for_rewrite(hook)

-- Docs: https://docs.pytest.org/en/stable/warnings.html
======================== 14 passed, 1 warning in 12.08s ========================
============================= test session starts ==============================
platform linux -- Python 3.8.0, pytest-6.2.2, py-1.10.0, pluggy-0.13.1
rootdir: /dc-app-performance-toolkit/app
plugins: apiritif-0.9.6
collected 14 items

selenium_ui/jira_ui.py get driver from global
1612548635592,104,selenium_login:open_login_page,Success,True
1612548636059,466,selenium_login:login_and_view_dashboard,Success,True
1612548636059,571,selenium_login,Success,True
.test_0_selenium_a_login,Total:155 Passed:155 Failed:0
1612548636332,262,selenium_browse_projects_list,Success,True
.test_1_selenium_browse_projects_list,Total:156 Passed:156 Failed:0
1612548636589,255,selenium_browse_boards_list,Success,True
.test_1_selenium_browse_boards_list,Total:157 Passed:157 Failed:0
1612548637264,667,selenium_create_issue:open_quick_create,Success,True
1612548638359,601,selenium_create_issue:fill_and_submit_issue_form:submit_issue_form,Success,True
1612548638360,1095,selenium_create_issue:fill_and_submit_issue_form,Success,True
1612548638360,1763,selenium_create_issue,Success,True
.test_1_selenium_create_issue,Total:158 Passed:158 Failed:0
1612548638876,507,selenium_edit_issue:open_edit_issue_form,Success,True
1612548639823,515,selenium_edit_issue:save_edit_issue_form,Success,True
1612548639823,1455,selenium_edit_issue,Success,True
.test_1_selenium_edit_issue,Total:159 Passed:159 Failed:0
1612548640195,370,selenium_save_comment:open_comment_form,Success,True
1612548641161,812,selenium_save_comment:submit_form,Success,True
1612548641161,1336,selenium_save_comment,Success,True
.test_1_selenium_save_comment,Total:160 Passed:160 Failed:0
1612548642359,1196,selenium_search_jql,Success,True
.test_1_selenium_search_jql,Total:161 Passed:161 Failed:0
1612548643146,785,selenium_view_scrum_board_backlog,Success,True
.test_1_selenium_view_backlog_for_scrum_board,Total:162 Passed:162 Failed:0
1612548644007,859,selenium_view_scrum_board,Success,True
.test_1_selenium_view_scrum_board,Total:163 Passed:163 Failed:0
1612548644706,697,selenium_view_kanban_board,Success,True
.test_1_selenium_view_kanban_board,Total:164 Passed:164 Failed:0
1612548645046,338,selenium_view_dashboard,Success,True
.test_1_selenium_view_dashboard,Total:165 Passed:165 Failed:0
1612548645751,703,selenium_view_issue,Success,True
.test_1_selenium_view_issue,Total:166 Passed:166 Failed:0
1612548646236,483,selenium_project_summary,Success,True
.test_1_selenium_view_project_summary,Total:167 Passed:167 Failed:0
1612548646554,317,selenium_log_out,Success,True
.test_2_selenium_z_log_out,Total:168 Passed:168 Failed:0


=============================== warnings summary ===============================
../../usr/local/lib/python3.8/dist-packages/_pytest/config/__init__.py:1114
  /usr/local/lib/python3.8/dist-packages/_pytest/config/__init__.py:1114: PytestAssertRewriteWarning: Module already imported so cannot be rewritten: apiritif
    self._mark_plugins_for_rewrite(hook)

-- Docs: https://docs.pytest.org/en/stable/warnings.html
======================== 14 passed, 1 warning in 11.08s ========================
============================= test session starts ==============================
platform linux -- Python 3.8.0, pytest-6.2.2, py-1.10.0, pluggy-0.13.1
rootdir: /dc-app-performance-toolkit/app
plugins: apiritif-0.9.6
collected 14 items

selenium_ui/jira_ui.py get driver from global
1612548646710,103,selenium_login:open_login_page,Success,True
1612548647177,466,selenium_login:login_and_view_dashboard,Success,True
1612548647177,570,selenium_login,Success,True
.test_0_selenium_a_login,Total:169 Passed:169 Failed:0
1612548647453,266,selenium_browse_projects_list,Success,True
.test_1_selenium_browse_projects_list,Total:170 Passed:170 Failed:0
1612548647718,263,selenium_browse_boards_list,Success,True
.test_1_selenium_browse_boards_list,Total:171 Passed:171 Failed:0
1612548648365,638,selenium_create_issue:open_quick_create,Success,True
1612548649507,611,selenium_create_issue:fill_and_submit_issue_form:submit_issue_form,Success,True
1612548649507,1142,selenium_create_issue:fill_and_submit_issue_form,Success,True
1612548649507,1780,selenium_create_issue,Success,True
.test_1_selenium_create_issue,Total:172 Passed:172 Failed:0
1612548649979,461,selenium_edit_issue:open_edit_issue_form,Success,True
1612548651064,576,selenium_edit_issue:save_edit_issue_form,Success,True
1612548651065,1548,selenium_edit_issue,Success,True
.test_1_selenium_edit_issue,Total:173 Passed:173 Failed:0
1612548651416,350,selenium_save_comment:open_comment_form,Success,True
1612548652291,718,selenium_save_comment:submit_form,Success,True
1612548652291,1224,selenium_save_comment,Success,True
.test_1_selenium_save_comment,Total:174 Passed:174 Failed:0
1612548653474,1181,selenium_search_jql,Success,True
.test_1_selenium_search_jql,Total:175 Passed:175 Failed:0
1612548654308,832,selenium_view_scrum_board_backlog,Success,True
.test_1_selenium_view_backlog_for_scrum_board,Total:176 Passed:176 Failed:0
1612548655095,785,selenium_view_scrum_board,Success,True
.test_1_selenium_view_scrum_board,Total:177 Passed:177 Failed:0
1612548655670,574,selenium_view_kanban_board,Success,True
.test_1_selenium_view_kanban_board,Total:178 Passed:178 Failed:0
1612548655975,303,selenium_view_dashboard,Success,True
.test_1_selenium_view_dashboard,Total:179 Passed:179 Failed:0
1612548656607,629,selenium_view_issue,Success,True
.test_1_selenium_view_issue,Total:180 Passed:180 Failed:0
1612548657002,393,selenium_project_summary,Success,True
.test_1_selenium_view_project_summary,Total:181 Passed:181 Failed:0
1612548657375,371,selenium_log_out,Success,True
.test_2_selenium_z_log_out,Total:182 Passed:182 Failed:0


=============================== warnings summary ===============================
../../usr/local/lib/python3.8/dist-packages/_pytest/config/__init__.py:1114
  /usr/local/lib/python3.8/dist-packages/_pytest/config/__init__.py:1114: PytestAssertRewriteWarning: Module already imported so cannot be rewritten: apiritif
    self._mark_plugins_for_rewrite(hook)

-- Docs: https://docs.pytest.org/en/stable/warnings.html
======================== 14 passed, 1 warning in 10.78s ========================
============================= test session starts ==============================
platform linux -- Python 3.8.0, pytest-6.2.2, py-1.10.0, pluggy-0.13.1
rootdir: /dc-app-performance-toolkit/app
plugins: apiritif-0.9.6
collected 14 items

selenium_ui/jira_ui.py get driver from global
1612548657529,103,selenium_login:open_login_page,Success,True
1612548657975,445,selenium_login:login_and_view_dashboard,Success,True
1612548657975,549,selenium_login,Success,True
.test_0_selenium_a_login,Total:183 Passed:183 Failed:0
1612548658335,348,selenium_browse_projects_list,Success,True
.test_1_selenium_browse_projects_list,Total:184 Passed:184 Failed:0
1612548658612,275,selenium_browse_boards_list,Success,True
.test_1_selenium_browse_boards_list,Total:185 Passed:185 Failed:0
1612548659361,740,selenium_create_issue:open_quick_create,Success,True
1612548660511,612,selenium_create_issue:fill_and_submit_issue_form:submit_issue_form,Success,True
1612548660511,1149,selenium_create_issue:fill_and_submit_issue_form,Success,True
1612548660511,1889,selenium_create_issue,Success,True
.test_1_selenium_create_issue,Total:186 Passed:186 Failed:0
1612548661025,506,selenium_edit_issue:open_edit_issue_form,Success,True
1612548662015,518,selenium_edit_issue:save_edit_issue_form,Success,True
1612548662015,1495,selenium_edit_issue,Success,True
.test_1_selenium_edit_issue,Total:187 Passed:187 Failed:0
1612548662259,242,selenium_save_comment:open_comment_form,Success,True
1612548663245,800,selenium_save_comment:submit_form,Success,True
1612548663245,1228,selenium_save_comment,Success,True
.test_1_selenium_save_comment,Total:188 Passed:188 Failed:0
1612548664450,1204,selenium_search_jql,Success,True
.test_1_selenium_search_jql,Total:189 Passed:189 Failed:0
1612548665769,1317,selenium_view_scrum_board_backlog,Success,True
.test_1_selenium_view_backlog_for_scrum_board,Total:190 Passed:190 Failed:0
1612548666579,807,selenium_view_scrum_board,Success,True
.test_1_selenium_view_scrum_board,Total:191 Passed:191 Failed:0
1612548667287,707,selenium_view_kanban_board,Success,True
.test_1_selenium_view_kanban_board,Total:192 Passed:192 Failed:0
1612548667734,444,selenium_view_dashboard,Success,True
.test_1_selenium_view_dashboard,Total:193 Passed:193 Failed:0
1612548668424,688,selenium_view_issue,Success,True
.test_1_selenium_view_issue,Total:194 Passed:194 Failed:0
1612548668898,473,selenium_project_summary,Success,True
.test_1_selenium_view_project_summary,Total:195 Passed:195 Failed:0
1612548669208,308,selenium_log_out,Success,True
.test_2_selenium_z_log_out,Total:196 Passed:196 Failed:0


=============================== warnings summary ===============================
../../usr/local/lib/python3.8/dist-packages/_pytest/config/__init__.py:1114
  /usr/local/lib/python3.8/dist-packages/_pytest/config/__init__.py:1114: PytestAssertRewriteWarning: Module already imported so cannot be rewritten: apiritif
    self._mark_plugins_for_rewrite(hook)

-- Docs: https://docs.pytest.org/en/stable/warnings.html
======================== 14 passed, 1 warning in 11.79s ========================
============================= test session starts ==============================
platform linux -- Python 3.8.0, pytest-6.2.2, py-1.10.0, pluggy-0.13.1
rootdir: /dc-app-performance-toolkit/app
plugins: apiritif-0.9.6
collected 14 items

selenium_ui/jira_ui.py get driver from global
1612548669359,101,selenium_login:open_login_page,Success,True
1612548669823,463,selenium_login:login_and_view_dashboard,Success,True
1612548669823,565,selenium_login,Success,True
.test_0_selenium_a_login,Total:197 Passed:197 Failed:0
1612548670169,253,selenium_browse_projects_list,Success,True
.test_1_selenium_browse_projects_list,Total:198 Passed:198 Failed:0
1612548670435,264,selenium_browse_boards_list,Success,True
.test_1_selenium_browse_boards_list,Total:199 Passed:199 Failed:0
1612548671169,724,selenium_create_issue:open_quick_create,Success,True
1612548672350,608,selenium_create_issue:fill_and_submit_issue_form:submit_issue_form,Success,True
1612548672350,1181,selenium_create_issue:fill_and_submit_issue_form,Success,True
1612548672350,1906,selenium_create_issue,Success,True
.test_1_selenium_create_issue,Total:200 Passed:200 Failed:0
1612548672989,629,selenium_edit_issue:open_edit_issue_form,Success,True
1612548674227,533,selenium_edit_issue:save_edit_issue_form,Success,True
1612548674228,1868,selenium_edit_issue,Success,True
.test_1_selenium_edit_issue,Total:201 Passed:201 Failed:0
1612548674602,373,selenium_save_comment:open_comment_form,Success,True
1612548675477,718,selenium_save_comment:submit_form,Success,True
1612548675477,1248,selenium_save_comment,Success,True
.test_1_selenium_save_comment,Total:202 Passed:202 Failed:0
1612548676674,1196,selenium_search_jql,Success,True
.test_1_selenium_search_jql,Total:203 Passed:203 Failed:0
1612548678031,1355,selenium_view_scrum_board_backlog,Success,True
.test_1_selenium_view_backlog_for_scrum_board,Total:204 Passed:204 Failed:0
1612548678848,815,selenium_view_scrum_board,Success,True
.test_1_selenium_view_scrum_board,Total:205 Passed:205 Failed:0
1612548679968,1118,selenium_view_kanban_board,Success,True
.test_1_selenium_view_kanban_board,Total:206 Passed:206 Failed:0
1612548680205,236,selenium_view_dashboard,Success,True
.test_1_selenium_view_dashboard,Total:207 Passed:207 Failed:0
1612548680789,581,selenium_view_issue,Success,True
.test_1_selenium_view_issue,Total:208 Passed:208 Failed:0
1612548681254,463,selenium_project_summary,Success,True
.test_1_selenium_view_project_summary,Total:209 Passed:209 Failed:0
1612548681569,312,selenium_log_out,Success,True
.test_2_selenium_z_log_out,Total:210 Passed:210 Failed:0


=============================== warnings summary ===============================
../../usr/local/lib/python3.8/dist-packages/_pytest/config/__init__.py:1114
  /usr/local/lib/python3.8/dist-packages/_pytest/config/__init__.py:1114: PytestAssertRewriteWarning: Module already imported so cannot be rewritten: apiritif
    self._mark_plugins_for_rewrite(hook)

-- Docs: https://docs.pytest.org/en/stable/warnings.html
======================== 14 passed, 1 warning in 12.32s ========================
============================= test session starts ==============================
platform linux -- Python 3.8.0, pytest-6.2.2, py-1.10.0, pluggy-0.13.1
rootdir: /dc-app-performance-toolkit/app
plugins: apiritif-0.9.6
collected 14 items

selenium_ui/jira_ui.py get driver from global
1612548681722,102,selenium_login:open_login_page,Success,True
1612548682220,497,selenium_login:login_and_view_dashboard,Success,True
1612548682220,600,selenium_login,Success,True
.test_0_selenium_a_login,Total:211 Passed:211 Failed:0
1612548682486,253,selenium_browse_projects_list,Success,True
.test_1_selenium_browse_projects_list,Total:212 Passed:212 Failed:0
1612548682749,261,selenium_browse_boards_list,Success,True
.test_1_selenium_browse_boards_list,Total:213 Passed:213 Failed:0
1612548683531,774,selenium_create_issue:open_quick_create,Success,True
1612548684642,605,selenium_create_issue:fill_and_submit_issue_form:submit_issue_form,Success,True
1612548684642,1110,selenium_create_issue:fill_and_submit_issue_form,Success,True
1612548684642,1885,selenium_create_issue,Success,True
.test_1_selenium_create_issue,Total:214 Passed:214 Failed:0
1612548685148,498,selenium_edit_issue:open_edit_issue_form,Success,True
1612548686088,511,selenium_edit_issue:save_edit_issue_form,Success,True
1612548686088,1437,selenium_edit_issue,Success,True
.test_1_selenium_edit_issue,Total:215 Passed:215 Failed:0
1612548686468,378,selenium_save_comment:open_comment_form,Success,True
1612548687348,731,selenium_save_comment:submit_form,Success,True
1612548687348,1258,selenium_save_comment,Success,True
.test_1_selenium_save_comment,Total:216 Passed:216 Failed:0
1612548688550,1200,selenium_search_jql,Success,True
.test_1_selenium_search_jql,Total:217 Passed:217 Failed:0
1612548689866,1315,selenium_view_scrum_board_backlog,Success,True
.test_1_selenium_view_backlog_for_scrum_board,Total:218 Passed:218 Failed:0
1612548690647,779,selenium_view_scrum_board,Success,True
.test_1_selenium_view_scrum_board,Total:219 Passed:219 Failed:0
1612548691214,565,selenium_view_kanban_board,Success,True
.test_1_selenium_view_kanban_board,Total:220 Passed:220 Failed:0
1612548691650,434,selenium_view_dashboard,Success,True
.test_1_selenium_view_dashboard,Total:221 Passed:221 Failed:0
1612548692258,606,selenium_view_issue,Success,True
.test_1_selenium_view_issue,Total:222 Passed:222 Failed:0
1612548692651,392,selenium_project_summary,Success,True
.test_1_selenium_view_project_summary,Total:223 Passed:223 Failed:0
1612548692980,326,selenium_log_out,Success,True
.test_2_selenium_z_log_out,Total:224 Passed:224 Failed:0


=============================== warnings summary ===============================
../../usr/local/lib/python3.8/dist-packages/_pytest/config/__init__.py:1114
  /usr/local/lib/python3.8/dist-packages/_pytest/config/__init__.py:1114: PytestAssertRewriteWarning: Module already imported so cannot be rewritten: apiritif
    self._mark_plugins_for_rewrite(hook)

-- Docs: https://docs.pytest.org/en/stable/warnings.html
======================== 14 passed, 1 warning in 11.37s ========================
============================= test session starts ==============================
platform linux -- Python 3.8.0, pytest-6.2.2, py-1.10.0, pluggy-0.13.1
rootdir: /dc-app-performance-toolkit/app
plugins: apiritif-0.9.6
collected 14 items

selenium_ui/jira_ui.py get driver from global
1612548693136,106,selenium_login:open_login_page,Success,True
1612548693599,463,selenium_login:login_and_view_dashboard,Success,True
1612548693599,570,selenium_login,Success,True
.test_0_selenium_a_login,Total:225 Passed:225 Failed:0
1612548693870,259,selenium_browse_projects_list,Success,True
.test_1_selenium_browse_projects_list,Total:226 Passed:226 Failed:0
1612548694138,265,selenium_browse_boards_list,Success,True
.test_1_selenium_browse_boards_list,Total:227 Passed:227 Failed:0
1612548694922,776,selenium_create_issue:open_quick_create,Success,True
1612548696082,605,selenium_create_issue:fill_and_submit_issue_form:submit_issue_form,Success,True
1612548696082,1159,selenium_create_issue:fill_and_submit_issue_form,Success,True
1612548696083,1936,selenium_create_issue,Success,True
.test_1_selenium_create_issue,Total:228 Passed:228 Failed:0
1612548696598,507,selenium_edit_issue:open_edit_issue_form,Success,True
1612548697588,540,selenium_edit_issue:save_edit_issue_form,Success,True
1612548697588,1497,selenium_edit_issue,Success,True
.test_1_selenium_edit_issue,Total:229 Passed:229 Failed:0
1612548697955,365,selenium_save_comment:open_comment_form,Success,True
1612548698827,713,selenium_save_comment:submit_form,Success,True
1612548698828,1238,selenium_save_comment,Success,True
.test_1_selenium_save_comment,Total:230 Passed:230 Failed:0
1612548700014,1185,selenium_search_jql,Success,True
.test_1_selenium_search_jql,Total:231 Passed:231 Failed:0
1612548700812,796,selenium_view_scrum_board_backlog,Success,True
.test_1_selenium_view_backlog_for_scrum_board,Total:232 Passed:232 Failed:0
1612548701595,781,selenium_view_scrum_board,Success,True
.test_1_selenium_view_scrum_board,Total:233 Passed:233 Failed:0
1612548702337,740,selenium_view_kanban_board,Success,True
.test_1_selenium_view_kanban_board,Total:234 Passed:234 Failed:0
1612548702799,460,selenium_view_dashboard,Success,True
.test_1_selenium_view_dashboard,Total:235 Passed:235 Failed:0
1612548703521,720,selenium_view_issue,Success,True
.test_1_selenium_view_issue,Total:236 Passed:236 Failed:0
1612548703907,385,selenium_project_summary,Success,True
.test_1_selenium_view_project_summary,Total:237 Passed:237 Failed:0
1612548704244,335,selenium_log_out,Success,True
.test_2_selenium_z_log_out,Total:238 Passed:238 Failed:0


=============================== warnings summary ===============================
../../usr/local/lib/python3.8/dist-packages/_pytest/config/__init__.py:1114
  /usr/local/lib/python3.8/dist-packages/_pytest/config/__init__.py:1114: PytestAssertRewriteWarning: Module already imported so cannot be rewritten: apiritif
    self._mark_plugins_for_rewrite(hook)

-- Docs: https://docs.pytest.org/en/stable/warnings.html
======================== 14 passed, 1 warning in 11.22s ========================
============================= test session starts ==============================
platform linux -- Python 3.8.0, pytest-6.2.2, py-1.10.0, pluggy-0.13.1
rootdir: /dc-app-performance-toolkit/app
plugins: apiritif-0.9.6
collected 14 items

selenium_ui/jira_ui.py get driver from global
1612548704395,101,selenium_login:open_login_page,Success,True
1612548704854,458,selenium_login:login_and_view_dashboard,Success,True
1612548704855,560,selenium_login,Success,True
.test_0_selenium_a_login,Total:239 Passed:239 Failed:0
1612548705203,332,selenium_browse_projects_list,Success,True
.test_1_selenium_browse_projects_list,Total:240 Passed:240 Failed:0
1612548705463,258,selenium_browse_boards_list,Success,True
.test_1_selenium_browse_boards_list,Total:241 Passed:241 Failed:0
1612548706109,637,selenium_create_issue:open_quick_create,Success,True
1612548707226,611,selenium_create_issue:fill_and_submit_issue_form:submit_issue_form,Success,True
1612548707226,1117,selenium_create_issue:fill_and_submit_issue_form,Success,True
1612548707226,1755,selenium_create_issue,Success,True
.test_1_selenium_create_issue,Total:242 Passed:242 Failed:0
1612548707735,500,selenium_edit_issue:open_edit_issue_form,Success,True
1612548708864,640,selenium_edit_issue:save_edit_issue_form,Success,True
1612548708864,1628,selenium_edit_issue,Success,True
.test_1_selenium_edit_issue,Total:243 Passed:243 Failed:0
1612548709225,359,selenium_save_comment:open_comment_form,Success,True
1612548710959,1581,selenium_save_comment:submit_form,Success,True
1612548710959,2094,selenium_save_comment,Success,True
.test_1_selenium_save_comment,Total:244 Passed:244 Failed:0
1612548712151,1190,selenium_search_jql,Success,True
.test_1_selenium_search_jql,Total:245 Passed:245 Failed:0
1612548712935,782,selenium_view_scrum_board_backlog,Success,True
.test_1_selenium_view_backlog_for_scrum_board,Total:246 Passed:246 Failed:0
1612548713817,880,selenium_view_scrum_board,Success,True
.test_1_selenium_view_scrum_board,Total:247 Passed:247 Failed:0
1612548714178,359,selenium_view_kanban_board,Success,True
.test_1_selenium_view_kanban_board,Total:248 Passed:248 Failed:0
1612548714410,230,selenium_view_dashboard,Success,True
.test_1_selenium_view_dashboard,Total:249 Passed:249 Failed:0
1612548715025,613,selenium_view_issue,Success,True
.test_1_selenium_view_issue,Total:250 Passed:250 Failed:0
1612548715478,451,selenium_project_summary,Success,True
.test_1_selenium_view_project_summary,Total:251 Passed:251 Failed:0
1612548715812,332,selenium_log_out,Success,True
.test_2_selenium_z_log_out,Total:252 Passed:252 Failed:0


=============================== warnings summary ===============================
../../usr/local/lib/python3.8/dist-packages/_pytest/config/__init__.py:1114
  /usr/local/lib/python3.8/dist-packages/_pytest/config/__init__.py:1114: PytestAssertRewriteWarning: Module already imported so cannot be rewritten: apiritif
    self._mark_plugins_for_rewrite(hook)

-- Docs: https://docs.pytest.org/en/stable/warnings.html
======================== 14 passed, 1 warning in 11.53s ========================
============================= test session starts ==============================
platform linux -- Python 3.8.0, pytest-6.2.2, py-1.10.0, pluggy-0.13.1
rootdir: /dc-app-performance-toolkit/app
plugins: apiritif-0.9.6
collected 14 items

selenium_ui/jira_ui.py get driver from global
1612548715967,106,selenium_login:open_login_page,Success,True
1612548716477,510,selenium_login:login_and_view_dashboard,Success,True
1612548716477,616,selenium_login,Success,True
.test_0_selenium_a_login,Total:253 Passed:253 Failed:0
1612548716752,264,selenium_browse_projects_list,Success,True
.test_1_selenium_browse_projects_list,Total:254 Passed:254 Failed:0
1612548717023,269,selenium_browse_boards_list,Success,True
.test_1_selenium_browse_boards_list,Total:255 Passed:255 Failed:0
1612548717768,737,selenium_create_issue:open_quick_create,Success,True
1612548718955,606,selenium_create_issue:fill_and_submit_issue_form:submit_issue_form,Success,True
1612548718955,1187,selenium_create_issue:fill_and_submit_issue_form,Success,True
1612548718955,1924,selenium_create_issue,Success,True
.test_1_selenium_create_issue,Total:256 Passed:256 Failed:0
1612548719549,585,selenium_edit_issue:open_edit_issue_form,Success,True
1612548720394,504,selenium_edit_issue:save_edit_issue_form,Success,True
1612548720394,1430,selenium_edit_issue,Success,True
.test_1_selenium_edit_issue,Total:257 Passed:257 Failed:0
1612548720759,363,selenium_save_comment:open_comment_form,Success,True
1612548721585,676,selenium_save_comment:submit_form,Success,True
1612548721585,1189,selenium_save_comment,Success,True
.test_1_selenium_save_comment,Total:258 Passed:258 Failed:0
1612548722801,1214,selenium_search_jql,Success,True
.test_1_selenium_search_jql,Total:259 Passed:259 Failed:0
1612548723579,777,selenium_view_scrum_board_backlog,Success,True
.test_1_selenium_view_backlog_for_scrum_board,Total:260 Passed:260 Failed:0
1612548724472,891,selenium_view_scrum_board,Success,True
.test_1_selenium_view_scrum_board,Total:261 Passed:261 Failed:0
1612548724987,514,selenium_view_kanban_board,Success,True
.test_1_selenium_view_kanban_board,Total:262 Passed:262 Failed:0
1612548725390,401,selenium_view_dashboard,Success,True
.test_1_selenium_view_dashboard,Total:263 Passed:263 Failed:0
1612548725983,591,selenium_view_issue,Success,True
.test_1_selenium_view_issue,Total:264 Passed:264 Failed:0
1612548726376,391,selenium_project_summary,Success,True
.test_1_selenium_view_project_summary,Total:265 Passed:265 Failed:0
1612548726757,379,selenium_log_out,Success,True
.test_2_selenium_z_log_out,Total:266 Passed:266 Failed:0


=============================== warnings summary ===============================
../../usr/local/lib/python3.8/dist-packages/_pytest/config/__init__.py:1114
  /usr/local/lib/python3.8/dist-packages/_pytest/config/__init__.py:1114: PytestAssertRewriteWarning: Module already imported so cannot be rewritten: apiritif
    self._mark_plugins_for_rewrite(hook)

-- Docs: https://docs.pytest.org/en/stable/warnings.html
======================== 14 passed, 1 warning in 10.90s ========================
============================= test session starts ==============================
platform linux -- Python 3.8.0, pytest-6.2.2, py-1.10.0, pluggy-0.13.1
rootdir: /dc-app-performance-toolkit/app
plugins: apiritif-0.9.6
collected 14 items

selenium_ui/jira_ui.py get driver from global
1612548726910,102,selenium_login:open_login_page,Success,True
1612548727421,511,selenium_login:login_and_view_dashboard,Success,True
1612548727421,614,selenium_login,Success,True
.test_0_selenium_a_login,Total:267 Passed:267 Failed:0
1612548727692,259,selenium_browse_projects_list,Success,True
.test_1_selenium_browse_projects_list,Total:268 Passed:268 Failed:0
1612548727956,262,selenium_browse_boards_list,Success,True
.test_1_selenium_browse_boards_list,Total:269 Passed:269 Failed:0
1612548728700,735,selenium_create_issue:open_quick_create,Success,True
1612548729889,607,selenium_create_issue:fill_and_submit_issue_form:submit_issue_form,Success,True
1612548729889,1188,selenium_create_issue:fill_and_submit_issue_form,Success,True
1612548729889,1924,selenium_create_issue,Success,True
.test_1_selenium_create_issue,Total:270 Passed:270 Failed:0
1612548730475,577,selenium_edit_issue:open_edit_issue_form,Success,True
1612548731351,520,selenium_edit_issue:save_edit_issue_form,Success,True
1612548731351,1453,selenium_edit_issue,Success,True
.test_1_selenium_edit_issue,Total:271 Passed:271 Failed:0
1612548731733,381,selenium_save_comment:open_comment_form,Success,True
1612548732559,672,selenium_save_comment:submit_form,Success,True
1612548732559,1207,selenium_save_comment,Success,True
.test_1_selenium_save_comment,Total:272 Passed:272 Failed:0
1612548733767,1206,selenium_search_jql,Success,True
.test_1_selenium_search_jql,Total:273 Passed:273 Failed:0
1612548735067,1298,selenium_view_scrum_board_backlog,Success,True
.test_1_selenium_view_backlog_for_scrum_board,Total:274 Passed:274 Failed:0
1612548735851,782,selenium_view_scrum_board,Success,True
.test_1_selenium_view_scrum_board,Total:275 Passed:275 Failed:0
1612548736550,697,selenium_view_kanban_board,Success,True
.test_1_selenium_view_kanban_board,Total:276 Passed:276 Failed:0
1612548737126,574,selenium_view_dashboard,Success,True
.test_1_selenium_view_dashboard,Total:277 Passed:277 Failed:0
1612548737707,579,selenium_view_issue,Success,True
.test_1_selenium_view_issue,Total:278 Passed:278 Failed:0
1612548738170,461,selenium_project_summary,Success,True
.test_1_selenium_view_project_summary,Total:279 Passed:279 Failed:0
1612548738494,322,selenium_log_out,Success,True
.test_2_selenium_z_log_out,Total:280 Passed:280 Failed:0


=============================== warnings summary ===============================
../../usr/local/lib/python3.8/dist-packages/_pytest/config/__init__.py:1114
  /usr/local/lib/python3.8/dist-packages/_pytest/config/__init__.py:1114: PytestAssertRewriteWarning: Module already imported so cannot be rewritten: apiritif
    self._mark_plugins_for_rewrite(hook)

-- Docs: https://docs.pytest.org/en/stable/warnings.html
======================== 14 passed, 1 warning in 11.70s ========================
============================= test session starts ==============================
platform linux -- Python 3.8.0, pytest-6.2.2, py-1.10.0, pluggy-0.13.1
rootdir: /dc-app-performance-toolkit/app
plugins: apiritif-0.9.6
collected 14 items

selenium_ui/jira_ui.py get driver from global
1612548738647,104,selenium_login:open_login_page,Success,True
1612548739137,489,selenium_login:login_and_view_dashboard,Success,True
1612548739137,594,selenium_login,Success,True
.test_0_selenium_a_login,Total:281 Passed:281 Failed:0
1612548739403,255,selenium_browse_projects_list,Success,True
.test_1_selenium_browse_projects_list,Total:282 Passed:282 Failed:0
1612548740126,721,selenium_browse_boards_list,Success,True
.test_1_selenium_browse_boards_list,Total:283 Passed:283 Failed:0
1612548740860,726,selenium_create_issue:open_quick_create,Success,True
1612548742037,625,selenium_create_issue:fill_and_submit_issue_form:submit_issue_form,Success,True
1612548742037,1176,selenium_create_issue:fill_and_submit_issue_form,Success,True
1612548742037,1903,selenium_create_issue,Success,True
.test_1_selenium_create_issue,Total:284 Passed:284 Failed:0
1612548742606,560,selenium_edit_issue:open_edit_issue_form,Success,True
1612548743489,509,selenium_edit_issue:save_edit_issue_form,Success,True
1612548743490,1444,selenium_edit_issue,Success,True
.test_1_selenium_edit_issue,Total:285 Passed:285 Failed:0
1612548743856,365,selenium_save_comment:open_comment_form,Success,True
1612548744749,734,selenium_save_comment:submit_form,Success,True
1612548744749,1258,selenium_save_comment,Success,True
.test_1_selenium_save_comment,Total:286 Passed:286 Failed:0
1612548745922,1171,selenium_search_jql,Success,True
.test_1_selenium_search_jql,Total:287 Passed:287 Failed:0
1612548747256,1332,selenium_view_scrum_board_backlog,Success,True
.test_1_selenium_view_backlog_for_scrum_board,Total:288 Passed:288 Failed:0
1612548748033,776,selenium_view_scrum_board,Success,True
.test_1_selenium_view_scrum_board,Total:289 Passed:289 Failed:0
1612548748809,774,selenium_view_kanban_board,Success,True
.test_1_selenium_view_kanban_board,Total:290 Passed:290 Failed:0
1612548749204,393,selenium_view_dashboard,Success,True
.test_1_selenium_view_dashboard,Total:291 Passed:291 Failed:0
1612548749795,589,selenium_view_issue,Success,True
.test_1_selenium_view_issue,Total:292 Passed:292 Failed:0
1612548750262,465,selenium_project_summary,Success,True
.test_1_selenium_view_project_summary,Total:293 Passed:293 Failed:0
1612548750572,309,selenium_log_out,Success,True
.test_2_selenium_z_log_out,Total:294 Passed:294 Failed:0


=============================== warnings summary ===============================
../../usr/local/lib/python3.8/dist-packages/_pytest/config/__init__.py:1114
  /usr/local/lib/python3.8/dist-packages/_pytest/config/__init__.py:1114: PytestAssertRewriteWarning: Module already imported so cannot be rewritten: apiritif
    self._mark_plugins_for_rewrite(hook)

-- Docs: https://docs.pytest.org/en/stable/warnings.html
======================== 14 passed, 1 warning in 12.04s ========================
============================= test session starts ==============================
platform linux -- Python 3.8.0, pytest-6.2.2, py-1.10.0, pluggy-0.13.1
rootdir: /dc-app-performance-toolkit/app
plugins: apiritif-0.9.6
collected 14 items

selenium_ui/jira_ui.py get driver from global
1612548750723,101,selenium_login:open_login_page,Success,True
1612548751901,1177,selenium_login:login_and_view_dashboard,Success,True
1612548751901,1279,selenium_login,Success,True
.test_0_selenium_a_login,Total:295 Passed:295 Failed:0
1612548752149,227,selenium_browse_projects_list,Success,True
.test_1_selenium_browse_projects_list,Total:296 Passed:296 Failed:0
1612548752407,257,selenium_browse_boards_list,Success,True
.test_1_selenium_browse_boards_list,Total:297 Passed:297 Failed:0
1612548753071,655,selenium_create_issue:open_quick_create,Success,True
1612548754202,606,selenium_create_issue:fill_and_submit_issue_form:submit_issue_form,Success,True
1612548754202,1131,selenium_create_issue:fill_and_submit_issue_form,Success,True
1612548754202,1787,selenium_create_issue,Success,True
.test_1_selenium_create_issue,Total:298 Passed:298 Failed:0
1612548754821,611,selenium_edit_issue:open_edit_issue_form,Success,True
1612548755937,762,selenium_edit_issue:save_edit_issue_form,Success,True
1612548755937,1726,selenium_edit_issue,Success,True
.test_1_selenium_edit_issue,Total:299 Passed:299 Failed:0
1612548756242,303,selenium_save_comment:open_comment_form,Success,True
1612548757095,701,selenium_save_comment:submit_form,Success,True
1612548757095,1156,selenium_save_comment,Success,True
.test_1_selenium_save_comment,Total:300 Passed:300 Failed:0
1612548758290,1194,selenium_search_jql,Success,True
.test_1_selenium_search_jql,Total:301 Passed:301 Failed:0
1612548759554,1262,selenium_view_scrum_board_backlog,Success,True
.test_1_selenium_view_backlog_for_scrum_board,Total:302 Passed:302 Failed:0
1612548760366,810,selenium_view_scrum_board,Success,True
.test_1_selenium_view_scrum_board,Total:303 Passed:303 Failed:0
1612548761121,754,selenium_view_kanban_board,Success,True
.test_1_selenium_view_kanban_board,Total:304 Passed:304 Failed:0
1612548761774,651,selenium_view_dashboard,Success,True
.test_1_selenium_view_dashboard,Total:305 Passed:305 Failed:0
1612548762313,538,selenium_view_issue,Success,True
.test_1_selenium_view_issue,Total:306 Passed:306 Failed:0
1612548762658,343,selenium_project_summary,Success,True
.test_1_selenium_view_project_summary,Total:307 Passed:307 Failed:0
1612548763005,346,selenium_log_out,Success,True
.test_2_selenium_z_log_out,Total:308 Passed:308 Failed:0


=============================== warnings summary ===============================
../../usr/local/lib/python3.8/dist-packages/_pytest/config/__init__.py:1114
  /usr/local/lib/python3.8/dist-packages/_pytest/config/__init__.py:1114: PytestAssertRewriteWarning: Module already imported so cannot be rewritten: apiritif
    self._mark_plugins_for_rewrite(hook)

-- Docs: https://docs.pytest.org/en/stable/warnings.html
======================== 14 passed, 1 warning in 12.39s ========================
============================= test session starts ==============================
platform linux -- Python 3.8.0, pytest-6.2.2, py-1.10.0, pluggy-0.13.1
rootdir: /dc-app-performance-toolkit/app
plugins: apiritif-0.9.6
collected 14 items

selenium_ui/jira_ui.py get driver from global
1612548763171,116,selenium_login:open_login_page,Success,True
1612548763647,476,selenium_login:login_and_view_dashboard,Success,True
1612548763647,593,selenium_login,Success,True
.test_0_selenium_a_login,Total:309 Passed:309 Failed:0
1612548763926,267,selenium_browse_projects_list,Success,True
.test_1_selenium_browse_projects_list,Total:310 Passed:310 Failed:0
1612548764189,262,selenium_browse_boards_list,Success,True
.test_1_selenium_browse_boards_list,Total:311 Passed:311 Failed:0
1612548764949,751,selenium_create_issue:open_quick_create,Success,True
1612548766107,604,selenium_create_issue:fill_and_submit_issue_form:submit_issue_form,Success,True
1612548766107,1158,selenium_create_issue:fill_and_submit_issue_form,Success,True
1612548766107,1909,selenium_create_issue,Success,True
.test_1_selenium_create_issue,Total:312 Passed:312 Failed:0
1612548766621,505,selenium_edit_issue:open_edit_issue_form,Success,True
1612548767610,547,selenium_edit_issue:save_edit_issue_form,Success,True
1612548767610,1494,selenium_edit_issue,Success,True
.test_1_selenium_edit_issue,Total:313 Passed:313 Failed:0
1612548768075,458,selenium_save_comment:open_comment_form,Success,True
1612548768865,692,selenium_save_comment:submit_form,Success,True
1612548768865,1248,selenium_save_comment,Success,True
.test_1_selenium_save_comment,Total:314 Passed:314 Failed:0
1612548770111,1245,selenium_search_jql,Success,True
.test_1_selenium_search_jql,Total:315 Passed:315 Failed:0
1612548771441,1328,selenium_view_scrum_board_backlog,Success,True
.test_1_selenium_view_backlog_for_scrum_board,Total:316 Passed:316 Failed:0
1612548772251,808,selenium_view_scrum_board,Success,True
.test_1_selenium_view_scrum_board,Total:317 Passed:317 Failed:0
1612548773181,929,selenium_view_kanban_board,Success,True
.test_1_selenium_view_kanban_board,Total:318 Passed:318 Failed:0
1612548773660,477,selenium_view_dashboard,Success,True
.test_1_selenium_view_dashboard,Total:319 Passed:319 Failed:0
1612548774316,654,selenium_view_issue,Success,True
.test_1_selenium_view_issue,Total:320 Passed:320 Failed:0
1612548774772,453,selenium_project_summary,Success,True
.test_1_selenium_view_project_summary,Total:321 Passed:321 Failed:0
1612548775102,329,selenium_log_out,Success,True
.test_2_selenium_z_log_out,Total:322 Passed:322 Failed:0


=============================== warnings summary ===============================
../../usr/local/lib/python3.8/dist-packages/_pytest/config/__init__.py:1114
  /usr/local/lib/python3.8/dist-packages/_pytest/config/__init__.py:1114: PytestAssertRewriteWarning: Module already imported so cannot be rewritten: apiritif
    self._mark_plugins_for_rewrite(hook)

-- Docs: https://docs.pytest.org/en/stable/warnings.html
======================== 14 passed, 1 warning in 12.06s ========================
============================= test session starts ==============================
platform linux -- Python 3.8.0, pytest-6.2.2, py-1.10.0, pluggy-0.13.1
rootdir: /dc-app-performance-toolkit/app
plugins: apiritif-0.9.6
collected 14 items

selenium_ui/jira_ui.py get driver from global
1612548775255,102,selenium_login:open_login_page,Success,True
1612548775761,506,selenium_login:login_and_view_dashboard,Success,True
1612548775761,608,selenium_login,Success,True
.test_0_selenium_a_login,Total:323 Passed:323 Failed:0
1612548776038,259,selenium_browse_projects_list,Success,True
.test_1_selenium_browse_projects_list,Total:324 Passed:324 Failed:0
1612548776311,271,selenium_browse_boards_list,Success,True
.test_1_selenium_browse_boards_list,Total:325 Passed:325 Failed:0
1612548777055,735,selenium_create_issue:open_quick_create,Success,True
1612548778215,616,selenium_create_issue:fill_and_submit_issue_form:submit_issue_form,Success,True
1612548778215,1159,selenium_create_issue:fill_and_submit_issue_form,Success,True
1612548778215,1895,selenium_create_issue,Success,True
.test_1_selenium_create_issue,Total:326 Passed:326 Failed:0
1612548778892,669,selenium_edit_issue:open_edit_issue_form,Success,True
1612548779714,554,selenium_edit_issue:save_edit_issue_form,Success,True
1612548779714,1491,selenium_edit_issue,Success,True
.test_1_selenium_edit_issue,Total:327 Passed:327 Failed:0
1612548780137,421,selenium_save_comment:open_comment_form,Success,True
1612548780964,726,selenium_save_comment:submit_form,Success,True
1612548780964,1248,selenium_save_comment,Success,True
.test_1_selenium_save_comment,Total:328 Passed:328 Failed:0
1612548782163,1197,selenium_search_jql,Success,True
.test_1_selenium_search_jql,Total:329 Passed:329 Failed:0
1612548782953,788,selenium_view_scrum_board_backlog,Success,True
.test_1_selenium_view_backlog_for_scrum_board,Total:330 Passed:330 Failed:0
1612548783747,792,selenium_view_scrum_board,Success,True
.test_1_selenium_view_scrum_board,Total:331 Passed:331 Failed:0
1612548784664,916,selenium_view_kanban_board,Success,True
.test_1_selenium_view_kanban_board,Total:332 Passed:332 Failed:0
1612548785156,490,selenium_view_dashboard,Success,True
.test_1_selenium_view_dashboard,Total:333 Passed:333 Failed:0
1612548785773,615,selenium_view_issue,Success,True
.test_1_selenium_view_issue,Total:334 Passed:334 Failed:0
1612548786230,455,selenium_project_summary,Success,True
.test_1_selenium_view_project_summary,Total:335 Passed:335 Failed:0
1612548786562,330,selenium_log_out,Success,True
.test_2_selenium_z_log_out,Total:336 Passed:336 Failed:0


=============================== warnings summary ===============================
../../usr/local/lib/python3.8/dist-packages/_pytest/config/__init__.py:1114
  /usr/local/lib/python3.8/dist-packages/_pytest/config/__init__.py:1114: PytestAssertRewriteWarning: Module already imported so cannot be rewritten: apiritif
    self._mark_plugins_for_rewrite(hook)

-- Docs: https://docs.pytest.org/en/stable/warnings.html
======================== 14 passed, 1 warning in 11.42s ========================
============================= test session starts ==============================
platform linux -- Python 3.8.0, pytest-6.2.2, py-1.10.0, pluggy-0.13.1
rootdir: /dc-app-performance-toolkit/app
plugins: apiritif-0.9.6
collected 14 items

selenium_ui/jira_ui.py get driver from global
1612548786743,119,selenium_login:open_login_page,Success,True
1612548787182,438,selenium_login:login_and_view_dashboard,Success,True
1612548787182,558,selenium_login,Success,True
.test_0_selenium_a_login,Total:337 Passed:337 Failed:0
1612548787533,337,selenium_browse_projects_list,Success,True
.test_1_selenium_browse_projects_list,Total:338 Passed:338 Failed:0
1612548787796,261,selenium_browse_boards_list,Success,True
.test_1_selenium_browse_boards_list,Total:339 Passed:339 Failed:0
1612548788450,645,selenium_create_issue:open_quick_create,Success,True
1612548789550,606,selenium_create_issue:fill_and_submit_issue_form:submit_issue_form,Success,True
1612548789550,1099,selenium_create_issue:fill_and_submit_issue_form,Success,True
1612548789550,1745,selenium_create_issue,Success,True
.test_1_selenium_create_issue,Total:340 Passed:340 Failed:0
1612548790036,477,selenium_edit_issue:open_edit_issue_form,Success,True
1612548791068,555,selenium_edit_issue:save_edit_issue_form,Success,True
1612548791068,1509,selenium_edit_issue,Success,True
.test_1_selenium_edit_issue,Total:341 Passed:341 Failed:0
1612548791431,361,selenium_save_comment:open_comment_form,Success,True
1612548792288,701,selenium_save_comment:submit_form,Success,True
1612548792288,1218,selenium_save_comment,Success,True
.test_1_selenium_save_comment,Total:342 Passed:342 Failed:0
1612548793523,1234,selenium_search_jql,Success,True
.test_1_selenium_search_jql,Total:343 Passed:343 Failed:0
1612548794309,784,selenium_view_scrum_board_backlog,Success,True
.test_1_selenium_view_backlog_for_scrum_board,Total:344 Passed:344 Failed:0
1612548795202,891,selenium_view_scrum_board,Success,True
.test_1_selenium_view_scrum_board,Total:345 Passed:345 Failed:0
1612548796052,848,selenium_view_kanban_board,Success,True
.test_1_selenium_view_kanban_board,Total:346 Passed:346 Failed:0
1612548796744,690,selenium_view_dashboard,Success,True
.test_1_selenium_view_dashboard,Total:347 Passed:347 Failed:0
1612548797351,605,selenium_view_issue,Success,True
.test_1_selenium_view_issue,Total:348 Passed:348 Failed:0
1612548797767,415,selenium_project_summary,Success,True
.test_1_selenium_view_project_summary,Total:349 Passed:349 Failed:0
1612548798088,319,selenium_log_out,Success,True
.test_2_selenium_z_log_out,Total:350 Passed:350 Failed:0


=============================== warnings summary ===============================
../../usr/local/lib/python3.8/dist-packages/_pytest/config/__init__.py:1114
  /usr/local/lib/python3.8/dist-packages/_pytest/config/__init__.py:1114: PytestAssertRewriteWarning: Module already imported so cannot be rewritten: apiritif
    self._mark_plugins_for_rewrite(hook)

-- Docs: https://docs.pytest.org/en/stable/warnings.html
======================== 14 passed, 1 warning in 11.47s ========================
============================= test session starts ==============================
platform linux -- Python 3.8.0, pytest-6.2.2, py-1.10.0, pluggy-0.13.1
rootdir: /dc-app-performance-toolkit/app
plugins: apiritif-0.9.6
collected 14 items

selenium_ui/jira_ui.py get driver from global
1612548798267,101,selenium_login:open_login_page,Success,True
1612548798747,479,selenium_login:login_and_view_dashboard,Success,True
1612548798747,581,selenium_login,Success,True
.test_0_selenium_a_login,Total:351 Passed:351 Failed:0
1612548799082,316,selenium_browse_projects_list,Success,True
.test_1_selenium_browse_projects_list,Total:352 Passed:352 Failed:0
1612548799343,259,selenium_browse_boards_list,Success,True
.test_1_selenium_browse_boards_list,Total:353 Passed:353 Failed:0
1612548799995,644,selenium_create_issue:open_quick_create,Success,True
1612548801136,604,selenium_create_issue:fill_and_submit_issue_form:submit_issue_form,Success,True
1612548801136,1140,selenium_create_issue:fill_and_submit_issue_form,Success,True
1612548801136,1786,selenium_create_issue,Success,True
.test_1_selenium_create_issue,Total:354 Passed:354 Failed:0
1612548801632,487,selenium_edit_issue:open_edit_issue_form,Success,True
1612548802598,518,selenium_edit_issue:save_edit_issue_form,Success,True
1612548802598,1453,selenium_edit_issue,Success,True
.test_1_selenium_edit_issue,Total:355 Passed:355 Failed:0
1612548802999,399,selenium_save_comment:open_comment_form,Success,True
1612548803807,681,selenium_save_comment:submit_form,Success,True
1612548803807,1208,selenium_save_comment,Success,True
.test_1_selenium_save_comment,Total:356 Passed:356 Failed:0
1612548804996,1187,selenium_search_jql,Success,True
.test_1_selenium_search_jql,Total:357 Passed:357 Failed:0
1612548805781,783,selenium_view_scrum_board_backlog,Success,True
.test_1_selenium_view_backlog_for_scrum_board,Total:358 Passed:358 Failed:0
1612548806655,872,selenium_view_scrum_board,Success,True
.test_1_selenium_view_scrum_board,Total:359 Passed:359 Failed:0
1612548807968,1312,selenium_view_kanban_board,Success,True
.test_1_selenium_view_kanban_board,Total:360 Passed:360 Failed:0
1612548808449,479,selenium_view_dashboard,Success,True
.test_1_selenium_view_dashboard,Total:361 Passed:361 Failed:0
1612548808968,518,selenium_view_issue,Success,True
.test_1_selenium_view_issue,Total:362 Passed:362 Failed:0
1612548809333,363,selenium_project_summary,Success,True
.test_1_selenium_view_project_summary,Total:363 Passed:363 Failed:0
1612548809695,360,selenium_log_out,Success,True
[...]
.test_1_selenium_view_backlog_for_scrum_board,Total:3186 Passed:3186 Failed:0
1612551115740,777,selenium_view_scrum_board,Success,True
.test_1_selenium_view_scrum_board,Total:3187 Passed:3187 Failed:0
1612551116538,796,selenium_view_kanban_board,Success,True
.test_1_selenium_view_kanban_board,Total:3188 Passed:3188 Failed:0
1612551117217,678,selenium_view_dashboard,Success,True
.test_1_selenium_view_dashboard,Total:3189 Passed:3189 Failed:0
1612551117793,573,selenium_view_issue,Success,True
.test_1_selenium_view_issue,Total:3190 Passed:3190 Failed:0
1612551118180,386,selenium_project_summary,Success,True
.test_1_selenium_view_project_summary,Total:3191 Passed:3191 Failed:0
1612551118533,351,selenium_log_out,Success,True
.test_2_selenium_z_log_out,Total:3192 Passed:3192 Failed:0


=============================== warnings summary ===============================
../../usr/local/lib/python3.8/dist-packages/_pytest/config/__init__.py:1114
  /usr/local/lib/python3.8/dist-packages/_pytest/config/__init__.py:1114: PytestAssertRewriteWarning: Module already imported so cannot be rewritten: apiritif
    self._mark_plugins_for_rewrite(hook)

-- Docs: https://docs.pytest.org/en/stable/warnings.html
======================== 14 passed, 1 warning in 11.92s ========================
============================= test session starts ==============================
platform linux -- Python 3.8.0, pytest-6.2.2, py-1.10.0, pluggy-0.13.1
rootdir: /dc-app-performance-toolkit/app
plugins: apiritif-0.9.6
collected 14 items

selenium_ui/jira_ui.py get driver from global
1612551118686,104,selenium_login:open_login_page,Success,True
1612551119186,499,selenium_login:login_and_view_dashboard,Success,True
1612551119186,604,selenium_login,Success,True
.test_0_selenium_a_login,Total:3193 Passed:3193 Failed:0
1612551119455,258,selenium_browse_projects_list,Success,True
.test_1_selenium_browse_projects_list,Total:3194 Passed:3194 Failed:0
1612551119722,265,selenium_browse_boards_list,Success,True
.test_1_selenium_browse_boards_list,Total:3195 Passed:3195 Failed:0
1612551120466,733,selenium_create_issue:open_quick_create,Success,True
1612551121624,618,selenium_create_issue:fill_and_submit_issue_form:submit_issue_form,Success,True
1612551121624,1158,selenium_create_issue:fill_and_submit_issue_form,Success,True
1612551121624,1892,selenium_create_issue,Success,True
.test_1_selenium_create_issue,Total:3196 Passed:3196 Failed:0
1612551122119,486,selenium_edit_issue:open_edit_issue_form,Success,True
1612551123149,590,selenium_edit_issue:save_edit_issue_form,Success,True
1612551123149,1517,selenium_edit_issue,Success,True
.test_1_selenium_edit_issue,Total:3197 Passed:3197 Failed:0
1612551123522,371,selenium_save_comment:open_comment_form,Success,True
1612551124390,696,selenium_save_comment:submit_form,Success,True
1612551124391,1240,selenium_save_comment,Success,True
.test_1_selenium_save_comment,Total:3198 Passed:3198 Failed:0
1612551125617,1225,selenium_search_jql,Success,True
.test_1_selenium_search_jql,Total:3199 Passed:3199 Failed:0
1612551126402,783,selenium_view_scrum_board_backlog,Success,True
.test_1_selenium_view_backlog_for_scrum_board,Total:3200 Passed:3200 Failed:0
1612551127179,775,selenium_view_scrum_board,Success,True
.test_1_selenium_view_scrum_board,Total:3201 Passed:3201 Failed:0
1612551128525,1344,selenium_view_kanban_board,Success,True
.test_1_selenium_view_kanban_board,Total:3202 Passed:3202 Failed:0
1612551128998,471,selenium_view_dashboard,Success,True
.test_1_selenium_view_dashboard,Total:3203 Passed:3203 Failed:0
1612551129577,577,selenium_view_issue,Success,True
.test_1_selenium_view_issue,Total:3204 Passed:3204 Failed:0
1612551129890,312,selenium_project_summary,Success,True
.test_1_selenium_view_project_summary,Total:3205 Passed:3205 Failed:0
1612551130329,436,selenium_log_out,Success,True
.test_2_selenium_z_log_out,Total:3206 Passed:3206 Failed:0


=============================== warnings summary ===============================
../../usr/local/lib/python3.8/dist-packages/_pytest/config/__init__.py:1114
  /usr/local/lib/python3.8/dist-packages/_pytest/config/__init__.py:1114: PytestAssertRewriteWarning: Module already imported so cannot be rewritten: apiritif
    self._mark_plugins_for_rewrite(hook)

-- Docs: https://docs.pytest.org/en/stable/warnings.html
======================== 14 passed, 1 warning in 11.76s ========================
============================= test session starts ==============================
platform linux -- Python 3.8.0, pytest-6.2.2, py-1.10.0, pluggy-0.13.1
rootdir: /dc-app-performance-toolkit/app
plugins: apiritif-0.9.6
collected 14 items

selenium_ui/jira_ui.py get driver from global
1612551130481,101,selenium_login:open_login_page,Success,True
1612551130934,453,selenium_login:login_and_view_dashboard,Success,True
1612551130934,555,selenium_login,Success,True
.test_0_selenium_a_login,Total:3207 Passed:3207 Failed:0
1612551131299,350,selenium_browse_projects_list,Success,True
.test_1_selenium_browse_projects_list,Total:3208 Passed:3208 Failed:0
1612551131581,281,selenium_browse_boards_list,Success,True
.test_1_selenium_browse_boards_list,Total:3209 Passed:3209 Failed:0
1612551132243,652,selenium_create_issue:open_quick_create,Success,True
1612551133346,617,selenium_create_issue:fill_and_submit_issue_form:submit_issue_form,Success,True
1612551133346,1103,selenium_create_issue:fill_and_submit_issue_form,Success,True
1612551133346,1756,selenium_create_issue,Success,True
.test_1_selenium_create_issue,Total:3210 Passed:3210 Failed:0
1612551133841,485,selenium_edit_issue:open_edit_issue_form,Success,True
1612551134804,508,selenium_edit_issue:save_edit_issue_form,Success,True
1612551134805,1449,selenium_edit_issue,Success,True
.test_1_selenium_edit_issue,Total:3211 Passed:3211 Failed:0
1612551135179,373,selenium_save_comment:open_comment_form,Success,True
1612551136069,730,selenium_save_comment:submit_form,Success,True
1612551136069,1263,selenium_save_comment,Success,True
.test_1_selenium_save_comment,Total:3212 Passed:3212 Failed:0
1612551137240,1169,selenium_search_jql,Success,True
.test_1_selenium_search_jql,Total:3213 Passed:3213 Failed:0
1612551138580,1338,selenium_view_scrum_board_backlog,Success,True
.test_1_selenium_view_backlog_for_scrum_board,Total:3214 Passed:3214 Failed:0
1612551139356,774,selenium_view_scrum_board,Success,True
.test_1_selenium_view_scrum_board,Total:3215 Passed:3215 Failed:0
1612551140103,745,selenium_view_kanban_board,Success,True
.test_1_selenium_view_kanban_board,Total:3216 Passed:3216 Failed:0
1612551140660,555,selenium_view_dashboard,Success,True
.test_1_selenium_view_dashboard,Total:3217 Passed:3217 Failed:0
1612551141174,512,selenium_view_issue,Success,True
.test_1_selenium_view_issue,Total:3218 Passed:3218 Failed:0
1612551141665,489,selenium_project_summary,Success,True
.test_1_selenium_view_project_summary,Total:3219 Passed:3219 Failed:0
1612551141972,305,selenium_log_out,Success,True
.test_2_selenium_z_log_out,Total:3220 Passed:3220 Failed:0


=============================== warnings summary ===============================
../../usr/local/lib/python3.8/dist-packages/_pytest/config/__init__.py:1114
  /usr/local/lib/python3.8/dist-packages/_pytest/config/__init__.py:1114: PytestAssertRewriteWarning: Module already imported so cannot be rewritten: apiritif
    self._mark_plugins_for_rewrite(hook)

-- Docs: https://docs.pytest.org/en/stable/warnings.html
======================== 14 passed, 1 warning in 11.60s ========================
============================= test session starts ==============================
platform linux -- Python 3.8.0, pytest-6.2.2, py-1.10.0, pluggy-0.13.1
rootdir: /dc-app-performance-toolkit/app
plugins: apiritif-0.9.6
collected 14 items

selenium_ui/jira_ui.py get driver from global
1612551142139,106,selenium_login:open_login_page,Success,True
1612551142642,502,selenium_login:login_and_view_dashboard,Success,True
1612551142642,609,selenium_login,Success,True
.test_0_selenium_a_login,Total:3221 Passed:3221 Failed:0
1612551142905,252,selenium_browse_projects_list,Success,True
.test_1_selenium_browse_projects_list,Total:3222 Passed:3222 Failed:0
1612551143199,293,selenium_browse_boards_list,Success,True
.test_1_selenium_browse_boards_list,Total:3223 Passed:3223 Failed:0
1612551143860,651,selenium_create_issue:open_quick_create,Success,True
1612551145062,609,selenium_create_issue:fill_and_submit_issue_form:submit_issue_form,Success,True
1612551145062,1201,selenium_create_issue:fill_and_submit_issue_form,Success,True
1612551145062,1853,selenium_create_issue,Success,True
.test_1_selenium_create_issue,Total:3224 Passed:3224 Failed:0
1612551145662,592,selenium_edit_issue:open_edit_issue_form,Success,True
1612551146523,525,selenium_edit_issue:save_edit_issue_form,Success,True
1612551146524,1453,selenium_edit_issue,Success,True
.test_1_selenium_edit_issue,Total:3225 Passed:3225 Failed:0
1612551146882,357,selenium_save_comment:open_comment_form,Success,True
1612551147744,705,selenium_save_comment:submit_form,Success,True
1612551147744,1219,selenium_save_comment,Success,True
.test_1_selenium_save_comment,Total:3226 Passed:3226 Failed:0
1612551148915,1169,selenium_search_jql,Success,True
.test_1_selenium_search_jql,Total:3227 Passed:3227 Failed:0
1612551149705,788,selenium_view_scrum_board_backlog,Success,True
.test_1_selenium_view_backlog_for_scrum_board,Total:3228 Passed:3228 Failed:0
1612551150482,775,selenium_view_scrum_board,Success,True
.test_1_selenium_view_scrum_board,Total:3229 Passed:3229 Failed:0
1612551151078,595,selenium_view_kanban_board,Success,True
.test_1_selenium_view_kanban_board,Total:3230 Passed:3230 Failed:0
1612551151606,526,selenium_view_dashboard,Success,True
.test_1_selenium_view_dashboard,Total:3231 Passed:3231 Failed:0
1612551152189,581,selenium_view_issue,Success,True
.test_1_selenium_view_issue,Total:3232 Passed:3232 Failed:0
1612551152567,376,selenium_project_summary,Success,True
.test_1_selenium_view_project_summary,Total:3233 Passed:3233 Failed:0
1612551152883,314,selenium_log_out,Success,True
.test_2_selenium_z_log_out,Total:3234 Passed:3234 Failed:0


=============================== warnings summary ===============================
../../usr/local/lib/python3.8/dist-packages/_pytest/config/__init__.py:1114
  /usr/local/lib/python3.8/dist-packages/_pytest/config/__init__.py:1114: PytestAssertRewriteWarning: Module already imported so cannot be rewritten: apiritif
    self._mark_plugins_for_rewrite(hook)

-- Docs: https://docs.pytest.org/en/stable/warnings.html
======================== 14 passed, 1 warning in 10.86s ========================
============================= test session starts ==============================
platform linux -- Python 3.8.0, pytest-6.2.2, py-1.10.0, pluggy-0.13.1
rootdir: /dc-app-performance-toolkit/app
plugins: apiritif-0.9.6
collected 14 items

selenium_ui/jira_ui.py get driver from global
1612551153040,104,selenium_login:open_login_page,Success,True
1612551153531,491,selenium_login:login_and_view_dashboard,Success,True
1612551153531,595,selenium_login,Success,True
.test_0_selenium_a_login,Total:3235 Passed:3235 Failed:0
1612551153812,270,selenium_browse_projects_list,Success,True
.test_1_selenium_browse_projects_list,Total:3236 Passed:3236 Failed:0
1612551154076,263,selenium_browse_boards_list,Success,True
.test_1_selenium_browse_boards_list,Total:3237 Passed:3237 Failed:0
1612551154931,846,selenium_create_issue:open_quick_create,Success,True
1612551156134,618,selenium_create_issue:fill_and_submit_issue_form:submit_issue_form,Success,True
1612551156134,1202,selenium_create_issue:fill_and_submit_issue_form,Success,True
1612551156134,2049,selenium_create_issue,Success,True
.test_1_selenium_create_issue,Total:3238 Passed:3238 Failed:0
1612551156728,585,selenium_edit_issue:open_edit_issue_form,Success,True
1612551157632,545,selenium_edit_issue:save_edit_issue_form,Success,True
1612551157632,1490,selenium_edit_issue,Success,True
.test_1_selenium_edit_issue,Total:3239 Passed:3239 Failed:0
1612551157962,328,selenium_save_comment:open_comment_form,Success,True
1612551158909,760,selenium_save_comment:submit_form,Success,True
1612551158910,1276,selenium_save_comment,Success,True
.test_1_selenium_save_comment,Total:3240 Passed:3240 Failed:0
1612551160101,1190,selenium_search_jql,Success,True
.test_1_selenium_search_jql,Total:3241 Passed:3241 Failed:0
1612551161429,1326,selenium_view_scrum_board_backlog,Success,True
.test_1_selenium_view_backlog_for_scrum_board,Total:3242 Passed:3242 Failed:0
1612551162233,803,selenium_view_scrum_board,Success,True
.test_1_selenium_view_scrum_board,Total:3243 Passed:3243 Failed:0
1612551162870,635,selenium_view_kanban_board,Success,True
.test_1_selenium_view_kanban_board,Total:3244 Passed:3244 Failed:0
1612551163396,524,selenium_view_dashboard,Success,True
.test_1_selenium_view_dashboard,Total:3245 Passed:3245 Failed:0
1612551164024,626,selenium_view_issue,Success,True
.test_1_selenium_view_issue,Total:3246 Passed:3246 Failed:0
1612551164444,418,selenium_project_summary,Success,True
.test_1_selenium_view_project_summary,Total:3247 Passed:3247 Failed:0
1612551164809,363,selenium_log_out,Success,True
.test_2_selenium_z_log_out,Total:3248 Passed:3248 Failed:0


=============================== warnings summary ===============================
../../usr/local/lib/python3.8/dist-packages/_pytest/config/__init__.py:1114
  /usr/local/lib/python3.8/dist-packages/_pytest/config/__init__.py:1114: PytestAssertRewriteWarning: Module already imported so cannot be rewritten: apiritif
    self._mark_plugins_for_rewrite(hook)

-- Docs: https://docs.pytest.org/en/stable/warnings.html
======================== 14 passed, 1 warning in 11.88s ========================
============================= test session starts ==============================
platform linux -- Python 3.8.0, pytest-6.2.2, py-1.10.0, pluggy-0.13.1
rootdir: /dc-app-performance-toolkit/app
plugins: apiritif-0.9.6
collected 14 items

selenium_ui/jira_ui.py get driver from global
1612551164961,102,selenium_login:open_login_page,Success,True
1612551165409,448,selenium_login:login_and_view_dashboard,Success,True
1612551165410,551,selenium_login,Success,True
.test_0_selenium_a_login,Total:3249 Passed:3249 Failed:0
1612551165762,337,selenium_browse_projects_list,Success,True
.test_1_selenium_browse_projects_list,Total:3250 Passed:3250 Failed:0
1612551166033,270,selenium_browse_boards_list,Success,True
.test_1_selenium_browse_boards_list,Total:3251 Passed:3251 Failed:0
1612551166675,633,selenium_create_issue:open_quick_create,Success,True
1612551167789,600,selenium_create_issue:fill_and_submit_issue_form:submit_issue_form,Success,True
1612551167789,1113,selenium_create_issue:fill_and_submit_issue_form,Success,True
1612551167789,1747,selenium_create_issue,Success,True
.test_1_selenium_create_issue,Total:3252 Passed:3252 Failed:0
1612551168303,505,selenium_edit_issue:open_edit_issue_form,Success,True
1612551169250,509,selenium_edit_issue:save_edit_issue_form,Success,True
1612551169250,1453,selenium_edit_issue,Success,True
.test_1_selenium_edit_issue,Total:3253 Passed:3253 Failed:0
1612551169659,407,selenium_save_comment:open_comment_form,Success,True
1612551170484,695,selenium_save_comment:submit_form,Success,True
1612551170484,1232,selenium_save_comment,Success,True
.test_1_selenium_save_comment,Total:3254 Passed:3254 Failed:0
1612551171663,1177,selenium_search_jql,Success,True
.test_1_selenium_search_jql,Total:3255 Passed:3255 Failed:0
1612551172966,1301,selenium_view_scrum_board_backlog,Success,True
.test_1_selenium_view_backlog_for_scrum_board,Total:3256 Passed:3256 Failed:0
1612551173742,774,selenium_view_scrum_board,Success,True
.test_1_selenium_view_scrum_board,Total:3257 Passed:3257 Failed:0
1612551174380,637,selenium_view_kanban_board,Success,True
.test_1_selenium_view_kanban_board,Total:3258 Passed:3258 Failed:0
1612551174757,375,selenium_view_dashboard,Success,True
.test_1_selenium_view_dashboard,Total:3259 Passed:3259 Failed:0
1612551175344,585,selenium_view_issue,Success,True
.test_1_selenium_view_issue,Total:3260 Passed:3260 Failed:0
1612551175848,501,selenium_project_summary,Success,True
.test_1_selenium_view_project_summary,Total:3261 Passed:3261 Failed:0
1612551176197,347,selenium_log_out,Success,True
.test_2_selenium_z_log_out,Total:3262 Passed:3262 Failed:0


=============================== warnings summary ===============================
../../usr/local/lib/python3.8/dist-packages/_pytest/config/__init__.py:1114
  /usr/local/lib/python3.8/dist-packages/_pytest/config/__init__.py:1114: PytestAssertRewriteWarning: Module already imported so cannot be rewritten: apiritif
    self._mark_plugins_for_rewrite(hook)

-- Docs: https://docs.pytest.org/en/stable/warnings.html
======================== 14 passed, 1 warning in 11.35s ========================
============================= test session starts ==============================
platform linux -- Python 3.8.0, pytest-6.2.2, py-1.10.0, pluggy-0.13.1
rootdir: /dc-app-performance-toolkit/app
plugins: apiritif-0.9.6
collected 14 items

selenium_ui/jira_ui.py get driver from global
1612551176349,104,selenium_login:open_login_page,Success,True
1612551176791,441,selenium_login:login_and_view_dashboard,Success,True
1612551176791,546,selenium_login,Success,True
.test_0_selenium_a_login,Total:3263 Passed:3263 Failed:0
1612551177144,327,selenium_browse_projects_list,Success,True
.test_1_selenium_browse_projects_list,Total:3264 Passed:3264 Failed:0
1612551177406,260,selenium_browse_boards_list,Success,True
.test_1_selenium_browse_boards_list,Total:3265 Passed:3265 Failed:0
1612551178145,730,selenium_create_issue:open_quick_create,Success,True
1612551179326,607,selenium_create_issue:fill_and_submit_issue_form:submit_issue_form,Success,True
1612551179326,1181,selenium_create_issue:fill_and_submit_issue_form,Success,True
1612551179326,1912,selenium_create_issue,Success,True
.test_1_selenium_create_issue,Total:3266 Passed:3266 Failed:0
1612551179911,576,selenium_edit_issue:open_edit_issue_form,Success,True
1612551180757,486,selenium_edit_issue:save_edit_issue_form,Success,True
1612551180757,1422,selenium_edit_issue,Success,True
.test_1_selenium_edit_issue,Total:3267 Passed:3267 Failed:0
1612551181128,369,selenium_save_comment:open_comment_form,Success,True
1612551182136,859,selenium_save_comment:submit_form,Success,True
1612551182136,1377,selenium_save_comment,Success,True
.test_1_selenium_save_comment,Total:3268 Passed:3268 Failed:0
1612551183300,1162,selenium_search_jql,Success,True
.test_1_selenium_search_jql,Total:3269 Passed:3269 Failed:0
1612551184609,1308,selenium_view_scrum_board_backlog,Success,True
.test_1_selenium_view_backlog_for_scrum_board,Total:3270 Passed:3270 Failed:0
1612551185415,805,selenium_view_scrum_board,Success,True
.test_1_selenium_view_scrum_board,Total:3271 Passed:3271 Failed:0
1612551186263,846,selenium_view_kanban_board,Success,True
.test_1_selenium_view_kanban_board,Total:3272 Passed:3272 Failed:0
1612551186931,666,selenium_view_dashboard,Success,True
.test_1_selenium_view_dashboard,Total:3273 Passed:3273 Failed:0
1612551187548,615,selenium_view_issue,Success,True
.test_1_selenium_view_issue,Total:3274 Passed:3274 Failed:0
1612551187852,303,selenium_project_summary,Success,True
.test_1_selenium_view_project_summary,Total:3275 Passed:3275 Failed:0
1612551188243,388,selenium_log_out,Success,True
.test_2_selenium_z_log_out,Total:3276 Passed:3276 Failed:0


=============================== warnings summary ===============================
../../usr/local/lib/python3.8/dist-packages/_pytest/config/__init__.py:1114
  /usr/local/lib/python3.8/dist-packages/_pytest/config/__init__.py:1114: PytestAssertRewriteWarning: Module already imported so cannot be rewritten: apiritif
    self._mark_plugins_for_rewrite(hook)

-- Docs: https://docs.pytest.org/en/stable/warnings.html
======================== 14 passed, 1 warning in 12.01s ========================
